#
# There is insufficient memory for the Java Runtime Environment to continue.
# Native memory allocation (mmap) failed to map 259522560 bytes for committing reserved memory.
# Possible reasons:
#   The system is out of physical RAM or swap space
#   In 32 bit mode, the process size limit was hit
# Possible solutions:
#   Reduce memory load on the system
#   Increase physical memory or swap space
#   Check if swap backing store is full
#   Use 64 bit Java on a 64 bit OS
#   Decrease Java heap size (-Xmx/-Xms)
#   Decrease number of Java threads
#   Decrease Java thread stack sizes (-Xss)
#   Set larger code cache with -XX:ReservedCodeCacheSize=
# This output file may be truncated or incomplete.
#
#  Out of Memory Error (os_linux.cpp:2627), pid=17951, tid=0x00007f04c37f7700
#
# JRE version: OpenJDK Runtime Environment (8.0_112-b06) (build 1.8.0_112-release-b06)
# Java VM: OpenJDK 64-Bit Server VM (25.112-b06 mixed mode linux-amd64 compressed oops)
# Failed to write core dump. Core dumps have been disabled. To enable core dumping, try "ulimit -c unlimited" before starting Java again
#

---------------  T H R E A D  ---------------

Current thread (0x00007f04e007b000):  VMThread [stack: 0x00007f04c36f7000,0x00007f04c37f8000] [id=17960]

Stack: [0x00007f04c36f7000,0x00007f04c37f8000],  sp=0x00007f04c37f64d0,  free space=1021k
Native frames: (J=compiled Java code, j=interpreted, Vv=VM code, C=native code)
V  [libjvm.so+0x9e465d]  VMError::report_and_die()+0x15d
V  [libjvm.so+0x4b6ada]  report_vm_out_of_memory(char const*, int, unsigned long, VMErrorType, char const*)+0x8a
V  [libjvm.so+0x84c860]  os::pd_commit_memory(char*, unsigned long, unsigned long, bool)+0xf0
V  [libjvm.so+0x84737f]  os::commit_memory(char*, unsigned long, unsigned long, bool)+0x1f
V  [libjvm.so+0x8bd3db]  PSVirtualSpace::expand_by(unsigned long)+0x5b
V  [libjvm.so+0x8ae1bb]  PSOldGen::expand_by(unsigned long) [clone .part.109]+0x1b
V  [libjvm.so+0x8ae37b]  PSOldGen::expand(unsigned long) [clone .part.111]+0xdb
V  [libjvm.so+0x8aec58]  PSOldGen::resize(unsigned long)+0x188
V  [libjvm.so+0x8b426c]  PSParallelCompact::invoke_no_policy(bool)+0x97c
V  [libjvm.so+0x8bb37d]  PSScavenge::invoke()+0x17d
V  [libjvm.so+0x86fcf3]  ParallelScavengeHeap::failed_mem_allocate(unsigned long)+0x63
V  [libjvm.so+0x9e6124]  VM_ParallelGCFailedAllocation::doit()+0x84
V  [libjvm.so+0x9ea537]  VM_Operation::evaluate()+0x47
V  [libjvm.so+0x9e8ff8]  VMThread::evaluate_operation(VM_Operation*)+0x2c8
V  [libjvm.so+0x9e9479]  VMThread::loop()+0x219
V  [libjvm.so+0x9e98c2]  VMThread::run()+0x72
V  [libjvm.so+0x849c82]  java_start(Thread*)+0xf2

VM_Operation (0x00007f04c2c151d0): ParallelGCFailedAllocation, mode: safepoint, requested by thread 0x00007f04e014d800


---------------  P R O C E S S  ---------------

Java Threads: ( => current thread )
  0x00007f04e015e800 JavaThread "pool-1-thread-4" [_thread_blocked, id=17974, stack(0x00007f04c2712000,0x00007f04c2813000)]
  0x00007f04e0152800 JavaThread "pool-1-thread-3" [_thread_blocked, id=17973, stack(0x00007f04c2813000,0x00007f04c2914000)]
  0x00007f04e0150800 JavaThread "pool-1-thread-2" [_thread_blocked, id=17972, stack(0x00007f04c2914000,0x00007f04c2a15000)]
  0x00007f04e014f000 JavaThread "pool-2-thread-1" [_thread_blocked, id=17971, stack(0x00007f04c2a15000,0x00007f04c2b16000)]
  0x00007f04e014d800 JavaThread "pool-1-thread-1" [_thread_blocked, id=17970, stack(0x00007f04c2b16000,0x00007f04c2c17000)]
  0x00007f04e00c3000 JavaThread "Service Thread" daemon [_thread_blocked, id=17967, stack(0x00007f04c2d18000,0x00007f04c2e19000)]
  0x00007f04e00c0000 JavaThread "C1 CompilerThread2" daemon [_thread_blocked, id=17966, stack(0x00007f04c2e19000,0x00007f04c2f1a000)]
  0x00007f04e00be000 JavaThread "C2 CompilerThread1" daemon [_thread_blocked, id=17965, stack(0x00007f04c2f1a000,0x00007f04c301b000)]
  0x00007f04e00bb000 JavaThread "C2 CompilerThread0" daemon [_thread_blocked, id=17964, stack(0x00007f04c301b000,0x00007f04c311c000)]
  0x00007f04e00b9800 JavaThread "Signal Dispatcher" daemon [_thread_blocked, id=17963, stack(0x00007f04c311c000,0x00007f04c321d000)]
  0x00007f04e0087000 JavaThread "Finalizer" daemon [_thread_blocked, id=17962, stack(0x00007f04c34f5000,0x00007f04c35f6000)]
  0x00007f04e0082800 JavaThread "Reference Handler" daemon [_thread_blocked, id=17961, stack(0x00007f04c35f6000,0x00007f04c36f7000)]
  0x00007f04e000d800 JavaThread "main" [_thread_blocked, id=17955, stack(0x00007f04e8e4c000,0x00007f04e8f4d000)]

Other Threads:
=>0x00007f04e007b000 VMThread [stack: 0x00007f04c36f7000,0x00007f04c37f8000] [id=17960]
  0x00007f04e00c5800 WatcherThread [stack: 0x00007f04c2c17000,0x00007f04c2d18000] [id=17968]

VM state:at safepoint (normal execution)

VM Mutex/Monitor currently owned by a thread:  ([mutex/lock_event])
[0x00007f04e0009570] ExpandHeap_lock - owner thread: 0x00007f04e007b000
[0x00007f04e0009bf0] Threads_lock - owner thread: 0x00007f04e007b000
[0x00007f04e000a0f0] Heap_lock - owner thread: 0x00007f04e014d800

Heap:
 PSYoungGen      total 675840K, used 6475K [0x000000076ab00000, 0x000000079e100000, 0x00000007c0000000)
  eden space 541184K, 0% used [0x000000076ab00000,0x000000076ab00000,0x000000078bb80000)
  from space 134656K, 4% used [0x0000000793e80000,0x00000007944d2d10,0x000000079c200000)
  to   space 134144K, 0% used [0x000000078bb80000,0x000000078bb80000,0x0000000793e80000)
 ParOldGen       total 467456K, used 467191K [0x00000006c0000000, 0x00000006dc880000, 0x000000076ab00000)
  object space 467456K, 99% used [0x00000006c0000000,0x00000006dc83dcf8,0x00000006dc880000)
 Metaspace       used 6612K, capacity 7280K, committed 7552K, reserved 1056768K
  class space    used 597K, capacity 616K, committed 640K, reserved 1048576K

Card table byte_map: [0x00007f04e54e4000,0x00007f04e5ce5000] byte_map_base: 0x00007f04e1ee4000

Marking Bits: (ParMarkBitMap*) 0x00007f04e8321340
 Begin Bits: [0x00007f04b4000000, 0x00007f04b8000000)
 End Bits:   [0x00007f04b8000000, 0x00007f04bc000000)

Polling page: 0x00007f04e8f73000

CodeCache: size=245760Kb used=10675Kb max_used=11563Kb free=235084Kb
 bounds [0x00007f04d1000000, 0x00007f04d1b70000, 0x00007f04e0000000]
 total_blobs=2507 nmethods=2238 adapters=183
 compilation: enabled

Compilation events (10 events):
Event: 17.838 Thread 0x00007f04e00c0000 2844       2       com.android.dx.util.ListIntSet::add (26 bytes)
Event: 17.839 Thread 0x00007f04e00c0000 nmethod 2844 0x00007f04d1173990 code [0x00007f04d1173b00, 0x00007f04d1173cd8]
Event: 17.840 Thread 0x00007f04e00c0000 2847       2       com.android.dx.util.ListIntSet$1::hasNext (23 bytes)
Event: 17.840 Thread 0x00007f04e00c0000 nmethod 2847 0x00007f04d11d3e50 code [0x00007f04d11d3fc0, 0x00007f04d11d4130]
Event: 17.840 Thread 0x00007f04e00c0000 2848       2       com.android.dx.util.ListIntSet::iterator (9 bytes)
Event: 17.840 Thread 0x00007f04e00c0000 nmethod 2848 0x00007f04d11e66d0 code [0x00007f04d11e6840, 0x00007f04d11e69f0]
Event: 17.840 Thread 0x00007f04e00c0000 2849       2       com.android.dx.util.ListIntSet$1::<init> (15 bytes)
Event: 17.840 Thread 0x00007f04e00c0000 nmethod 2849 0x00007f04d12fe410 code [0x00007f04d12fe560, 0x00007f04d12fe6d0]
Event: 17.840 Thread 0x00007f04e00c0000 2850       2       com.android.dx.util.ListIntSet$1::next (37 bytes)
Event: 17.840 Thread 0x00007f04e00c0000 nmethod 2850 0x00007f04d152ed10 code [0x00007f04d152eea0, 0x00007f04d152f0f8]

GC Heap History (10 events):
Event: 12.217 GC heap after
Heap after GC invocations=15 (full 2):
 PSYoungGen      total 478720K, used 90103K [0x000000076ab00000, 0x0000000794e80000, 0x00000007c0000000)
  eden space 388608K, 0% used [0x000000076ab00000,0x000000076ab00000,0x0000000782680000)
  from space 90112K, 99% used [0x0000000782680000,0x0000000787e7df18,0x0000000787e80000)
  to   space 114688K, 0% used [0x000000078de80000,0x000000078de80000,0x0000000794e80000)
 ParOldGen       total 286720K, used 193896K [0x00000006c0000000, 0x00000006d1800000, 0x000000076ab00000)
  object space 286720K, 67% used [0x00000006c0000000,0x00000006cbd5a0a0,0x00000006d1800000)
 Metaspace       used 6604K, capacity 7280K, committed 7552K, reserved 1056768K
  class space    used 597K, capacity 616K, committed 640K, reserved 1048576K
}
Event: 13.505 GC heap before
{Heap before GC invocations=16 (full 2):
 PSYoungGen      total 478720K, used 478711K [0x000000076ab00000, 0x0000000794e80000, 0x00000007c0000000)
  eden space 388608K, 100% used [0x000000076ab00000,0x0000000782680000,0x0000000782680000)
  from space 90112K, 99% used [0x0000000782680000,0x0000000787e7df18,0x0000000787e80000)
  to   space 114688K, 0% used [0x000000078de80000,0x000000078de80000,0x0000000794e80000)
 ParOldGen       total 286720K, used 193896K [0x00000006c0000000, 0x00000006d1800000, 0x000000076ab00000)
  object space 286720K, 67% used [0x00000006c0000000,0x00000006cbd5a0a0,0x00000006d1800000)
 Metaspace       used 6605K, capacity 7280K, committed 7552K, reserved 1056768K
  class space    used 597K, capacity 616K, committed 640K, reserved 1048576K
Event: 13.700 GC heap after
Heap after GC invocations=16 (full 2):
 PSYoungGen      total 577536K, used 61874K [0x000000076ab00000, 0x0000000795380000, 0x00000007c0000000)
  eden space 462848K, 0% used [0x000000076ab00000,0x000000076ab00000,0x0000000786f00000)
  from space 114688K, 53% used [0x000000078de80000,0x0000000791aeca98,0x0000000794e80000)
  to   space 114176K, 0% used [0x0000000786f00000,0x0000000786f00000,0x000000078de80000)
 ParOldGen       total 286720K, used 284196K [0x00000006c0000000, 0x00000006d1800000, 0x000000076ab00000)
  object space 286720K, 99% used [0x00000006c0000000,0x00000006d15892f0,0x00000006d1800000)
 Metaspace       used 6605K, capacity 7280K, committed 7552K, reserved 1056768K
  class space    used 597K, capacity 616K, committed 640K, reserved 1048576K
}
Event: 13.700 GC heap before
{Heap before GC invocations=17 (full 3):
 PSYoungGen      total 577536K, used 61874K [0x000000076ab00000, 0x0000000795380000, 0x00000007c0000000)
  eden space 462848K, 0% used [0x000000076ab00000,0x000000076ab00000,0x0000000786f00000)
  from space 114688K, 53% used [0x000000078de80000,0x0000000791aeca98,0x0000000794e80000)
  to   space 114176K, 0% used [0x0000000786f00000,0x0000000786f00000,0x000000078de80000)
 ParOldGen       total 286720K, used 284196K [0x00000006c0000000, 0x00000006d1800000, 0x000000076ab00000)
  object space 286720K, 99% used [0x00000006c0000000,0x00000006d15892f0,0x00000006d1800000)
 Metaspace       used 6605K, capacity 7280K, committed 7552K, reserved 1056768K
  class space    used 597K, capacity 616K, committed 640K, reserved 1048576K
Event: 15.121 GC heap after
Heap after GC invocations=17 (full 3):
 PSYoungGen      total 577536K, used 54305K [0x000000076ab00000, 0x0000000795380000, 0x00000007c0000000)
  eden space 462848K, 0% used [0x000000076ab00000,0x000000076ab00000,0x0000000786f00000)
  from space 114688K, 47% used [0x000000078de80000,0x0000000791388538,0x0000000794e80000)
  to   space 114176K, 0% used [0x0000000786f00000,0x0000000786f00000,0x000000078de80000)
 ParOldGen       total 467456K, used 286359K [0x00000006c0000000, 0x00000006dc880000, 0x000000076ab00000)
  object space 467456K, 61% used [0x00000006c0000000,0x00000006d17a5e60,0x00000006dc880000)
 Metaspace       used 6605K, capacity 7280K, committed 7552K, reserved 1056768K
  class space    used 597K, capacity 616K, committed 640K, reserved 1048576K
}
Event: 16.567 GC heap before
{Heap before GC invocations=18 (full 3):
 PSYoungGen      total 577536K, used 517153K [0x000000076ab00000, 0x0000000795380000, 0x00000007c0000000)
  eden space 462848K, 100% used [0x000000076ab00000,0x0000000786f00000,0x0000000786f00000)
  from space 114688K, 47% used [0x000000078de80000,0x0000000791388538,0x0000000794e80000)
  to   space 114176K, 0% used [0x0000000786f00000,0x0000000786f00000,0x000000078de80000)
 ParOldGen       total 467456K, used 286359K [0x00000006c0000000, 0x00000006dc880000, 0x000000076ab00000)
  object space 467456K, 61% used [0x00000006c0000000,0x00000006d17a5e60,0x00000006dc880000)
 Metaspace       used 6607K, capacity 7280K, committed 7552K, reserved 1056768K
  class space    used 597K, capacity 616K, committed 640K, reserved 1048576K
Event: 16.778 GC heap after
Heap after GC invocations=18 (full 3):
 PSYoungGen      total 577024K, used 114151K [0x000000076ab00000, 0x000000079c200000, 0x00000007c0000000)
  eden space 462848K, 0% used [0x000000076ab00000,0x000000076ab00000,0x0000000786f00000)
  from space 114176K, 99% used [0x0000000786f00000,0x000000078de79c80,0x000000078de80000)
  to   space 134656K, 0% used [0x0000000793e80000,0x0000000793e80000,0x000000079c200000)
 ParOldGen       total 467456K, used 291267K [0x00000006c0000000, 0x00000006dc880000, 0x000000076ab00000)
  object space 467456K, 62% used [0x00000006c0000000,0x00000006d1c70dc0,0x00000006dc880000)
 Metaspace       used 6607K, capacity 7280K, committed 7552K, reserved 1056768K
  class space    used 597K, capacity 616K, committed 640K, reserved 1048576K
}
Event: 18.102 GC heap before
{Heap before GC invocations=19 (full 3):
 PSYoungGen      total 577024K, used 576999K [0x000000076ab00000, 0x000000079c200000, 0x00000007c0000000)
  eden space 462848K, 100% used [0x000000076ab00000,0x0000000786f00000,0x0000000786f00000)
  from space 114176K, 99% used [0x0000000786f00000,0x000000078de79c80,0x000000078de80000)
  to   space 134656K, 0% used [0x0000000793e80000,0x0000000793e80000,0x000000079c200000)
 ParOldGen       total 467456K, used 291267K [0x00000006c0000000, 0x00000006dc880000, 0x000000076ab00000)
  object space 467456K, 62% used [0x00000006c0000000,0x00000006d1c70dc0,0x00000006dc880000)
 Metaspace       used 6612K, capacity 7280K, committed 7552K, reserved 1056768K
  class space    used 597K, capacity 616K, committed 640K, reserved 1048576K
Event: 18.793 GC heap after
Heap after GC invocations=19 (full 3):
 PSYoungGen      total 675840K, used 72268K [0x000000076ab00000, 0x000000079e100000, 0x00000007c0000000)
  eden space 541184K, 0% used [0x000000076ab00000,0x000000076ab00000,0x000000078bb80000)
  from space 134656K, 53% used [0x0000000793e80000,0x0000000798513118,0x000000079c200000)
  to   space 134144K, 0% used [0x000000078bb80000,0x000000078bb80000,0x0000000793e80000)
 ParOldGen       total 467456K, used 405727K [0x00000006c0000000, 0x00000006dc880000, 0x000000076ab00000)
  object space 467456K, 86% used [0x00000006c0000000,0x00000006d8c37d30,0x00000006dc880000)
 Metaspace       used 6612K, capacity 7280K, committed 7552K, reserved 1056768K
  class space    used 597K, capacity 616K, committed 640K, reserved 1048576K
}
Event: 18.793 GC heap before
{Heap before GC invocations=20 (full 4):
 PSYoungGen      total 675840K, used 72268K [0x000000076ab00000, 0x000000079e100000, 0x00000007c0000000)
  eden space 541184K, 0% used [0x000000076ab00000,0x000000076ab00000,0x000000078bb80000)
  from space 134656K, 53% used [0x0000000793e80000,0x0000000798513118,0x000000079c200000)
  to   space 134144K, 0% used [0x000000078bb80000,0x000000078bb80000,0x0000000793e80000)
 ParOldGen       total 467456K, used 405727K [0x00000006c0000000, 0x00000006dc880000, 0x000000076ab00000)
  object space 467456K, 86% used [0x00000006c0000000,0x00000006d8c37d30,0x00000006dc880000)
 Metaspace       used 6612K, capacity 7280K, committed 7552K, reserved 1056768K
  class space    used 597K, capacity 616K, committed 640K, reserved 1048576K

Deoptimization events (10 events):
Event: 11.284 Thread 0x00007f04e0150800 Uncommon trap: reason=unstable_if action=reinterpret pc=0x00007f04d12fadd4 method=com.android.dx.rop.code.RegisterSpecSet.<init>(I)V @ 2
Event: 11.364 Thread 0x00007f04e014d800 Uncommon trap: reason=unstable_if action=reinterpret pc=0x00007f04d1b2fbc0 method=com.android.dx.rop.type.Type.isReference()Z @ 6
Event: 11.486 Thread 0x00007f04e0150800 Uncommon trap: reason=unstable_if action=reinterpret pc=0x00007f04d1b1a780 method=com.android.dx.ssa.back.SsaToRop.convertBasicBlock(Lcom/android/dx/ssa/SsaBasicBlock;)Lcom/android/dx/rop/code/BasicBlock; @ 21
Event: 11.667 Thread 0x00007f04e0152800 Uncommon trap: reason=unstable_if action=reinterpret pc=0x00007f04d1ad95c4 method=com.android.dx.ssa.InterferenceRegisterMapper.interferes(III)Z @ 69
Event: 11.963 Thread 0x00007f04e0152800 Uncommon trap: reason=unstable_if action=reinterpret pc=0x00007f04d19514cc method=com.android.dx.ssa.SCCP.simulateBranch(Lcom/android/dx/ssa/SsaInsn;)V @ 334
Event: 12.935 Thread 0x00007f04e000d800 Uncommon trap: reason=unstable_if action=reinterpret pc=0x00007f04d117eac4 method=com.android.dx.ssa.SsaBasicBlock.scheduleMovesFromPhis()V @ 63
Event: 15.259 Thread 0x00007f04e0150800 Uncommon trap: reason=unstable_if action=reinterpret pc=0x00007f04d1ad6128 method=java.util.ArrayList.<init>(I)V @ 5
Event: 15.259 Thread 0x00007f04e0150800 Uncommon trap: reason=unstable_if action=reinterpret pc=0x00007f04d1b5553c method=com.android.dx.rop.code.RegisterSpecSet.<init>(I)V @ 2
Event: 15.445 Thread 0x00007f04e0150800 Uncommon trap: reason=unstable_if action=reinterpret pc=0x00007f04d1b3c7b4 method=java.lang.Integer.valueOf(I)Ljava/lang/Integer; @ 10
Event: 17.837 Thread 0x00007f04e015e800 Uncommon trap: reason=class_check action=maybe_recompile pc=0x00007f04d195ec2c method=com.android.dx.ssa.DomFront.calcDomFronts()V @ 101

Internal exceptions (7 events):
Event: 0.224 Thread 0x00007f04e000d800 Exception <a 'java/lang/NoSuchMethodError': Method sun.misc.Unsafe.defineClass(Ljava/lang/String;[BII)Ljava/lang/Class; name or signature does not match> (0x000000076ab07c78) thrown at [/ssd/Android/AOSP-openjdk/external/jetbrains/jdk/hotspot/src/share/vm
Event: 0.224 Thread 0x00007f04e000d800 Exception <a 'java/lang/NoSuchMethodError': Method sun.misc.Unsafe.prefetchRead(Ljava/lang/Object;J)V name or signature does not match> (0x000000076ab07f60) thrown at [/ssd/Android/AOSP-openjdk/external/jetbrains/jdk/hotspot/src/share/vm/prims/jni.cpp, li
Event: 1.528 Thread 0x00007f04e0150800 Implicit null exception at 0x00007f04d12b903c to 0x00007f04d12bb6f9
Event: 1.528 Thread 0x00007f04e0150800 Implicit null exception at 0x00007f04d12dd393 to 0x00007f04d12df5e9
Event: 2.535 Thread 0x00007f04e0152800 Exception <a 'java/lang/ArrayIndexOutOfBoundsException': 18> (0x000000076c8bee48) thrown at [/ssd/Android/AOSP-openjdk/external/jetbrains/jdk/hotspot/src/share/vm/interpreter/interpreterRuntime.cpp, line 366]
Event: 2.536 Thread 0x00007f04e0152800 Exception <a 'java/lang/ArrayIndexOutOfBoundsException': 145> (0x000000076c8c09c8) thrown at [/ssd/Android/AOSP-openjdk/external/jetbrains/jdk/hotspot/src/share/vm/interpreter/interpreterRuntime.cpp, line 366]
Event: 2.540 Thread 0x00007f04e0152800 Exception <a 'java/lang/ArrayIndexOutOfBoundsException': 40> (0x000000076c91bd48) thrown at [/ssd/Android/AOSP-openjdk/external/jetbrains/jdk/hotspot/src/share/vm/interpreter/interpreterRuntime.cpp, line 366]

Events (10 events):
Event: 17.955 Thread 0x00007f04e000d800 DEOPT UNPACKING pc=0x00007f04d1047373 sp=0x00007f04e8f4a5e0 mode 0
Event: 17.987 Thread 0x00007f04e0150800 DEOPT PACKING pc=0x00007f04d156228d sp=0x00007f04c2a12ee0
Event: 17.987 Thread 0x00007f04e0150800 DEOPT UNPACKING pc=0x00007f04d1047373 sp=0x00007f04c2a12d40 mode 0
Event: 18.040 Thread 0x00007f04e014d800 DEOPT PACKING pc=0x00007f04d18b13a0 sp=0x00007f04c2c15110
Event: 18.040 Thread 0x00007f04e014d800 DEOPT UNPACKING pc=0x00007f04d1047373 sp=0x00007f04c2c14f60 mode 0
Event: 18.072 Thread 0x00007f04e000d800 DEOPT PACKING pc=0x00007f04d156228d sp=0x00007f04e8f4a560
Event: 18.072 Thread 0x00007f04e000d800 DEOPT UNPACKING pc=0x00007f04d1047373 sp=0x00007f04e8f4a3c0 mode 0
Event: 18.078 Thread 0x00007f04e0150800 DEOPT PACKING pc=0x00007f04d18b13a0 sp=0x00007f04c2a13110
Event: 18.079 Thread 0x00007f04e0150800 DEOPT UNPACKING pc=0x00007f04d1047373 sp=0x00007f04c2a12f60 mode 0
Event: 18.102 Executing VM operation: ParallelGCFailedAllocation


Dynamic libraries:
00400000-00401000 r-xp 00000000 08:05 267213                             /home/rockers/Android/android-studio/jre/bin/java
00600000-00601000 r--p 00000000 08:05 267213                             /home/rockers/Android/android-studio/jre/bin/java
00601000-00602000 rw-p 00001000 08:05 267213                             /home/rockers/Android/android-studio/jre/bin/java
01f71000-01f92000 rw-p 00000000 00:00 0                                  [heap]
6c0000000-6dc880000 rw-p 00000000 00:00 0 
6ec000000-76ab00000 ---p 00000000 00:00 0 
76ab00000-79e100000 rw-p 00000000 00:00 0 
79e100000-7c0000000 ---p 00000000 00:00 0 
7c0000000-7c00a0000 rw-p 00000000 00:00 0 
7c00a0000-800000000 ---p 00000000 00:00 0 
7f0478000000-7f047802e000 rw-p 00000000 00:00 0 
7f047802e000-7f047c000000 ---p 00000000 00:00 0 
7f0480000000-7f0480039000 rw-p 00000000 00:00 0 
7f0480039000-7f0484000000 ---p 00000000 00:00 0 
7f0484000000-7f0484037000 rw-p 00000000 00:00 0 
7f0484037000-7f0488000000 ---p 00000000 00:00 0 
7f0488000000-7f0488021000 rw-p 00000000 00:00 0 
7f0488021000-7f048c000000 ---p 00000000 00:00 0 
7f048c000000-7f048c021000 rw-p 00000000 00:00 0 
7f048c021000-7f0490000000 ---p 00000000 00:00 0 
7f0490000000-7f0490021000 rw-p 00000000 00:00 0 
7f0490021000-7f0494000000 ---p 00000000 00:00 0 
7f0494000000-7f0494021000 rw-p 00000000 00:00 0 
7f0494021000-7f0498000000 ---p 00000000 00:00 0 
7f0498000000-7f0499888000 rw-p 00000000 00:00 0 
7f0499888000-7f049c000000 ---p 00000000 00:00 0 
7f049c000000-7f049cf50000 rw-p 00000000 00:00 0 
7f049cf50000-7f04a0000000 ---p 00000000 00:00 0 
7f04a0000000-7f04a0021000 rw-p 00000000 00:00 0 
7f04a0021000-7f04a4000000 ---p 00000000 00:00 0 
7f04a4000000-7f04a5655000 rw-p 00000000 00:00 0 
7f04a5655000-7f04a8000000 ---p 00000000 00:00 0 
7f04a8000000-7f04a8021000 rw-p 00000000 00:00 0 
7f04a8021000-7f04ac000000 ---p 00000000 00:00 0 
7f04ac000000-7f04ac021000 rw-p 00000000 00:00 0 
7f04ac021000-7f04b0000000 ---p 00000000 00:00 0 
7f04b0000000-7f04b0280000 rw-p 00000000 00:00 0 
7f04b0280000-7f04b4000000 ---p 00000000 00:00 0 
7f04b4000000-7f04bc000000 rw-p 00000000 00:00 0 
7f04bc000000-7f04bc021000 rw-p 00000000 00:00 0 
7f04bc021000-7f04c0000000 ---p 00000000 00:00 0 
7f04c2712000-7f04c2715000 ---p 00000000 00:00 0 
7f04c2715000-7f04c2813000 rw-p 00000000 00:00 0 
7f04c2813000-7f04c2816000 ---p 00000000 00:00 0 
7f04c2816000-7f04c2914000 rw-p 00000000 00:00 0 
7f04c2914000-7f04c2917000 ---p 00000000 00:00 0 
7f04c2917000-7f04c2a15000 rw-p 00000000 00:00 0 
7f04c2a15000-7f04c2a18000 ---p 00000000 00:00 0 
7f04c2a18000-7f04c2b16000 rw-p 00000000 00:00 0 
7f04c2b16000-7f04c2b19000 ---p 00000000 00:00 0 
7f04c2b19000-7f04c2c17000 rw-p 00000000 00:00 0 
7f04c2c17000-7f04c2c18000 ---p 00000000 00:00 0 
7f04c2c18000-7f04c2d18000 rw-p 00000000 00:00 0 
7f04c2d18000-7f04c2d1b000 ---p 00000000 00:00 0 
7f04c2d1b000-7f04c2e19000 rw-p 00000000 00:00 0 
7f04c2e19000-7f04c2e1c000 ---p 00000000 00:00 0 
7f04c2e1c000-7f04c2f1a000 rw-p 00000000 00:00 0 
7f04c2f1a000-7f04c2f1d000 ---p 00000000 00:00 0 
7f04c2f1d000-7f04c301b000 rw-p 00000000 00:00 0 
7f04c301b000-7f04c301e000 ---p 00000000 00:00 0 
7f04c301e000-7f04c311c000 rw-p 00000000 00:00 0 
7f04c311c000-7f04c311f000 ---p 00000000 00:00 0 
7f04c311f000-7f04c321d000 rw-p 00000000 00:00 0 
7f04c321d000-7f04c34f5000 r--p 00000000 08:01 1307177                    /usr/lib/locale/locale-archive
7f04c34f5000-7f04c34f8000 ---p 00000000 00:00 0 
7f04c34f8000-7f04c35f6000 rw-p 00000000 00:00 0 
7f04c35f6000-7f04c35f9000 ---p 00000000 00:00 0 
7f04c35f9000-7f04c36f7000 rw-p 00000000 00:00 0 
7f04c36f7000-7f04c36f8000 ---p 00000000 00:00 0 
7f04c36f8000-7f04c4000000 rw-p 00000000 00:00 0 
7f04c4000000-7f04c4021000 rw-p 00000000 00:00 0 
7f04c4021000-7f04c8000000 ---p 00000000 00:00 0 
7f04c8000000-7f04c8021000 rw-p 00000000 00:00 0 
7f04c8021000-7f04cc000000 ---p 00000000 00:00 0 
7f04cc000000-7f04cc021000 rw-p 00000000 00:00 0 
7f04cc021000-7f04d0000000 ---p 00000000 00:00 0 
7f04d00f9000-7f04d0ec0000 rw-p 00000000 00:00 0 
7f04d0ec0000-7f04d1000000 ---p 00000000 00:00 0 
7f04d1000000-7f04d1b70000 rwxp 00000000 00:00 0 
7f04d1b70000-7f04e0000000 ---p 00000000 00:00 0 
7f04e0000000-7f04e039c000 rw-p 00000000 00:00 0 
7f04e039c000-7f04e4000000 ---p 00000000 00:00 0 
7f04e4046000-7f04e4052000 r--s 00069000 08:05 350020                     /home/rockers/Bitbucket Android/Reward/Reward /app/libs/glide-3.7.0.jar
7f04e4052000-7f04e4145000 rw-p 00000000 00:00 0 
7f04e4145000-7f04e4314000 r--s 03c1b000 08:05 267279                     /home/rockers/Android/android-studio/jre/jre/lib/rt.jar
7f04e4314000-7f04e4b8a000 rw-p 00000000 00:00 0 
7f04e4b8a000-7f04e4b8b000 ---p 00000000 00:00 0 
7f04e4b8b000-7f04e4c8b000 rw-p 00000000 00:00 0 
7f04e4c8b000-7f04e4c8c000 ---p 00000000 00:00 0 
7f04e4c8c000-7f04e4d8c000 rw-p 00000000 00:00 0 
7f04e4d8c000-7f04e4d8d000 ---p 00000000 00:00 0 
7f04e4d8d000-7f04e4e8d000 rw-p 00000000 00:00 0 
7f04e4e8d000-7f04e4e8e000 ---p 00000000 00:00 0 
7f04e4e8e000-7f04e5073000 rw-p 00000000 00:00 0 
7f04e5073000-7f04e54e4000 ---p 00000000 00:00 0 
7f04e54e4000-7f04e55c9000 rw-p 00000000 00:00 0 
7f04e55c9000-7f04e5a39000 ---p 00000000 00:00 0 
7f04e5a39000-7f04e5bd5000 rw-p 00000000 00:00 0 
7f04e5bd5000-7f04e5ce4000 ---p 00000000 00:00 0 
7f04e5ce4000-7f04e5d13000 rw-p 00000000 00:00 0 
7f04e5d13000-7f04e60a5000 ---p 00000000 00:00 0 
7f04e60a5000-7f04e60bf000 r-xp 00000000 08:05 392929                     /home/rockers/Android/android-studio/jre/jre/lib/amd64/libzip.so
7f04e60bf000-7f04e62bf000 ---p 0001a000 08:05 392929                     /home/rockers/Android/android-studio/jre/jre/lib/amd64/libzip.so
7f04e62bf000-7f04e62c0000 r--p 0001a000 08:05 392929                     /home/rockers/Android/android-studio/jre/jre/lib/amd64/libzip.so
7f04e62c0000-7f04e62c1000 rw-p 0001b000 08:05 392929                     /home/rockers/Android/android-studio/jre/jre/lib/amd64/libzip.so
7f04e62c1000-7f04e62cc000 r-xp 00000000 08:01 914172                     /lib/x86_64-linux-gnu/libnss_files-2.23.so
7f04e62cc000-7f04e64cb000 ---p 0000b000 08:01 914172                     /lib/x86_64-linux-gnu/libnss_files-2.23.so
7f04e64cb000-7f04e64cc000 r--p 0000a000 08:01 914172                     /lib/x86_64-linux-gnu/libnss_files-2.23.so
7f04e64cc000-7f04e64cd000 rw-p 0000b000 08:01 914172                     /lib/x86_64-linux-gnu/libnss_files-2.23.so
7f04e64cd000-7f04e64d3000 rw-p 00000000 00:00 0 
7f04e64d3000-7f04e64de000 r-xp 00000000 08:01 914150                     /lib/x86_64-linux-gnu/libnss_nis-2.23.so
7f04e64de000-7f04e66dd000 ---p 0000b000 08:01 914150                     /lib/x86_64-linux-gnu/libnss_nis-2.23.so
7f04e66dd000-7f04e66de000 r--p 0000a000 08:01 914150                     /lib/x86_64-linux-gnu/libnss_nis-2.23.so
7f04e66de000-7f04e66df000 rw-p 0000b000 08:01 914150                     /lib/x86_64-linux-gnu/libnss_nis-2.23.so
7f04e66df000-7f04e66f5000 r-xp 00000000 08:01 914155                     /lib/x86_64-linux-gnu/libnsl-2.23.so
7f04e66f5000-7f04e68f4000 ---p 00016000 08:01 914155                     /lib/x86_64-linux-gnu/libnsl-2.23.so
7f04e68f4000-7f04e68f5000 r--p 00015000 08:01 914155                     /lib/x86_64-linux-gnu/libnsl-2.23.so
7f04e68f5000-7f04e68f6000 rw-p 00016000 08:01 914155                     /lib/x86_64-linux-gnu/libnsl-2.23.so
7f04e68f6000-7f04e68f8000 rw-p 00000000 00:00 0 
7f04e68f8000-7f04e6900000 r-xp 00000000 08:01 914180                     /lib/x86_64-linux-gnu/libnss_compat-2.23.so
7f04e6900000-7f04e6aff000 ---p 00008000 08:01 914180                     /lib/x86_64-linux-gnu/libnss_compat-2.23.so
7f04e6aff000-7f04e6b00000 r--p 00007000 08:01 914180                     /lib/x86_64-linux-gnu/libnss_compat-2.23.so
7f04e6b00000-7f04e6b01000 rw-p 00008000 08:01 914180                     /lib/x86_64-linux-gnu/libnss_compat-2.23.so
7f04e6b01000-7f04e6b2e000 r-xp 00000000 08:05 392919                     /home/rockers/Android/android-studio/jre/jre/lib/amd64/libjava.so
7f04e6b2e000-7f04e6d2d000 ---p 0002d000 08:05 392919                     /home/rockers/Android/android-studio/jre/jre/lib/amd64/libjava.so
7f04e6d2d000-7f04e6d2e000 r--p 0002c000 08:05 392919                     /home/rockers/Android/android-studio/jre/jre/lib/amd64/libjava.so
7f04e6d2e000-7f04e6d30000 rw-p 0002d000 08:05 392919                     /home/rockers/Android/android-studio/jre/jre/lib/amd64/libjava.so
7f04e6d30000-7f04e6d40000 r-xp 00000000 08:05 392903                     /home/rockers/Android/android-studio/jre/jre/lib/amd64/libverify.so
7f04e6d40000-7f04e6f3f000 ---p 00010000 08:05 392903                     /home/rockers/Android/android-studio/jre/jre/lib/amd64/libverify.so
7f04e6f3f000-7f04e6f41000 r--p 0000f000 08:05 392903                     /home/rockers/Android/android-studio/jre/jre/lib/amd64/libverify.so
7f04e6f41000-7f04e6f42000 rw-p 00011000 08:05 392903                     /home/rockers/Android/android-studio/jre/jre/lib/amd64/libverify.so
7f04e6f42000-7f04e6f49000 r-xp 00000000 08:01 914184                     /lib/x86_64-linux-gnu/librt-2.23.so
7f04e6f49000-7f04e7148000 ---p 00007000 08:01 914184                     /lib/x86_64-linux-gnu/librt-2.23.so
7f04e7148000-7f04e7149000 r--p 00006000 08:01 914184                     /lib/x86_64-linux-gnu/librt-2.23.so
7f04e7149000-7f04e714a000 rw-p 00007000 08:01 914184                     /lib/x86_64-linux-gnu/librt-2.23.so
7f04e714a000-7f04e7252000 r-xp 00000000 08:01 914153                     /lib/x86_64-linux-gnu/libm-2.23.so
7f04e7252000-7f04e7451000 ---p 00108000 08:01 914153                     /lib/x86_64-linux-gnu/libm-2.23.so
7f04e7451000-7f04e7452000 r--p 00107000 08:01 914153                     /lib/x86_64-linux-gnu/libm-2.23.so
7f04e7452000-7f04e7453000 rw-p 00108000 08:01 914153                     /lib/x86_64-linux-gnu/libm-2.23.so
7f04e7453000-7f04e8044000 r-xp 00000000 08:05 393245                     /home/rockers/Android/android-studio/jre/jre/lib/amd64/server/libjvm.so
7f04e8044000-7f04e8244000 ---p 00bf1000 08:05 393245                     /home/rockers/Android/android-studio/jre/jre/lib/amd64/server/libjvm.so
7f04e8244000-7f04e82e3000 r--p 00bf1000 08:05 393245                     /home/rockers/Android/android-studio/jre/jre/lib/amd64/server/libjvm.so
7f04e82e3000-7f04e830c000 rw-p 00c90000 08:05 393245                     /home/rockers/Android/android-studio/jre/jre/lib/amd64/server/libjvm.so
7f04e830c000-7f04e8350000 rw-p 00000000 00:00 0 
7f04e8350000-7f04e8368000 r-xp 00000000 08:01 936970                     /lib/x86_64-linux-gnu/libpthread-2.23.so
7f04e8368000-7f04e8567000 ---p 00018000 08:01 936970                     /lib/x86_64-linux-gnu/libpthread-2.23.so
7f04e8567000-7f04e8568000 r--p 00017000 08:01 936970                     /lib/x86_64-linux-gnu/libpthread-2.23.so
7f04e8568000-7f04e8569000 rw-p 00018000 08:01 936970                     /lib/x86_64-linux-gnu/libpthread-2.23.so
7f04e8569000-7f04e856d000 rw-p 00000000 00:00 0 
7f04e856d000-7f04e8570000 r-xp 00000000 08:01 914148                     /lib/x86_64-linux-gnu/libdl-2.23.so
7f04e8570000-7f04e876f000 ---p 00003000 08:01 914148                     /lib/x86_64-linux-gnu/libdl-2.23.so
7f04e876f000-7f04e8770000 r--p 00002000 08:01 914148                     /lib/x86_64-linux-gnu/libdl-2.23.so
7f04e8770000-7f04e8771000 rw-p 00003000 08:01 914148                     /lib/x86_64-linux-gnu/libdl-2.23.so
7f04e8771000-7f04e8930000 r-xp 00000000 08:01 914157                     /lib/x86_64-linux-gnu/libc-2.23.so
7f04e8930000-7f04e8b30000 ---p 001bf000 08:01 914157                     /lib/x86_64-linux-gnu/libc-2.23.so
7f04e8b30000-7f04e8b34000 r--p 001bf000 08:01 914157                     /lib/x86_64-linux-gnu/libc-2.23.so
7f04e8b34000-7f04e8b36000 rw-p 001c3000 08:01 914157                     /lib/x86_64-linux-gnu/libc-2.23.so
7f04e8b36000-7f04e8b3a000 rw-p 00000000 00:00 0 
7f04e8b3a000-7f04e8b50000 r-xp 00000000 08:05 392968                     /home/rockers/Android/android-studio/jre/lib/amd64/jli/libjli.so
7f04e8b50000-7f04e8d4f000 ---p 00016000 08:05 392968                     /home/rockers/Android/android-studio/jre/lib/amd64/jli/libjli.so
7f04e8d4f000-7f04e8d50000 r--p 00015000 08:05 392968                     /home/rockers/Android/android-studio/jre/lib/amd64/jli/libjli.so
7f04e8d50000-7f04e8d51000 rw-p 00016000 08:05 392968                     /home/rockers/Android/android-studio/jre/lib/amd64/jli/libjli.so
7f04e8d51000-7f04e8d77000 r-xp 00000000 08:01 914160                     /lib/x86_64-linux-gnu/ld-2.23.so
7f04e8d79000-7f04e8e4c000 rw-p 00000000 00:00 0 
7f04e8e4c000-7f04e8e4f000 ---p 00000000 00:00 0 
7f04e8e4f000-7f04e8f51000 rw-p 00000000 00:00 0 
7f04e8f5c000-7f04e8f6a000 r--s 000e0000 08:05 667306                     /home/rockers/Android/Sdk/build-tools/24.0.1/lib/dx.jar
7f04e8f6a000-7f04e8f72000 rw-s 00000000 08:01 406086                     /tmp/hsperfdata_rockers/17951
7f04e8f72000-7f04e8f73000 rw-p 00000000 00:00 0 
7f04e8f73000-7f04e8f74000 ---p 00000000 00:00 0 
7f04e8f74000-7f04e8f76000 rw-p 00000000 00:00 0 
7f04e8f76000-7f04e8f77000 r--p 00025000 08:01 914160                     /lib/x86_64-linux-gnu/ld-2.23.so
7f04e8f77000-7f04e8f78000 rw-p 00026000 08:01 914160                     /lib/x86_64-linux-gnu/ld-2.23.so
7f04e8f78000-7f04e8f79000 rw-p 00000000 00:00 0 
7ffdb84f4000-7ffdb8517000 rw-p 00000000 00:00 0                          [stack]
7ffdb8590000-7ffdb8592000 r--p 00000000 00:00 0                          [vvar]
7ffdb8592000-7ffdb8594000 r-xp 00000000 00:00 0                          [vdso]
ffffffffff600000-ffffffffff601000 r-xp 00000000 00:00 0                  [vsyscall]

VM Arguments:
jvm_args: -Djava.awt.headless=true -Xmx4g -Dfile.encoding=UTF-8 -Duser.country=IN -Duser.language=en -Duser.variant 
java_command: com.android.dx.command.Main --dex --num-threads=4 --output /home/rockers/Bitbucket Android/Reward/Reward /app/build/intermediates/transforms/dex/reward/debug/folders/1000/1f/main /home/rockers/Bitbucket Android/Reward/Reward /app/build/intermediates/exploded-aar/com.crashlytics.sdk.android/crashlytics/2.6.1/jars/classes.jar /home/rockers/Bitbucket Android/Reward/Reward /app/build/intermediates/exploded-aar/com.android.support/support-core-ui/25.0.0/jars/classes.jar /home/rockers/Bitbucket Android/Reward/Reward /app/build/intermediates/exploded-aar/com.android.support/customtabs/25.0.0/jars/classes.jar /home/rockers/Bitbucket Android/Reward/Reward /app/build/intermediates/exploded-aar/com.android.support/support-fragment/25.0.0/jars/libs/internal_impl-25.0.0.jar /home/rockers/.gradle/caches/modules-2/files-2.1/com.twitter/twitter-text/1.13.0/78415b95ae3184c5926d593feab64bfc0b73b2dd/twitter-text-1.13.0.jar /home/rockers/Bitbucket Android/Reward/Reward /app/build/intermediates/exploded-aar/com.android.support/support-core-utils/25.0.0/jars/libs/internal_impl-25.0.0.jar /home/rockers/.gradle/caches/modules-2/files-2.1/com.squareup.retrofit/retrofit-mock/1.8.0/8bc99a93998f08302e7615cca69ba8c97c6a6b2/retrofit-mock-1.8.0.jar /home/rockers/Bitbucket Android/Reward/Reward /app/build/intermediates/exploded-aar/com.android.support/cardview-v7/25.0.0/jars/classes.jar /home/rockers/Android/Sdk/extras/android/m2repository/com/android/support/support-annotations/25.0.0/support-annotations-25.0.0.jar /home/rockers/Bitbucket Android/Reward/Reward /app/build/intermediates/exploded-aar/com.android.support/support-compat/25.0.0/jars/libs/internal_impl-25.0.0.jar /home/rockers/Bitbucket Android/Reward/Reward /app/build/intermediates/exploded-aar/com.crashlytics.sdk.android/crashlytics-core/2.3.10/jars/classes.jar /home/rockers/Bitbucket Android/Reward/Reward /app/build/intermediates/exploded-aar/com.crashlytics.sdk.android/beta/1.2.1/jars/classes.jar /home/rockers/Bitbuc
java_class_path (initial): /home/rockers/Android/Sdk/build-tools/24.0.1/lib/dx.jar
Launcher Type: SUN_STANDARD

Environment Variables:
PATH=/home/rockers/bin:/home/rockers/.local/bin:/usr/local/sbin:/usr/local/bin:/usr/sbin:/usr/bin:/sbin:/bin:/usr/games:/usr/local/games:/snap/bin
LD_LIBRARY_PATH=./android-studio/bin:
SHELL=/bin/bash
DISPLAY=:0

Signal Handlers:
SIGSEGV: [libjvm.so+0x9e5150], sa_mask[0]=11111111011111111101111111111110, sa_flags=SA_RESTART|SA_SIGINFO
SIGBUS: [libjvm.so+0x9e5150], sa_mask[0]=11111111011111111101111111111110, sa_flags=SA_RESTART|SA_SIGINFO
SIGFPE: [libjvm.so+0x848450], sa_mask[0]=11111111011111111101111111111110, sa_flags=SA_RESTART|SA_SIGINFO
SIGPIPE: [libjvm.so+0x848450], sa_mask[0]=11111111011111111101111111111110, sa_flags=SA_RESTART|SA_SIGINFO
SIGXFSZ: [libjvm.so+0x848450], sa_mask[0]=11111111011111111101111111111110, sa_flags=SA_RESTART|SA_SIGINFO
SIGILL: [libjvm.so+0x848450], sa_mask[0]=11111111011111111101111111111110, sa_flags=SA_RESTART|SA_SIGINFO
SIGUSR1: SIG_DFL, sa_mask[0]=00000000000000000000000000000000, sa_flags=none
SIGUSR2: [libjvm.so+0x848320], sa_mask[0]=00100000000000000000000000000000, sa_flags=SA_RESTART|SA_SIGINFO
SIGHUP: [libjvm.so+0x848510], sa_mask[0]=11111111011111111101111111111110, sa_flags=SA_RESTART|SA_SIGINFO
SIGINT: [libjvm.so+0x848510], sa_mask[0]=11111111011111111101111111111110, sa_flags=SA_RESTART|SA_SIGINFO
SIGTERM: [libjvm.so+0x848510], sa_mask[0]=11111111011111111101111111111110, sa_flags=SA_RESTART|SA_SIGINFO
SIGQUIT: [libjvm.so+0x848510], sa_mask[0]=11111111011111111101111111111110, sa_flags=SA_RESTART|SA_SIGINFO


---------------  S Y S T E M  ---------------

OS:DISTRIB_ID=Ubuntu
DISTRIB_RELEASE=16.04
DISTRIB_CODENAME=xenial
DISTRIB_DESCRIPTION="Ubuntu 16.04.1 LTS"

uname:Linux 4.4.0-78-generic #99-Ubuntu SMP Thu Apr 27 15:29:09 UTC 2017 x86_64
libc:glibc 2.23 NPTL 2.23 
rlimit: STACK 8192k, CORE 0k, NPROC 31131, NOFILE 65536, AS infinity
load average:2.59 1.46 1.08

/proc/meminfo:
MemTotal:        8009920 kB
MemFree:          151708 kB
MemAvailable:     103400 kB
Buffers:            3812 kB
Cached:           625096 kB
SwapCached:            0 kB
Active:          7123984 kB
Inactive:         515696 kB
Active(anon):    7065368 kB
Inactive(anon):   462068 kB
Active(file):      58616 kB
Inactive(file):    53628 kB
Unevictable:         200 kB
Mlocked:             200 kB
SwapTotal:             0 kB
SwapFree:              0 kB
Dirty:             13724 kB
Writeback:             0 kB
AnonPages:       7012404 kB
Mapped:           414108 kB
Shmem:            515460 kB
Slab:             103040 kB
SReclaimable:      61020 kB
SUnreclaim:        42020 kB
KernelStack:       11872 kB
PageTables:        57828 kB
NFS_Unstable:          0 kB
Bounce:                0 kB
WritebackTmp:          0 kB
CommitLimit:     4004960 kB
Committed_AS:   12745084 kB
VmallocTotal:   34359738367 kB
VmallocUsed:           0 kB
VmallocChunk:          0 kB
HardwareCorrupted:     0 kB
AnonHugePages:   3776512 kB
CmaTotal:              0 kB
CmaFree:               0 kB
HugePages_Total:       0
HugePages_Free:        0
HugePages_Rsvd:        0
HugePages_Surp:        0
Hugepagesize:       2048 kB
DirectMap4k:      187120 kB
DirectMap2M:     8034304 kB


CPU:total 4 (2 cores per cpu, 2 threads per core) family 6 model 58 stepping 9, cmov, cx8, fxsr, mmx, sse, sse2, sse3, ssse3, sse4.1, sse4.2, popcnt, avx, clmul, erms, ht, tsc, tscinvbit, tscinv

/proc/cpuinfo:
processor	: 0
vendor_id	: GenuineIntel
cpu family	: 6
model		: 58
model name	: Intel(R) Core(TM) i3-3210 CPU @ 3.20GHz
stepping	: 9
microcode	: 0x15
cpu MHz		: 2666.875
cache size	: 3072 KB
physical id	: 0
siblings	: 4
core id		: 0
cpu cores	: 2
apicid		: 0
initial apicid	: 0
fpu		: yes
fpu_exception	: yes
cpuid level	: 13
wp		: yes
flags		: fpu vme de pse tsc msr pae mce cx8 apic sep mtrr pge mca cmov pat pse36 clflush dts acpi mmx fxsr sse sse2 ss ht tm pbe syscall nx rdtscp lm constant_tsc arch_perfmon pebs bts rep_good nopl xtopology nonstop_tsc aperfmperf eagerfpu pni pclmulqdq dtes64 monitor ds_cpl vmx est tm2 ssse3 cx16 xtpr pdcm pcid sse4_1 sse4_2 popcnt tsc_deadline_timer xsave avx f16c lahf_lm epb tpr_shadow vnmi flexpriority ept vpid fsgsbase smep erms xsaveopt dtherm arat pln pts
bugs		:
bogomips	: 6385.36
clflush size	: 64
cache_alignment	: 64
address sizes	: 36 bits physical, 48 bits virtual
power management:

processor	: 1
vendor_id	: GenuineIntel
cpu family	: 6
model		: 58
model name	: Intel(R) Core(TM) i3-3210 CPU @ 3.20GHz
stepping	: 9
microcode	: 0x15
cpu MHz		: 2675.000
cache size	: 3072 KB
physical id	: 0
siblings	: 4
core id		: 1
cpu cores	: 2
apicid		: 2
initial apicid	: 2
fpu		: yes
fpu_exception	: yes
cpuid level	: 13
wp		: yes
flags		: fpu vme de pse tsc msr pae mce cx8 apic sep mtrr pge mca cmov pat pse36 clflush dts acpi mmx fxsr sse sse2 ss ht tm pbe syscall nx rdtscp lm constant_tsc arch_perfmon pebs bts rep_good nopl xtopology nonstop_tsc aperfmperf eagerfpu pni pclmulqdq dtes64 monitor ds_cpl vmx est tm2 ssse3 cx16 xtpr pdcm pcid sse4_1 sse4_2 popcnt tsc_deadline_timer xsave avx f16c lahf_lm epb tpr_shadow vnmi flexpriority ept vpid fsgsbase smep erms xsaveopt dtherm arat pln pts
bugs		:
bogomips	: 6385.36
clflush size	: 64
cache_alignment	: 64
address sizes	: 36 bits physical, 48 bits virtual
power management:

processor	: 2
vendor_id	: GenuineIntel
cpu family	: 6
model		: 58
model name	: Intel(R) Core(TM) i3-3210 CPU @ 3.20GHz
stepping	: 9
microcode	: 0x15
cpu MHz		: 2697.000
cache size	: 3072 KB
physical id	: 0
siblings	: 4
core id		: 0
cpu cores	: 2
apicid		: 1
initial apicid	: 1
fpu		: yes
fpu_exception	: yes
cpuid level	: 13
wp		: yes
flags		: fpu vme de pse tsc msr pae mce cx8 apic sep mtrr pge mca cmov pat pse36 clflush dts acpi mmx fxsr sse sse2 ss ht tm pbe syscall nx rdtscp lm constant_tsc arch_perfmon pebs bts rep_good nopl xtopology nonstop_tsc aperfmperf eagerfpu pni pclmulqdq dtes64 monitor ds_cpl vmx est tm2 ssse3 cx16 xtpr pdcm pcid sse4_1 sse4_2 popcnt tsc_deadline_timer xsave avx f16c lahf_lm epb tpr_shadow vnmi flexpriority ept vpid fsgsbase smep erms xsaveopt dtherm arat pln pts
bugs		:
bogomips	: 6385.36
clflush size	: 64
cache_alignment	: 64
address sizes	: 36 bits physical, 48 bits virtual
power management:

processor	: 3
vendor_id	: GenuineIntel
cpu family	: 6
model		: 58
model name	: Intel(R) Core(TM) i3-3210 CPU @ 3.20GHz
stepping	: 9
microcode	: 0x15
cpu MHz		: 2727.500
cache size	: 3072 KB
physical id	: 0
siblings	: 4
core id		: 1
cpu cores	: 2
apicid		: 3
initial apicid	: 3
fpu		: yes
fpu_exception	: yes
cpuid level	: 13
wp		: yes
flags		: fpu vme de pse tsc msr pae mce cx8 apic sep mtrr pge mca cmov pat pse36 clflush dts acpi mmx fxsr sse sse2 ss ht tm pbe syscall nx rdtscp lm constant_tsc arch_perfmon pebs bts rep_good nopl xtopology nonstop_tsc aperfmperf eagerfpu pni pclmulqdq dtes64 monitor ds_cpl vmx est tm2 ssse3 cx16 xtpr pdcm pcid sse4_1 sse4_2 popcnt tsc_deadline_timer xsave avx f16c lahf_lm epb tpr_shadow vnmi flexpriority ept vpid fsgsbase smep erms xsaveopt dtherm arat pln pts
bugs		:
bogomips	: 6385.36
clflush size	: 64
cache_alignment	: 64
address sizes	: 36 bits physical, 48 bits virtual
power management:



Memory: 4k page, physical 8009920k(151708k free), swap 0k(0k free)

vm_info: OpenJDK 64-Bit Server VM (25.112-b06) for linux-amd64 JRE (1.8.0_112-release-b06), built on Dec  6 2016 12:11:18 by "builder" with gcc 4.8.4

time: Thu May 25 12:12:47 2017
elapsed time: 22 seconds (0d 0h 0m 22s)

