#
# There is insufficient memory for the Java Runtime Environment to continue.
# Native memory allocation (mmap) failed to map 149946368 bytes for committing reserved memory.
# Possible reasons:
#   The system is out of physical RAM or swap space
#   In 32 bit mode, the process size limit was hit
# Possible solutions:
#   Reduce memory load on the system
#   Increase physical memory or swap space
#   Check if swap backing store is full
#   Use 64 bit Java on a 64 bit OS
#   Decrease Java heap size (-Xmx/-Xms)
#   Decrease number of Java threads
#   Decrease Java thread stack sizes (-Xss)
#   Set larger code cache with -XX:ReservedCodeCacheSize=
# This output file may be truncated or incomplete.
#
#  Out of Memory Error (os_linux.cpp:2627), pid=28595, tid=0x00007fe295594700
#
# JRE version: OpenJDK Runtime Environment (8.0_76-b03) (build 1.8.0_76-release-b03)
# Java VM: OpenJDK 64-Bit Server VM (25.76-b03 mixed mode linux-amd64 compressed oops)
# Failed to write core dump. Core dumps have been disabled. To enable core dumping, try "ulimit -c unlimited" before starting Java again
#

---------------  T H R E A D  ---------------

Current thread (0x00007fe2a807a800):  VMThread [stack: 0x00007fe295494000,0x00007fe295595000] [id=28604]

Stack: [0x00007fe295494000,0x00007fe295595000],  sp=0x00007fe2955934c0,  free space=1021k
Native frames: (J=compiled Java code, j=interpreted, Vv=VM code, C=native code)
V  [libjvm.so+0x9d9fcd]  VMError::report_and_die()+0x15d
V  [libjvm.so+0x4b4d4a]  report_vm_out_of_memory(char const*, int, unsigned long, VMErrorType, char const*)+0x8a
V  [libjvm.so+0x845190]  os::pd_commit_memory(char*, unsigned long, unsigned long, bool)+0xf0
V  [libjvm.so+0x83fcbf]  os::commit_memory(char*, unsigned long, unsigned long, bool)+0x1f
V  [libjvm.so+0x8b4d9b]  PSVirtualSpace::expand_by(unsigned long)+0x5b
V  [libjvm.so+0x8b5a10]  PSYoungGen::resize_generation(unsigned long, unsigned long)+0xb0
V  [libjvm.so+0x8b5d2b]  PSYoungGen::resize(unsigned long, unsigned long)+0x1b
V  [libjvm.so+0x8b241c]  PSScavenge::invoke_no_policy()+0xdac
V  [libjvm.so+0x8b2bf8]  PSScavenge::invoke()+0x38
V  [libjvm.so+0x8681f3]  ParallelScavengeHeap::failed_mem_allocate(unsigned long)+0x63
V  [libjvm.so+0x9dba94]  VM_ParallelGCFailedAllocation::doit()+0x84
V  [libjvm.so+0x9dfe47]  VM_Operation::evaluate()+0x47
V  [libjvm.so+0x9de908]  VMThread::evaluate_operation(VM_Operation*)+0x2c8
V  [libjvm.so+0x9ded89]  VMThread::loop()+0x219
V  [libjvm.so+0x9df1d2]  VMThread::run()+0x72
V  [libjvm.so+0x8425b2]  java_start(Thread*)+0xf2

VM_Operation (0x00007fe2aeb98b50): ParallelGCFailedAllocation, mode: safepoint, requested by thread 0x00007fe2a800d000


---------------  P R O C E S S  ---------------

Java Threads: ( => current thread )
  0x00007fe2a8175000 JavaThread "pool-1-thread-4" [_thread_blocked, id=28617, stack(0x00007fe2944af000,0x00007fe2945b0000)]
  0x00007fe2a8173000 JavaThread "pool-1-thread-3" [_thread_blocked, id=28616, stack(0x00007fe2945b0000,0x00007fe2946b1000)]
  0x00007fe2a8167800 JavaThread "pool-1-thread-2" [_thread_blocked, id=28615, stack(0x00007fe2946b1000,0x00007fe2947b2000)]
  0x00007fe2a8165800 JavaThread "pool-2-thread-1" [_thread_blocked, id=28614, stack(0x00007fe2947b2000,0x00007fe2948b3000)]
  0x00007fe2a8164000 JavaThread "pool-1-thread-1" [_thread_blocked, id=28613, stack(0x00007fe2948b3000,0x00007fe2949b4000)]
  0x00007fe2a80c2000 JavaThread "Service Thread" daemon [_thread_blocked, id=28611, stack(0x00007fe294ab5000,0x00007fe294bb6000)]
  0x00007fe2a80bf000 JavaThread "C1 CompilerThread2" daemon [_thread_blocked, id=28610, stack(0x00007fe294bb6000,0x00007fe294cb7000)]
  0x00007fe2a80bd800 JavaThread "C2 CompilerThread1" daemon [_thread_blocked, id=28609, stack(0x00007fe294cb7000,0x00007fe294db8000)]
  0x00007fe2a80ba800 JavaThread "C2 CompilerThread0" daemon [_thread_blocked, id=28608, stack(0x00007fe294db8000,0x00007fe294eb9000)]
  0x00007fe2a80b9000 JavaThread "Signal Dispatcher" daemon [_thread_blocked, id=28607, stack(0x00007fe294eb9000,0x00007fe294fba000)]
  0x00007fe2a8086800 JavaThread "Finalizer" daemon [_thread_blocked, id=28606, stack(0x00007fe295292000,0x00007fe295393000)]
  0x00007fe2a8082000 JavaThread "Reference Handler" daemon [_thread_blocked, id=28605, stack(0x00007fe295393000,0x00007fe295494000)]
  0x00007fe2a800d000 JavaThread "main" [_thread_blocked, id=28599, stack(0x00007fe2aea9a000,0x00007fe2aeb9b000)]

Other Threads:
=>0x00007fe2a807a800 VMThread [stack: 0x00007fe295494000,0x00007fe295595000] [id=28604]
  0x00007fe2a80c4800 WatcherThread [stack: 0x00007fe2949b4000,0x00007fe294ab5000] [id=28612]

VM state:at safepoint (normal execution)

VM Mutex/Monitor currently owned by a thread:  ([mutex/lock_event])
[0x00007fe2a80093b0] Threads_lock - owner thread: 0x00007fe2a807a800
[0x00007fe2a80098b0] Heap_lock - owner thread: 0x00007fe2a800d000

Heap:
 PSYoungGen      total 142848K, used 16867K [0x000000076ab00000, 0x0000000774800000, 0x00000007c0000000)
  eden space 125952K, 0% used [0x000000076ab00000,0x000000076ab00000,0x0000000772600000)
  from space 16896K, 99% used [0x0000000772600000,0x0000000773678d28,0x0000000773680000)
  to   space 15872K, 0% used [0x0000000773680000,0x0000000773680000,0x0000000774600000)
 ParOldGen       total 84992K, used 42638K [0x00000006c0000000, 0x00000006c5300000, 0x000000076ab00000)
  object space 84992K, 50% used [0x00000006c0000000,0x00000006c29a38c8,0x00000006c5300000)
 Metaspace       used 6446K, capacity 7216K, committed 7296K, reserved 1056768K
  class space    used 595K, capacity 616K, committed 640K, reserved 1048576K

Card table byte_map: [0x00007fe298011000,0x00007fe298812000] byte_map_base: 0x00007fe294a11000

Marking Bits: (ParMarkBitMap*) 0x00007fe2adf701a0
 Begin Bits: [0x00007fe278000000, 0x00007fe27c000000)
 End Bits:   [0x00007fe27c000000, 0x00007fe280000000)

Polling page: 0x00007fe2aebc0000

CodeCache: size=245760Kb used=9088Kb max_used=9103Kb free=236671Kb
 bounds [0x00007fe298bd2000, 0x00007fe2994c2000, 0x00007fe2a7bd2000]
 total_blobs=2427 nmethods=2159 adapters=182
 compilation: enabled

Compilation events (10 events):
Event: 8.836 Thread 0x00007fe2a80bf000 2307       2       java.util.DualPivotQuicksort::sort (614 bytes)
Event: 8.837 Thread 0x00007fe2a80bf000 nmethod 2307 0x00007fe2994a4210 code [0x00007fe2994a4460, 0x00007fe2994a51b8]
Event: 8.864 Thread 0x00007fe2a80ba800 nmethod 2301% 0x00007fe2994bb490 code [0x00007fe2994bb840, 0x00007fe2994be648]
Event: 8.864 Thread 0x00007fe2a80ba800 2304 %     4       sun.nio.cs.UTF_8$Encoder::encode @ 20 (359 bytes)
Event: 8.883 Thread 0x00007fe2a80ba800 nmethod 2304% 0x00007fe29948e6d0 code [0x00007fe29948e840, 0x00007fe29948ec78]
Event: 8.883 Thread 0x00007fe2a80ba800 2299       4       java.util.TreeMap::successor (66 bytes)
Event: 8.884 Thread 0x00007fe2a80ba800 nmethod 2299 0x00007fe29948ee50 code [0x00007fe29948efa0, 0x00007fe29948f078]
Event: 8.884 Thread 0x00007fe2a80ba800 2306       4       com.android.dx.cf.code.Merger::isPossiblyAssignableFrom (202 bytes)
Event: 8.890 Thread 0x00007fe2a80ba800 nmethod 2306 0x00007fe2994a2e90 code [0x00007fe2994a30c0, 0x00007fe2994a37b0]
Event: 8.890 Thread 0x00007fe2a80ba800 2260       4       com.android.dx.rop.code.Rops::ropFor (771 bytes)

GC Heap History (10 events):
Event: 4.160 GC heap after
Heap after GC invocations=2 (full 0):
 PSYoungGen      total 36864K, used 5111K [0x000000076ab00000, 0x000000076f300000, 0x00000007c0000000)
  eden space 31744K, 0% used [0x000000076ab00000,0x000000076ab00000,0x000000076ca00000)
  from space 5120K, 99% used [0x000000076cf00000,0x000000076d3fdc88,0x000000076d400000)
  to   space 5120K, 0% used [0x000000076ca00000,0x000000076ca00000,0x000000076cf00000)
 ParOldGen       total 84992K, used 5740K [0x00000006c0000000, 0x00000006c5300000, 0x000000076ab00000)
  object space 84992K, 6% used [0x00000006c0000000,0x00000006c059b338,0x00000006c5300000)
 Metaspace       used 5915K, capacity 6960K, committed 7040K, reserved 1056768K
  class space    used 569K, capacity 616K, committed 640K, reserved 1048576K
}
Event: 4.326 GC heap before
{Heap before GC invocations=3 (full 0):
 PSYoungGen      total 36864K, used 36855K [0x000000076ab00000, 0x000000076f300000, 0x00000007c0000000)
  eden space 31744K, 100% used [0x000000076ab00000,0x000000076ca00000,0x000000076ca00000)
  from space 5120K, 99% used [0x000000076cf00000,0x000000076d3fdc88,0x000000076d400000)
  to   space 5120K, 0% used [0x000000076ca00000,0x000000076ca00000,0x000000076cf00000)
 ParOldGen       total 84992K, used 5740K [0x00000006c0000000, 0x00000006c5300000, 0x000000076ab00000)
  object space 84992K, 6% used [0x00000006c0000000,0x00000006c059b338,0x00000006c5300000)
 Metaspace       used 5922K, capacity 6960K, committed 7040K, reserved 1056768K
  class space    used 570K, capacity 616K, committed 640K, reserved 1048576K
Event: 4.380 GC heap after
Heap after GC invocations=3 (full 0):
 PSYoungGen      total 36864K, used 5093K [0x000000076ab00000, 0x000000076f300000, 0x00000007c0000000)
  eden space 31744K, 0% used [0x000000076ab00000,0x000000076ab00000,0x000000076ca00000)
  from space 5120K, 99% used [0x000000076ca00000,0x000000076cef94e8,0x000000076cf00000)
  to   space 5120K, 0% used [0x000000076ee00000,0x000000076ee00000,0x000000076f300000)
 ParOldGen       total 84992K, used 10933K [0x00000006c0000000, 0x00000006c5300000, 0x000000076ab00000)
  object space 84992K, 12% used [0x00000006c0000000,0x00000006c0aad628,0x00000006c5300000)
 Metaspace       used 5922K, capacity 6960K, committed 7040K, reserved 1056768K
  class space    used 570K, capacity 616K, committed 640K, reserved 1048576K
}
Event: 4.575 GC heap before
{Heap before GC invocations=4 (full 0):
 PSYoungGen      total 36864K, used 36837K [0x000000076ab00000, 0x000000076f300000, 0x00000007c0000000)
  eden space 31744K, 100% used [0x000000076ab00000,0x000000076ca00000,0x000000076ca00000)
  from space 5120K, 99% used [0x000000076ca00000,0x000000076cef94e8,0x000000076cf00000)
  to   space 5120K, 0% used [0x000000076ee00000,0x000000076ee00000,0x000000076f300000)
 ParOldGen       total 84992K, used 10933K [0x00000006c0000000, 0x00000006c5300000, 0x000000076ab00000)
  object space 84992K, 12% used [0x00000006c0000000,0x00000006c0aad628,0x00000006c5300000)
 Metaspace       used 5928K, capacity 6960K, committed 7040K, reserved 1056768K
  class space    used 571K, capacity 616K, committed 640K, reserved 1048576K
Event: 4.600 GC heap after
Heap after GC invocations=4 (full 0):
 PSYoungGen      total 68608K, used 5096K [0x000000076ab00000, 0x000000076f300000, 0x00000007c0000000)
  eden space 63488K, 0% used [0x000000076ab00000,0x000000076ab00000,0x000000076e900000)
  from space 5120K, 99% used [0x000000076ee00000,0x000000076f2fa3a0,0x000000076f300000)
  to   space 5120K, 0% used [0x000000076e900000,0x000000076e900000,0x000000076ee00000)
 ParOldGen       total 84992K, used 15782K [0x00000006c0000000, 0x00000006c5300000, 0x000000076ab00000)
  object space 84992K, 18% used [0x00000006c0000000,0x00000006c0f69b70,0x00000006c5300000)
 Metaspace       used 5928K, capacity 6960K, committed 7040K, reserved 1056768K
  class space    used 571K, capacity 616K, committed 640K, reserved 1048576K
}
Event: 5.299 GC heap before
{Heap before GC invocations=5 (full 0):
 PSYoungGen      total 68608K, used 68584K [0x000000076ab00000, 0x000000076f300000, 0x00000007c0000000)
  eden space 63488K, 100% used [0x000000076ab00000,0x000000076e900000,0x000000076e900000)
  from space 5120K, 99% used [0x000000076ee00000,0x000000076f2fa3a0,0x000000076f300000)
  to   space 5120K, 0% used [0x000000076e900000,0x000000076e900000,0x000000076ee00000)
 ParOldGen       total 84992K, used 15782K [0x00000006c0000000, 0x00000006c5300000, 0x000000076ab00000)
  object space 84992K, 18% used [0x00000006c0000000,0x00000006c0f69b70,0x00000006c5300000)
 Metaspace       used 6120K, capacity 7024K, committed 7296K, reserved 1056768K
  class space    used 589K, capacity 616K, committed 640K, reserved 1048576K
Event: 5.331 GC heap after
Heap after GC invocations=5 (full 0):
 PSYoungGen      total 68608K, used 5091K [0x000000076ab00000, 0x0000000774600000, 0x00000007c0000000)
  eden space 63488K, 0% used [0x000000076ab00000,0x000000076ab00000,0x000000076e900000)
  from space 5120K, 99% used [0x000000076e900000,0x000000076edf8ef8,0x000000076ee00000)
  to   space 15872K, 0% used [0x0000000773680000,0x0000000773680000,0x0000000774600000)
 ParOldGen       total 84992K, used 25454K [0x00000006c0000000, 0x00000006c5300000, 0x000000076ab00000)
  object space 84992K, 29% used [0x00000006c0000000,0x00000006c18db9c8,0x00000006c5300000)
 Metaspace       used 6120K, capacity 7024K, committed 7296K, reserved 1056768K
  class space    used 589K, capacity 616K, committed 640K, reserved 1048576K
}
Event: 5.845 GC heap before
{Heap before GC invocations=6 (full 0):
 PSYoungGen      total 68608K, used 68579K [0x000000076ab00000, 0x0000000774600000, 0x00000007c0000000)
  eden space 63488K, 100% used [0x000000076ab00000,0x000000076e900000,0x000000076e900000)
  from space 5120K, 99% used [0x000000076e900000,0x000000076edf8ef8,0x000000076ee00000)
  to   space 15872K, 0% used [0x0000000773680000,0x0000000773680000,0x0000000774600000)
 ParOldGen       total 84992K, used 25454K [0x00000006c0000000, 0x00000006c5300000, 0x000000076ab00000)
  object space 84992K, 29% used [0x00000006c0000000,0x00000006c18db9c8,0x00000006c5300000)
 Metaspace       used 6281K, capacity 7152K, committed 7296K, reserved 1056768K
  class space    used 589K, capacity 616K, committed 640K, reserved 1048576K
Event: 5.885 GC heap after
Heap after GC invocations=6 (full 0):
 PSYoungGen      total 141824K, used 13446K [0x000000076ab00000, 0x0000000774800000, 0x00000007c0000000)
  eden space 125952K, 0% used [0x000000076ab00000,0x000000076ab00000,0x0000000772600000)
  from space 15872K, 84% used [0x0000000773680000,0x00000007743a19b0,0x0000000774600000)
  to   space 16896K, 0% used [0x0000000772600000,0x0000000772600000,0x0000000773680000)
 ParOldGen       total 84992K, used 25454K [0x00000006c0000000, 0x00000006c5300000, 0x000000076ab00000)
  object space 84992K, 29% used [0x00000006c0000000,0x00000006c18db9c8,0x00000006c5300000)
 Metaspace       used 6281K, capacity 7152K, committed 7296K, reserved 1056768K
  class space    used 589K, capacity 616K, committed 640K, reserved 1048576K
}
Event: 8.925 GC heap before
{Heap before GC invocations=7 (full 0):
 PSYoungGen      total 141824K, used 139398K [0x000000076ab00000, 0x0000000774800000, 0x00000007c0000000)
  eden space 125952K, 100% used [0x000000076ab00000,0x0000000772600000,0x0000000772600000)
  from space 15872K, 84% used [0x0000000773680000,0x00000007743a19b0,0x0000000774600000)
  to   space 16896K, 0% used [0x0000000772600000,0x0000000772600000,0x0000000773680000)
 ParOldGen       total 84992K, used 25454K [0x00000006c0000000, 0x00000006c5300000, 0x000000076ab00000)
  object space 84992K, 29% used [0x00000006c0000000,0x00000006c18db9c8,0x00000006c5300000)
 Metaspace       used 6446K, capacity 7216K, committed 7296K, reserved 1056768K
  class space    used 595K, capacity 616K, committed 640K, reserved 1048576K

Deoptimization events (10 events):
Event: 5.196 Thread 0x00007fe2a8164000 Uncommon trap: reason=unstable_if action=reinterpret pc=0x00007fe298e119dc method=java.util.HashMap.getNode(ILjava/lang/Object;)Ljava/util/HashMap$Node; @ 84
Event: 5.215 Thread 0x00007fe2a8167800 Uncommon trap: reason=unstable_if action=reinterpret pc=0x00007fe2991bd508 method=com.android.dx.ssa.SCCP.simulateBranch(Lcom/android/dx/ssa/SsaInsn;)V @ 64
Event: 5.361 Thread 0x00007fe2a8164000 Uncommon trap: reason=uninitialized action=reinterpret pc=0x00007fe29920c104 method=com.android.dx.cf.code.BytecodeArray.parseInstruction(ILcom/android/dx/cf/code/BytecodeArray$Visitor;)I @ 1047
Event: 5.378 Thread 0x00007fe2a8173000 Uncommon trap: reason=unstable_if action=reinterpret pc=0x00007fe299045bc8 method=java.util.HashMap.putVal(ILjava/lang/Object;Ljava/lang/Object;ZZ)Ljava/lang/Object; @ 162
Event: 6.214 Thread 0x00007fe2a8164000 Uncommon trap: reason=unstable_if action=reinterpret pc=0x00007fe298f9fd3c method=com.android.dx.ssa.SsaMethod.updateOneDefinition(Lcom/android/dx/ssa/SsaInsn;Lcom/android/dx/rop/code/RegisterSpec;)V @ 4
Event: 6.301 Thread 0x00007fe2a8167800 Uncommon trap: reason=class_check action=maybe_recompile pc=0x00007fe29936aefc method=com.android.dx.rop.code.RegisterSpec.withSimpleType()Lcom/android/dx/rop/code/RegisterSpec; @ 21
Event: 6.328 Thread 0x00007fe2a8167800 Uncommon trap: reason=class_check action=maybe_recompile pc=0x00007fe29936aefc method=com.android.dx.rop.code.RegisterSpec.withSimpleType()Lcom/android/dx/rop/code/RegisterSpec; @ 21
Event: 6.353 Thread 0x00007fe2a8173000 Uncommon trap: reason=class_check action=maybe_recompile pc=0x00007fe29936aefc method=com.android.dx.rop.code.RegisterSpec.withSimpleType()Lcom/android/dx/rop/code/RegisterSpec; @ 21
Event: 6.424 Thread 0x00007fe2a8173000 Uncommon trap: reason=class_check action=maybe_recompile pc=0x00007fe29936aefc method=com.android.dx.rop.code.RegisterSpec.withSimpleType()Lcom/android/dx/rop/code/RegisterSpec; @ 21
Event: 6.471 Thread 0x00007fe2a800d000 Uncommon trap: reason=unstable_if action=reinterpret pc=0x00007fe2993db668 method=com.android.dx.cf.code.RopperMachine.run(Lcom/android/dx/cf/code/Frame;II)V @ 1500

Internal exceptions (6 events):
Event: 0.296 Thread 0x00007fe2a800d000 Exception <a 'java/lang/NoSuchMethodError': Method sun.misc.Unsafe.defineClass(Ljava/lang/String;[BII)Ljava/lang/Class; name or signature does not match> (0x000000076ab07cc0) thrown at [/ssd/Android/AOSP-openjdk/external/jetbrains/jdk/hotspot/src/share/vm
Event: 0.296 Thread 0x00007fe2a800d000 Exception <a 'java/lang/NoSuchMethodError': Method sun.misc.Unsafe.prefetchRead(Ljava/lang/Object;J)V name or signature does not match> (0x000000076ab07fa8) thrown at [/ssd/Android/AOSP-openjdk/external/jetbrains/jdk/hotspot/src/share/vm/prims/jni.cpp, li
Event: 3.317 Thread 0x00007fe2a8167800 Implicit null exception at 0x00007fe298eaf2e2 to 0x00007fe298eaf3db
Event: 5.131 Thread 0x00007fe2a8164000 Exception <a 'java/lang/ArrayIndexOutOfBoundsException': 18> (0x000000076d9a4f40) thrown at [/ssd/Android/AOSP-openjdk/external/jetbrains/jdk/hotspot/src/share/vm/interpreter/interpreterRuntime.cpp, line 366]
Event: 5.131 Thread 0x00007fe2a8164000 Exception <a 'java/lang/ArrayIndexOutOfBoundsException': 145> (0x000000076d9a6ac0) thrown at [/ssd/Android/AOSP-openjdk/external/jetbrains/jdk/hotspot/src/share/vm/interpreter/interpreterRuntime.cpp, line 366]
Event: 5.162 Thread 0x00007fe2a8164000 Exception <a 'java/lang/ArrayIndexOutOfBoundsException'> (0x000000076d9a7da8) thrown at [/ssd/Android/AOSP-openjdk/external/jetbrains/jdk/hotspot/src/share/vm/runtime/sharedRuntime.cpp, line 605]

Events (10 events):
Event: 6.572 Thread 0x00007fe2a8164000 DEOPT UNPACKING pc=0x00007fe298c19373 sp=0x00007fe2949b1bf0 mode 0
Event: 8.001 Thread 0x00007fe2a8164000 DEOPT PACKING pc=0x00007fe298f4dc8e sp=0x00007fe2949b1f60
Event: 8.001 Thread 0x00007fe2a8164000 DEOPT UNPACKING pc=0x00007fe298c19373 sp=0x00007fe2949b1ce8 mode 0
Event: 8.523 loading class com/android/dx/rop/code/RegisterSpec$1
Event: 8.523 loading class com/android/dx/rop/code/RegisterSpec$1 done
Event: 8.618 Thread 0x00007fe2a8167800 DEOPT PACKING pc=0x00007fe298f4dc8e sp=0x00007fe2947aff60
Event: 8.618 Thread 0x00007fe2a8167800 DEOPT UNPACKING pc=0x00007fe298c19373 sp=0x00007fe2947afce8 mode 0
Event: 8.619 Thread 0x00007fe2a8167800 DEOPT PACKING pc=0x00007fe298f4dc8e sp=0x00007fe2947aff60
Event: 8.619 Thread 0x00007fe2a8167800 DEOPT UNPACKING pc=0x00007fe298c19373 sp=0x00007fe2947afce8 mode 0
Event: 8.925 Executing VM operation: ParallelGCFailedAllocation


Dynamic libraries:
00400000-00401000 r-xp 00000000 08:05 267492                             /home/rockers/Android/android-studio/jre/bin/java
00600000-00601000 r--p 00000000 08:05 267492                             /home/rockers/Android/android-studio/jre/bin/java
00601000-00602000 rw-p 00001000 08:05 267492                             /home/rockers/Android/android-studio/jre/bin/java
00fc7000-00fe8000 rw-p 00000000 00:00 0                                  [heap]
6c0000000-6c5300000 rw-p 00000000 00:00 0 
6c5300000-76ab00000 ---p 00000000 00:00 0 
76ab00000-774800000 rw-p 00000000 00:00 0 
77d700000-7c0000000 ---p 00000000 00:00 0 
7c0000000-7c00a0000 rw-p 00000000 00:00 0 
7c00a0000-800000000 ---p 00000000 00:00 0 
7fe240000000-7fe240072000 rw-p 00000000 00:00 0 
7fe240072000-7fe244000000 ---p 00000000 00:00 0 
7fe248000000-7fe248021000 rw-p 00000000 00:00 0 
7fe248021000-7fe24c000000 ---p 00000000 00:00 0 
7fe24c000000-7fe24c02d000 rw-p 00000000 00:00 0 
7fe24c02d000-7fe250000000 ---p 00000000 00:00 0 
7fe250000000-7fe250030000 rw-p 00000000 00:00 0 
7fe250030000-7fe254000000 ---p 00000000 00:00 0 
7fe254000000-7fe254021000 rw-p 00000000 00:00 0 
7fe254021000-7fe258000000 ---p 00000000 00:00 0 
7fe258000000-7fe258021000 rw-p 00000000 00:00 0 
7fe258021000-7fe25c000000 ---p 00000000 00:00 0 
7fe25c000000-7fe25c021000 rw-p 00000000 00:00 0 
7fe25c021000-7fe260000000 ---p 00000000 00:00 0 
7fe260000000-7fe261deb000 rw-p 00000000 00:00 0 
7fe261deb000-7fe264000000 ---p 00000000 00:00 0 
7fe264000000-7fe264966000 rw-p 00000000 00:00 0 
7fe264966000-7fe268000000 ---p 00000000 00:00 0 
7fe268000000-7fe268021000 rw-p 00000000 00:00 0 
7fe268021000-7fe26c000000 ---p 00000000 00:00 0 
7fe26c000000-7fe26ddc5000 rw-p 00000000 00:00 0 
7fe26ddc5000-7fe270000000 ---p 00000000 00:00 0 
7fe270000000-7fe270021000 rw-p 00000000 00:00 0 
7fe270021000-7fe274000000 ---p 00000000 00:00 0 
7fe274000000-7fe274021000 rw-p 00000000 00:00 0 
7fe274021000-7fe278000000 ---p 00000000 00:00 0 
7fe278000000-7fe280000000 rw-p 00000000 00:00 0 
7fe280000000-7fe280021000 rw-p 00000000 00:00 0 
7fe280021000-7fe284000000 ---p 00000000 00:00 0 
7fe284000000-7fe28427d000 rw-p 00000000 00:00 0 
7fe28427d000-7fe288000000 ---p 00000000 00:00 0 
7fe288000000-7fe28802a000 rw-p 00000000 00:00 0 
7fe28802a000-7fe28c000000 ---p 00000000 00:00 0 
7fe28c000000-7fe28c029000 rw-p 00000000 00:00 0 
7fe28c029000-7fe290000000 ---p 00000000 00:00 0 
7fe290000000-7fe290021000 rw-p 00000000 00:00 0 
7fe290021000-7fe294000000 ---p 00000000 00:00 0 
7fe2944af000-7fe2944b2000 ---p 00000000 00:00 0 
7fe2944b2000-7fe2945b0000 rw-p 00000000 00:00 0 
7fe2945b0000-7fe2945b3000 ---p 00000000 00:00 0 
7fe2945b3000-7fe2946b1000 rw-p 00000000 00:00 0 
7fe2946b1000-7fe2946b4000 ---p 00000000 00:00 0 
7fe2946b4000-7fe2947b2000 rw-p 00000000 00:00 0 
7fe2947b2000-7fe2947b5000 ---p 00000000 00:00 0 
7fe2947b5000-7fe2948b3000 rw-p 00000000 00:00 0 
7fe2948b3000-7fe2948b6000 ---p 00000000 00:00 0 
7fe2948b6000-7fe2949b4000 rw-p 00000000 00:00 0 
7fe2949b4000-7fe2949b5000 ---p 00000000 00:00 0 
7fe2949b5000-7fe294ab5000 rw-p 00000000 00:00 0 
7fe294ab5000-7fe294ab8000 ---p 00000000 00:00 0 
7fe294ab8000-7fe294bb6000 rw-p 00000000 00:00 0 
7fe294bb6000-7fe294bb9000 ---p 00000000 00:00 0 
7fe294bb9000-7fe294cb7000 rw-p 00000000 00:00 0 
7fe294cb7000-7fe294cba000 ---p 00000000 00:00 0 
7fe294cba000-7fe294db8000 rw-p 00000000 00:00 0 
7fe294db8000-7fe294dbb000 ---p 00000000 00:00 0 
7fe294dbb000-7fe294eb9000 rw-p 00000000 00:00 0 
7fe294eb9000-7fe294ebc000 ---p 00000000 00:00 0 
7fe294ebc000-7fe294fba000 rw-p 00000000 00:00 0 
7fe294fba000-7fe295292000 r--p 00000000 08:01 1305777                    /usr/lib/locale/locale-archive
7fe295292000-7fe295295000 ---p 00000000 00:00 0 
7fe295295000-7fe295393000 rw-p 00000000 00:00 0 
7fe295393000-7fe295396000 ---p 00000000 00:00 0 
7fe295396000-7fe295494000 rw-p 00000000 00:00 0 
7fe295494000-7fe295495000 ---p 00000000 00:00 0 
7fe295495000-7fe296575000 rw-p 00000000 00:00 0 
7fe296575000-7fe296742000 r--s 03bec000 08:05 267938                     /home/rockers/Android/android-studio/jre/jre/lib/rt.jar
7fe296742000-7fe296e38000 rw-p 00000000 00:00 0 
7fe296e38000-7fe296fb8000 ---p 00000000 00:00 0 
7fe296fb8000-7fe2977b8000 rw-p 00000000 00:00 0 
7fe2977b8000-7fe2977b9000 ---p 00000000 00:00 0 
7fe2977b9000-7fe2978b9000 rw-p 00000000 00:00 0 
7fe2978b9000-7fe2978ba000 ---p 00000000 00:00 0 
7fe2978ba000-7fe2979ba000 rw-p 00000000 00:00 0 
7fe2979ba000-7fe2979bb000 ---p 00000000 00:00 0 
7fe2979bb000-7fe297ae5000 rw-p 00000000 00:00 0 
7fe297ae5000-7fe298011000 ---p 00000000 00:00 0 
7fe298011000-7fe29803b000 rw-p 00000000 00:00 0 
7fe29803b000-7fe298566000 ---p 00000000 00:00 0 
7fe298566000-7fe2985b5000 rw-p 00000000 00:00 0 
7fe2985b5000-7fe298811000 ---p 00000000 00:00 0 
7fe298811000-7fe298836000 rw-p 00000000 00:00 0 
7fe298836000-7fe298bd2000 ---p 00000000 00:00 0 
7fe298bd2000-7fe2994c2000 rwxp 00000000 00:00 0 
7fe2994c2000-7fe2a7bd2000 ---p 00000000 00:00 0 
7fe2a7bd2000-7fe2a7bec000 r-xp 00000000 08:05 392929                     /home/rockers/Android/android-studio/jre/jre/lib/amd64/libzip.so
7fe2a7bec000-7fe2a7dec000 ---p 0001a000 08:05 392929                     /home/rockers/Android/android-studio/jre/jre/lib/amd64/libzip.so
7fe2a7dec000-7fe2a7ded000 r--p 0001a000 08:05 392929                     /home/rockers/Android/android-studio/jre/jre/lib/amd64/libzip.so
7fe2a7ded000-7fe2a7dee000 rw-p 0001b000 08:05 392929                     /home/rockers/Android/android-studio/jre/jre/lib/amd64/libzip.so
7fe2a7dee000-7fe2a7df9000 r-xp 00000000 08:01 914156                     /lib/x86_64-linux-gnu/libnss_files-2.23.so
7fe2a7df9000-7fe2a7ff8000 ---p 0000b000 08:01 914156                     /lib/x86_64-linux-gnu/libnss_files-2.23.so
7fe2a7ff8000-7fe2a7ff9000 r--p 0000a000 08:01 914156                     /lib/x86_64-linux-gnu/libnss_files-2.23.so
7fe2a7ff9000-7fe2a7ffa000 rw-p 0000b000 08:01 914156                     /lib/x86_64-linux-gnu/libnss_files-2.23.so
7fe2a7ffa000-7fe2a8000000 rw-p 00000000 00:00 0 
7fe2a8000000-7fe2a83b2000 rw-p 00000000 00:00 0 
7fe2a83b2000-7fe2ac000000 ---p 00000000 00:00 0 
7fe2ac00b000-7fe2ac02c000 rw-p 00000000 00:00 0 
7fe2ac02c000-7fe2ac02d000 ---p 00000000 00:00 0 
7fe2ac02d000-7fe2ac12d000 rw-p 00000000 00:00 0 
7fe2ac12d000-7fe2ac138000 r-xp 00000000 08:01 914128                     /lib/x86_64-linux-gnu/libnss_nis-2.23.so
7fe2ac138000-7fe2ac337000 ---p 0000b000 08:01 914128                     /lib/x86_64-linux-gnu/libnss_nis-2.23.so
7fe2ac337000-7fe2ac338000 r--p 0000a000 08:01 914128                     /lib/x86_64-linux-gnu/libnss_nis-2.23.so
7fe2ac338000-7fe2ac339000 rw-p 0000b000 08:01 914128                     /lib/x86_64-linux-gnu/libnss_nis-2.23.so
7fe2ac339000-7fe2ac34f000 r-xp 00000000 08:01 914150                     /lib/x86_64-linux-gnu/libnsl-2.23.so
7fe2ac34f000-7fe2ac54e000 ---p 00016000 08:01 914150                     /lib/x86_64-linux-gnu/libnsl-2.23.so
7fe2ac54e000-7fe2ac54f000 r--p 00015000 08:01 914150                     /lib/x86_64-linux-gnu/libnsl-2.23.so
7fe2ac54f000-7fe2ac550000 rw-p 00016000 08:01 914150                     /lib/x86_64-linux-gnu/libnsl-2.23.so
7fe2ac550000-7fe2ac552000 rw-p 00000000 00:00 0 
7fe2ac552000-7fe2ac55a000 r-xp 00000000 08:01 914152                     /lib/x86_64-linux-gnu/libnss_compat-2.23.so
7fe2ac55a000-7fe2ac759000 ---p 00008000 08:01 914152                     /lib/x86_64-linux-gnu/libnss_compat-2.23.so
7fe2ac759000-7fe2ac75a000 r--p 00007000 08:01 914152                     /lib/x86_64-linux-gnu/libnss_compat-2.23.so
7fe2ac75a000-7fe2ac75b000 rw-p 00008000 08:01 914152                     /lib/x86_64-linux-gnu/libnss_compat-2.23.so
7fe2ac75b000-7fe2ac788000 r-xp 00000000 08:05 392919                     /home/rockers/Android/android-studio/jre/jre/lib/amd64/libjava.so
7fe2ac788000-7fe2ac987000 ---p 0002d000 08:05 392919                     /home/rockers/Android/android-studio/jre/jre/lib/amd64/libjava.so
7fe2ac987000-7fe2ac988000 r--p 0002c000 08:05 392919                     /home/rockers/Android/android-studio/jre/jre/lib/amd64/libjava.so
7fe2ac988000-7fe2ac98a000 rw-p 0002d000 08:05 392919                     /home/rockers/Android/android-studio/jre/jre/lib/amd64/libjava.so
7fe2ac98a000-7fe2ac99a000 r-xp 00000000 08:05 392903                     /home/rockers/Android/android-studio/jre/jre/lib/amd64/libverify.so
7fe2ac99a000-7fe2acb99000 ---p 00010000 08:05 392903                     /home/rockers/Android/android-studio/jre/jre/lib/amd64/libverify.so
7fe2acb99000-7fe2acb9b000 r--p 0000f000 08:05 392903                     /home/rockers/Android/android-studio/jre/jre/lib/amd64/libverify.so
7fe2acb9b000-7fe2acb9c000 rw-p 00011000 08:05 392903                     /home/rockers/Android/android-studio/jre/jre/lib/amd64/libverify.so
7fe2acb9c000-7fe2acba3000 r-xp 00000000 08:01 914126                     /lib/x86_64-linux-gnu/librt-2.23.so
7fe2acba3000-7fe2acda2000 ---p 00007000 08:01 914126                     /lib/x86_64-linux-gnu/librt-2.23.so
7fe2acda2000-7fe2acda3000 r--p 00006000 08:01 914126                     /lib/x86_64-linux-gnu/librt-2.23.so
7fe2acda3000-7fe2acda4000 rw-p 00007000 08:01 914126                     /lib/x86_64-linux-gnu/librt-2.23.so
7fe2acda4000-7fe2aceac000 r-xp 00000000 08:01 914146                     /lib/x86_64-linux-gnu/libm-2.23.so
7fe2aceac000-7fe2ad0ab000 ---p 00108000 08:01 914146                     /lib/x86_64-linux-gnu/libm-2.23.so
7fe2ad0ab000-7fe2ad0ac000 r--p 00107000 08:01 914146                     /lib/x86_64-linux-gnu/libm-2.23.so
7fe2ad0ac000-7fe2ad0ad000 rw-p 00108000 08:01 914146                     /lib/x86_64-linux-gnu/libm-2.23.so
7fe2ad0ad000-7fe2adc93000 r-xp 00000000 08:05 393245                     /home/rockers/Android/android-studio/jre/jre/lib/amd64/server/libjvm.so
7fe2adc93000-7fe2ade93000 ---p 00be6000 08:05 393245                     /home/rockers/Android/android-studio/jre/jre/lib/amd64/server/libjvm.so
7fe2ade93000-7fe2adf32000 r--p 00be6000 08:05 393245                     /home/rockers/Android/android-studio/jre/jre/lib/amd64/server/libjvm.so
7fe2adf32000-7fe2adf5b000 rw-p 00c85000 08:05 393245                     /home/rockers/Android/android-studio/jre/jre/lib/amd64/server/libjvm.so
7fe2adf5b000-7fe2adf9d000 rw-p 00000000 00:00 0 
7fe2adf9d000-7fe2adfb5000 r-xp 00000000 08:01 914148                     /lib/x86_64-linux-gnu/libpthread-2.23.so
7fe2adfb5000-7fe2ae1b4000 ---p 00018000 08:01 914148                     /lib/x86_64-linux-gnu/libpthread-2.23.so
7fe2ae1b4000-7fe2ae1b5000 r--p 00017000 08:01 914148                     /lib/x86_64-linux-gnu/libpthread-2.23.so
7fe2ae1b5000-7fe2ae1b6000 rw-p 00018000 08:01 914148                     /lib/x86_64-linux-gnu/libpthread-2.23.so
7fe2ae1b6000-7fe2ae1ba000 rw-p 00000000 00:00 0 
7fe2ae1ba000-7fe2ae1bd000 r-xp 00000000 08:01 914134                     /lib/x86_64-linux-gnu/libdl-2.23.so
7fe2ae1bd000-7fe2ae3bc000 ---p 00003000 08:01 914134                     /lib/x86_64-linux-gnu/libdl-2.23.so
7fe2ae3bc000-7fe2ae3bd000 r--p 00002000 08:01 914134                     /lib/x86_64-linux-gnu/libdl-2.23.so
7fe2ae3bd000-7fe2ae3be000 rw-p 00003000 08:01 914134                     /lib/x86_64-linux-gnu/libdl-2.23.so
7fe2ae3be000-7fe2ae57d000 r-xp 00000000 08:01 914136                     /lib/x86_64-linux-gnu/libc-2.23.so
7fe2ae57d000-7fe2ae77d000 ---p 001bf000 08:01 914136                     /lib/x86_64-linux-gnu/libc-2.23.so
7fe2ae77d000-7fe2ae781000 r--p 001bf000 08:01 914136                     /lib/x86_64-linux-gnu/libc-2.23.so
7fe2ae781000-7fe2ae783000 rw-p 001c3000 08:01 914136                     /lib/x86_64-linux-gnu/libc-2.23.so
7fe2ae783000-7fe2ae787000 rw-p 00000000 00:00 0 
7fe2ae787000-7fe2ae79d000 r-xp 00000000 08:05 392968                     /home/rockers/Android/android-studio/jre/lib/amd64/jli/libjli.so
7fe2ae79d000-7fe2ae99c000 ---p 00016000 08:05 392968                     /home/rockers/Android/android-studio/jre/lib/amd64/jli/libjli.so
7fe2ae99c000-7fe2ae99d000 r--p 00015000 08:05 392968                     /home/rockers/Android/android-studio/jre/lib/amd64/jli/libjli.so
7fe2ae99d000-7fe2ae99e000 rw-p 00016000 08:05 392968                     /home/rockers/Android/android-studio/jre/lib/amd64/jli/libjli.so
7fe2ae99e000-7fe2ae9c4000 r-xp 00000000 08:01 914114                     /lib/x86_64-linux-gnu/ld-2.23.so
7fe2ae9c7000-7fe2aea9a000 rw-p 00000000 00:00 0 
7fe2aea9a000-7fe2aea9d000 ---p 00000000 00:00 0 
7fe2aea9d000-7fe2aeb9f000 rw-p 00000000 00:00 0 
7fe2aeba9000-7fe2aebb7000 r--s 000e0000 08:05 667306                     /home/rockers/Android/Sdk/build-tools/24.0.1/lib/dx.jar
7fe2aebb7000-7fe2aebbf000 rw-s 00000000 08:01 401989                     /tmp/hsperfdata_rockers/28595
7fe2aebbf000-7fe2aebc0000 rw-p 00000000 00:00 0 
7fe2aebc0000-7fe2aebc1000 ---p 00000000 00:00 0 
7fe2aebc1000-7fe2aebc3000 rw-p 00000000 00:00 0 
7fe2aebc3000-7fe2aebc4000 r--p 00025000 08:01 914114                     /lib/x86_64-linux-gnu/ld-2.23.so
7fe2aebc4000-7fe2aebc5000 rw-p 00026000 08:01 914114                     /lib/x86_64-linux-gnu/ld-2.23.so
7fe2aebc5000-7fe2aebc6000 rw-p 00000000 00:00 0 
7ffc67553000-7ffc67576000 rw-p 00000000 00:00 0                          [stack]
7ffc675a5000-7ffc675a7000 r--p 00000000 00:00 0                          [vvar]
7ffc675a7000-7ffc675a9000 r-xp 00000000 00:00 0                          [vdso]
ffffffffff600000-ffffffffff601000 r-xp 00000000 00:00 0                  [vsyscall]

VM Arguments:
jvm_args: -Djava.awt.headless=true -Xmx4g -Dfile.encoding=UTF-8 -Duser.country=IN -Duser.language=en -Duser.variant 
java_command: com.android.dx.command.Main --dex --num-threads=4 --output /home/rockers/Rutvik/Reward/Reward/app/build/intermediates/transforms/dex/reward/debug/folders/1000/1f/main /home/rockers/Rutvik/Reward/Reward/app/build/intermediates/exploded-aar/com.digits.sdk.android/digits/1.11.1/jars/classes.jar /home/rockers/Rutvik/Reward/Reward/app/build/intermediates/exploded-aar/io.fabric.sdk.android/fabric/1.3.12/jars/classes.jar /home/rockers/Rutvik/Reward/Reward/app/build/intermediates/exploded-aar/com.android.support/appcompat-v7/25.0.0/jars/classes.jar /home/rockers/Rutvik/Reward/Reward/app/build/intermediates/exploded-aar/com.android.support/support-compat/25.0.0/jars/classes.jar /home/rockers/Rutvik/Reward/Reward/app/build/intermediates/exploded-aar/com.twitter.sdk.android/twitter-core/1.7.0/jars/classes.jar /home/rockers/Rutvik/Reward/Reward/app/libs/httpmime-4.5.2.jar /home/rockers/.gradle/caches/modules-2/files-2.1/com.twitter/twitter-text/1.13.0/78415b95ae3184c5926d593feab64bfc0b73b2dd/twitter-text-1.13.0.jar /home/rockers/Rutvik/Reward/Reward/app/build/intermediates/exploded-aar/com.facebook.android/facebook-android-sdk/4.19.0/jars/classes.jar /home/rockers/.gradle/caches/modules-2/files-2.1/com.squareup.picasso/picasso/2.5.2/7446d06ec8d4f7ffcc53f1da37c95f200dcb9387/picasso-2.5.2.jar /home/rockers/Rutvik/Reward/Reward/app/build/intermediates/exploded-aar/com.android.support/support-compat/25.0.0/jars/libs/internal_impl-25.0.0.jar /home/rockers/Rutvik/Reward/Reward/app/build/intermediates/exploded-aar/com.twitter.sdk.android/twitter/1.14.1/jars/classes.jar /home/rockers/Rutvik/Reward/Reward/app/build/intermediates/exploded-aar/com.android.support/support-core-utils/25.0.0/jars/libs/internal_impl-25.0.0.jar /home/rockers/Rutvik/Reward/Reward/app/build/intermediates/exploded-aar/com.android.support/customtabs/25.0.0/jars/classes.jar /home/rockers/Rutvik/Reward/Reward/app/build/intermediates/exploded-aar/com.android.support/support-vector-drawable/25.0.0/jars
java_class_path (initial): /home/rockers/Android/Sdk/build-tools/24.0.1/lib/dx.jar
Launcher Type: SUN_STANDARD

Environment Variables:
PATH=/home/rockers/bin:/home/rockers/.local/bin:/usr/local/sbin:/usr/local/bin:/usr/sbin:/usr/bin:/sbin:/bin:/usr/games:/usr/local/games:/snap/bin
LD_LIBRARY_PATH=./android-studio/bin:
SHELL=/bin/bash
DISPLAY=:0

Signal Handlers:
SIGSEGV: [libjvm.so+0x9daac0], sa_mask[0]=11111111011111111101111111111110, sa_flags=SA_RESTART|SA_SIGINFO
SIGBUS: [libjvm.so+0x9daac0], sa_mask[0]=11111111011111111101111111111110, sa_flags=SA_RESTART|SA_SIGINFO
SIGFPE: [libjvm.so+0x840d90], sa_mask[0]=11111111011111111101111111111110, sa_flags=SA_RESTART|SA_SIGINFO
SIGPIPE: [libjvm.so+0x840d90], sa_mask[0]=11111111011111111101111111111110, sa_flags=SA_RESTART|SA_SIGINFO
SIGXFSZ: [libjvm.so+0x840d90], sa_mask[0]=11111111011111111101111111111110, sa_flags=SA_RESTART|SA_SIGINFO
SIGILL: [libjvm.so+0x840d90], sa_mask[0]=11111111011111111101111111111110, sa_flags=SA_RESTART|SA_SIGINFO
SIGUSR1: SIG_DFL, sa_mask[0]=00000000000000000000000000000000, sa_flags=none
SIGUSR2: [libjvm.so+0x840c60], sa_mask[0]=00100000000000000000000000000000, sa_flags=SA_RESTART|SA_SIGINFO
SIGHUP: [libjvm.so+0x840e50], sa_mask[0]=11111111011111111101111111111110, sa_flags=SA_RESTART|SA_SIGINFO
SIGINT: [libjvm.so+0x840e50], sa_mask[0]=11111111011111111101111111111110, sa_flags=SA_RESTART|SA_SIGINFO
SIGTERM: [libjvm.so+0x840e50], sa_mask[0]=11111111011111111101111111111110, sa_flags=SA_RESTART|SA_SIGINFO
SIGQUIT: [libjvm.so+0x840e50], sa_mask[0]=11111111011111111101111111111110, sa_flags=SA_RESTART|SA_SIGINFO


---------------  S Y S T E M  ---------------

OS:DISTRIB_ID=Ubuntu
DISTRIB_RELEASE=16.04
DISTRIB_CODENAME=xenial
DISTRIB_DESCRIPTION="Ubuntu 16.04.1 LTS"

uname:Linux 4.4.0-64-generic #85-Ubuntu SMP Mon Feb 20 11:50:30 UTC 2017 x86_64
libc:glibc 2.23 NPTL 2.23 
rlimit: STACK 8192k, CORE 0k, NPROC 31131, NOFILE 65536, AS infinity
load average:4.11 2.41 2.92

/proc/meminfo:
MemTotal:        8009940 kB
MemFree:          127728 kB
MemAvailable:      48872 kB
Buffers:            2192 kB
Cached:           479252 kB
SwapCached:            0 kB
Active:          7249140 kB
Inactive:         409244 kB
Active(anon):    7222360 kB
Inactive(anon):   380040 kB
Active(file):      26780 kB
Inactive(file):    29204 kB
Unevictable:         172 kB
Mlocked:             172 kB
SwapTotal:             0 kB
SwapFree:              0 kB
Dirty:              3448 kB
Writeback:             0 kB
AnonPages:       7177416 kB
Mapped:           182096 kB
Shmem:            425184 kB
Slab:             105240 kB
SReclaimable:      56192 kB
SUnreclaim:        49048 kB
KernelStack:       14704 kB
PageTables:        60812 kB
NFS_Unstable:          0 kB
Bounce:                0 kB
WritebackTmp:          0 kB
CommitLimit:     4004968 kB
Committed_AS:   13187144 kB
VmallocTotal:   34359738367 kB
VmallocUsed:           0 kB
VmallocChunk:          0 kB
HardwareCorrupted:     0 kB
AnonHugePages:   3770368 kB
CmaTotal:              0 kB
CmaFree:               0 kB
HugePages_Total:       0
HugePages_Free:        0
HugePages_Rsvd:        0
HugePages_Surp:        0
Hugepagesize:       2048 kB
DirectMap4k:      213744 kB
DirectMap2M:     8007680 kB


CPU:total 4 (2 cores per cpu, 2 threads per core) family 6 model 58 stepping 9, cmov, cx8, fxsr, mmx, sse, sse2, sse3, ssse3, sse4.1, sse4.2, popcnt, avx, clmul, erms, ht, tsc, tscinvbit, tscinv

/proc/cpuinfo:
processor	: 0
vendor_id	: GenuineIntel
cpu family	: 6
model		: 58
model name	: Intel(R) Core(TM) i3-3210 CPU @ 3.20GHz
stepping	: 9
microcode	: 0x15
cpu MHz		: 3199.875
cache size	: 3072 KB
physical id	: 0
siblings	: 4
core id		: 0
cpu cores	: 2
apicid		: 0
initial apicid	: 0
fpu		: yes
fpu_exception	: yes
cpuid level	: 13
wp		: yes
flags		: fpu vme de pse tsc msr pae mce cx8 apic sep mtrr pge mca cmov pat pse36 clflush dts acpi mmx fxsr sse sse2 ss ht tm pbe syscall nx rdtscp lm constant_tsc arch_perfmon pebs bts rep_good nopl xtopology nonstop_tsc aperfmperf eagerfpu pni pclmulqdq dtes64 monitor ds_cpl vmx est tm2 ssse3 cx16 xtpr pdcm pcid sse4_1 sse4_2 popcnt tsc_deadline_timer xsave avx f16c lahf_lm epb tpr_shadow vnmi flexpriority ept vpid fsgsbase smep erms xsaveopt dtherm arat pln pts
bugs		:
bogomips	: 6385.66
clflush size	: 64
cache_alignment	: 64
address sizes	: 36 bits physical, 48 bits virtual
power management:

processor	: 1
vendor_id	: GenuineIntel
cpu family	: 6
model		: 58
model name	: Intel(R) Core(TM) i3-3210 CPU @ 3.20GHz
stepping	: 9
microcode	: 0x15
cpu MHz		: 3200.125
cache size	: 3072 KB
physical id	: 0
siblings	: 4
core id		: 1
cpu cores	: 2
apicid		: 2
initial apicid	: 2
fpu		: yes
fpu_exception	: yes
cpuid level	: 13
wp		: yes
flags		: fpu vme de pse tsc msr pae mce cx8 apic sep mtrr pge mca cmov pat pse36 clflush dts acpi mmx fxsr sse sse2 ss ht tm pbe syscall nx rdtscp lm constant_tsc arch_perfmon pebs bts rep_good nopl xtopology nonstop_tsc aperfmperf eagerfpu pni pclmulqdq dtes64 monitor ds_cpl vmx est tm2 ssse3 cx16 xtpr pdcm pcid sse4_1 sse4_2 popcnt tsc_deadline_timer xsave avx f16c lahf_lm epb tpr_shadow vnmi flexpriority ept vpid fsgsbase smep erms xsaveopt dtherm arat pln pts
bugs		:
bogomips	: 6385.66
clflush size	: 64
cache_alignment	: 64
address sizes	: 36 bits physical, 48 bits virtual
power management:

processor	: 2
vendor_id	: GenuineIntel
cpu family	: 6
model		: 58
model name	: Intel(R) Core(TM) i3-3210 CPU @ 3.20GHz
stepping	: 9
microcode	: 0x15
cpu MHz		: 3199.500
cache size	: 3072 KB
physical id	: 0
siblings	: 4
core id		: 0
cpu cores	: 2
apicid		: 1
initial apicid	: 1
fpu		: yes
fpu_exception	: yes
cpuid level	: 13
wp		: yes
flags		: fpu vme de pse tsc msr pae mce cx8 apic sep mtrr pge mca cmov pat pse36 clflush dts acpi mmx fxsr sse sse2 ss ht tm pbe syscall nx rdtscp lm constant_tsc arch_perfmon pebs bts rep_good nopl xtopology nonstop_tsc aperfmperf eagerfpu pni pclmulqdq dtes64 monitor ds_cpl vmx est tm2 ssse3 cx16 xtpr pdcm pcid sse4_1 sse4_2 popcnt tsc_deadline_timer xsave avx f16c lahf_lm epb tpr_shadow vnmi flexpriority ept vpid fsgsbase smep erms xsaveopt dtherm arat pln pts
bugs		:
bogomips	: 6385.66
clflush size	: 64
cache_alignment	: 64
address sizes	: 36 bits physical, 48 bits virtual
power management:

processor	: 3
vendor_id	: GenuineIntel
cpu family	: 6
model		: 58
model name	: Intel(R) Core(TM) i3-3210 CPU @ 3.20GHz
stepping	: 9
microcode	: 0x15
cpu MHz		: 3200.125
cache size	: 3072 KB
physical id	: 0
siblings	: 4
core id		: 1
cpu cores	: 2
apicid		: 3
initial apicid	: 3
fpu		: yes
fpu_exception	: yes
cpuid level	: 13
wp		: yes
flags		: fpu vme de pse tsc msr pae mce cx8 apic sep mtrr pge mca cmov pat pse36 clflush dts acpi mmx fxsr sse sse2 ss ht tm pbe syscall nx rdtscp lm constant_tsc arch_perfmon pebs bts rep_good nopl xtopology nonstop_tsc aperfmperf eagerfpu pni pclmulqdq dtes64 monitor ds_cpl vmx est tm2 ssse3 cx16 xtpr pdcm pcid sse4_1 sse4_2 popcnt tsc_deadline_timer xsave avx f16c lahf_lm epb tpr_shadow vnmi flexpriority ept vpid fsgsbase smep erms xsaveopt dtherm arat pln pts
bugs		:
bogomips	: 6385.66
clflush size	: 64
cache_alignment	: 64
address sizes	: 36 bits physical, 48 bits virtual
power management:



Memory: 4k page, physical 8009940k(127728k free), swap 0k(0k free)

vm_info: OpenJDK 64-Bit Server VM (25.76-b03) for linux-amd64 JRE (1.8.0_76-release-b03), built on Jun 29 2016 09:39:19 by "builder" with gcc 4.8.4

time: Wed Mar  1 12:22:58 2017
elapsed time: 10 seconds (0d 0h 0m 10s)

