#
# There is insufficient memory for the Java Runtime Environment to continue.
# Native memory allocation (mmap) failed to map 146800640 bytes for committing reserved memory.
# Possible reasons:
#   The system is out of physical RAM or swap space
#   In 32 bit mode, the process size limit was hit
# Possible solutions:
#   Reduce memory load on the system
#   Increase physical memory or swap space
#   Check if swap backing store is full
#   Use 64 bit Java on a 64 bit OS
#   Decrease Java heap size (-Xmx/-Xms)
#   Decrease number of Java threads
#   Decrease Java thread stack sizes (-Xss)
#   Set larger code cache with -XX:ReservedCodeCacheSize=
# This output file may be truncated or incomplete.
#
#  Out of Memory Error (os_linux.cpp:2627), pid=24939, tid=0x00007f915f7f7700
#
# JRE version: OpenJDK Runtime Environment (8.0_76-b03) (build 1.8.0_76-release-b03)
# Java VM: OpenJDK 64-Bit Server VM (25.76-b03 mixed mode linux-amd64 compressed oops)
# Failed to write core dump. Core dumps have been disabled. To enable core dumping, try "ulimit -c unlimited" before starting Java again
#

---------------  T H R E A D  ---------------

Current thread (0x00007f918407b000):  VMThread [stack: 0x00007f915f6f7000,0x00007f915f7f8000] [id=24949]

Stack: [0x00007f915f6f7000,0x00007f915f7f8000],  sp=0x00007f915f7f64c0,  free space=1021k
Native frames: (J=compiled Java code, j=interpreted, Vv=VM code, C=native code)
V  [libjvm.so+0x9d9fcd]  VMError::report_and_die()+0x15d
V  [libjvm.so+0x4b4d4a]  report_vm_out_of_memory(char const*, int, unsigned long, VMErrorType, char const*)+0x8a
V  [libjvm.so+0x845190]  os::pd_commit_memory(char*, unsigned long, unsigned long, bool)+0xf0
V  [libjvm.so+0x83fcbf]  os::commit_memory(char*, unsigned long, unsigned long, bool)+0x1f
V  [libjvm.so+0x8b4d9b]  PSVirtualSpace::expand_by(unsigned long)+0x5b
V  [libjvm.so+0x8b5a10]  PSYoungGen::resize_generation(unsigned long, unsigned long)+0xb0
V  [libjvm.so+0x8b5d2b]  PSYoungGen::resize(unsigned long, unsigned long)+0x1b
V  [libjvm.so+0x8b241c]  PSScavenge::invoke_no_policy()+0xdac
V  [libjvm.so+0x8b2bf8]  PSScavenge::invoke()+0x38
V  [libjvm.so+0x8681f3]  ParallelScavengeHeap::failed_mem_allocate(unsigned long)+0x63
V  [libjvm.so+0x9dba94]  VM_ParallelGCFailedAllocation::doit()+0x84
V  [libjvm.so+0x9dfe47]  VM_Operation::evaluate()+0x47
V  [libjvm.so+0x9de908]  VMThread::evaluate_operation(VM_Operation*)+0x2c8
V  [libjvm.so+0x9ded89]  VMThread::loop()+0x219
V  [libjvm.so+0x9df1d2]  VMThread::run()+0x72
V  [libjvm.so+0x8425b2]  java_start(Thread*)+0xf2

VM_Operation (0x00007f9189e3e4b0): ParallelGCFailedAllocation, mode: safepoint, requested by thread 0x00007f918400d800


---------------  P R O C E S S  ---------------

Java Threads: ( => current thread )
  0x00007f91840cb000 JavaThread "Service Thread" daemon [_thread_blocked, id=24956, stack(0x00007f915ed18000,0x00007f915ee19000)]
  0x00007f91840c0000 JavaThread "C1 CompilerThread2" daemon [_thread_blocked, id=24955, stack(0x00007f915ee19000,0x00007f915ef1a000)]
  0x00007f91840be000 JavaThread "C2 CompilerThread1" daemon [_thread_blocked, id=24954, stack(0x00007f915ef1a000,0x00007f915f01b000)]
  0x00007f91840bb000 JavaThread "C2 CompilerThread0" daemon [_thread_blocked, id=24953, stack(0x00007f915f01b000,0x00007f915f11c000)]
  0x00007f91840ba000 JavaThread "Signal Dispatcher" daemon [_thread_blocked, id=24952, stack(0x00007f915f11c000,0x00007f915f21d000)]
  0x00007f9184087000 JavaThread "Finalizer" daemon [_thread_blocked, id=24951, stack(0x00007f915f4f5000,0x00007f915f5f6000)]
  0x00007f9184082800 JavaThread "Reference Handler" daemon [_thread_blocked, id=24950, stack(0x00007f915f5f6000,0x00007f915f6f7000)]
  0x00007f918400d800 JavaThread "main" [_thread_blocked, id=24944, stack(0x00007f9189d3f000,0x00007f9189e40000)]

Other Threads:
=>0x00007f918407b000 VMThread [stack: 0x00007f915f6f7000,0x00007f915f7f8000] [id=24949]
  0x00007f91840cd800 WatcherThread [stack: 0x00007f915ec17000,0x00007f915ed18000] [id=24957]

VM state:at safepoint (normal execution)

VM Mutex/Monitor currently owned by a thread:  ([mutex/lock_event])
[0x00007f9184009ed0] Threads_lock - owner thread: 0x00007f918407b000
[0x00007f918400a3d0] Heap_lock - owner thread: 0x00007f918400d800

Heap:
 PSYoungGen      total 68608K, used 5118K [0x00000000eab00000, 0x00000000ef300000, 0x0000000100000000)
  eden space 63488K, 0% used [0x00000000eab00000,0x00000000eab00000,0x00000000ee900000)
  from space 5120K, 99% used [0x00000000ee900000,0x00000000eedffb70,0x00000000eee00000)
  to   space 5120K, 0% used [0x00000000eee00000,0x00000000eee00000,0x00000000ef300000)
 ParOldGen       total 84992K, used 64904K [0x00000000c0000000, 0x00000000c5300000, 0x00000000eab00000)
  object space 84992K, 76% used [0x00000000c0000000,0x00000000c3f623e0,0x00000000c5300000)
 Metaspace       used 4667K, capacity 5424K, committed 5632K, reserved 1056768K
  class space    used 477K, capacity 488K, committed 512K, reserved 1048576K

Card table byte_map: [0x00007f917399a000,0x00007f9173b9b000] byte_map_base: 0x00007f917339a000

Marking Bits: (ParMarkBitMap*) 0x00007f91892151a0
 Begin Bits: [0x00007f9171440000, 0x00007f9172440000)
 End Bits:   [0x00007f9172440000, 0x00007f9173440000)

Polling page: 0x00007f9189e65000

CodeCache: size=245760Kb used=3614Kb max_used=3627Kb free=242145Kb
 bounds [0x00007f9173f5b000, 0x00007f91742fb000, 0x00007f9182f5b000]
 total_blobs=1309 nmethods=1036 adapters=188
 compilation: enabled

Compilation events (10 events):
Event: 2.502 Thread 0x00007f91840bb000 1043       4       java.util.TreeMap::compare (32 bytes)
Event: 2.504 Thread 0x00007f91840bb000 nmethod 1043 0x00007f91742e71d0 code [0x00007f91742e7340, 0x00007f91742e7578]
Event: 2.526 Thread 0x00007f91840bb000 1044       4       com.android.dx.merge.DexMerger$2::write (9 bytes)
Event: 2.528 Thread 0x00007f91840be000 1045       4       com.android.dx.merge.IndexMap::adjustTypeList (58 bytes)
Event: 2.529 Thread 0x00007f91840bb000 nmethod 1044 0x00007f91742e7710 code [0x00007f91742e7880, 0x00007f91742e7ab8]
Event: 2.529 Thread 0x00007f91840bb000 1046       4       com.android.dx.merge.DexMerger$3::read (8 bytes)
Event: 2.535 Thread 0x00007f91840be000 nmethod 1045 0x00007f91742e6b10 code [0x00007f91742e6c80, 0x00007f91742e6fd8]
Event: 2.535 Thread 0x00007f91840be000 1047       4       com.android.dex.Dex$Section::writeTypeList (50 bytes)
Event: 2.547 Thread 0x00007f91840be000 nmethod 1047 0x00007f91742e5c50 code [0x00007f91742e5de0, 0x00007f91742e64b8]
Event: 2.547 Thread 0x00007f91840be000 1050       4       java.util.HashMap::getNode (148 bytes)

GC Heap History (9 events):
Event: 1.293 GC heap before
{Heap before GC invocations=1 (full 0):
 PSYoungGen      total 36864K, used 31156K [0x00000000eab00000, 0x00000000ed400000, 0x0000000100000000)
  eden space 31744K, 98% used [0x00000000eab00000,0x00000000ec96d2a0,0x00000000eca00000)
  from space 5120K, 0% used [0x00000000ecf00000,0x00000000ecf00000,0x00000000ed400000)
  to   space 5120K, 0% used [0x00000000eca00000,0x00000000eca00000,0x00000000ecf00000)
 ParOldGen       total 84992K, used 0K [0x00000000c0000000, 0x00000000c5300000, 0x00000000eab00000)
  object space 84992K, 0% used [0x00000000c0000000,0x00000000c0000000,0x00000000c5300000)
 Metaspace       used 3662K, capacity 4880K, committed 5120K, reserved 1056768K
  class space    used 382K, capacity 456K, committed 512K, reserved 1048576K
Event: 1.301 GC heap after
Heap after GC invocations=1 (full 0):
 PSYoungGen      total 36864K, used 5109K [0x00000000eab00000, 0x00000000ed400000, 0x0000000100000000)
  eden space 31744K, 0% used [0x00000000eab00000,0x00000000eab00000,0x00000000eca00000)
  from space 5120K, 99% used [0x00000000eca00000,0x00000000ecefd4b0,0x00000000ecf00000)
  to   space 5120K, 0% used [0x00000000ecf00000,0x00000000ecf00000,0x00000000ed400000)
 ParOldGen       total 84992K, used 3387K [0x00000000c0000000, 0x00000000c5300000, 0x00000000eab00000)
  object space 84992K, 3% used [0x00000000c0000000,0x00000000c034ece0,0x00000000c5300000)
 Metaspace       used 3662K, capacity 4880K, committed 5120K, reserved 1056768K
  class space    used 382K, capacity 456K, committed 512K, reserved 1048576K
}
Event: 1.520 GC heap before
{Heap before GC invocations=2 (full 0):
 PSYoungGen      total 36864K, used 36853K [0x00000000eab00000, 0x00000000ed400000, 0x0000000100000000)
  eden space 31744K, 100% used [0x00000000eab00000,0x00000000eca00000,0x00000000eca00000)
  from space 5120K, 99% used [0x00000000eca00000,0x00000000ecefd4b0,0x00000000ecf00000)
  to   space 5120K, 0% used [0x00000000ecf00000,0x00000000ecf00000,0x00000000ed400000)
 ParOldGen       total 84992K, used 3387K [0x00000000c0000000, 0x00000000c5300000, 0x00000000eab00000)
  object space 84992K, 3% used [0x00000000c0000000,0x00000000c034ece0,0x00000000c5300000)
 Metaspace       used 3773K, capacity 4944K, committed 5120K, reserved 1056768K
  class space    used 392K, capacity 456K, committed 512K, reserved 1048576K
Event: 1.546 GC heap after
Heap after GC invocations=2 (full 0):
 PSYoungGen      total 36864K, used 5103K [0x00000000eab00000, 0x00000000ef300000, 0x0000000100000000)
  eden space 31744K, 0% used [0x00000000eab00000,0x00000000eab00000,0x00000000eca00000)
  from space 5120K, 99% used [0x00000000ecf00000,0x00000000ed3fbfc8,0x00000000ed400000)
  to   space 5120K, 0% used [0x00000000eca00000,0x00000000eca00000,0x00000000ecf00000)
 ParOldGen       total 84992K, used 35960K [0x00000000c0000000, 0x00000000c5300000, 0x00000000eab00000)
  object space 84992K, 42% used [0x00000000c0000000,0x00000000c231e188,0x00000000c5300000)
 Metaspace       used 3773K, capacity 4944K, committed 5120K, reserved 1056768K
  class space    used 392K, capacity 456K, committed 512K, reserved 1048576K
}
Event: 1.811 GC heap before
{Heap before GC invocations=3 (full 0):
 PSYoungGen      total 36864K, used 36847K [0x00000000eab00000, 0x00000000ef300000, 0x0000000100000000)
  eden space 31744K, 100% used [0x00000000eab00000,0x00000000eca00000,0x00000000eca00000)
  from space 5120K, 99% used [0x00000000ecf00000,0x00000000ed3fbfc8,0x00000000ed400000)
  to   space 5120K, 0% used [0x00000000eca00000,0x00000000eca00000,0x00000000ecf00000)
 ParOldGen       total 84992K, used 35960K [0x00000000c0000000, 0x00000000c5300000, 0x00000000eab00000)
  object space 84992K, 42% used [0x00000000c0000000,0x00000000c231e188,0x00000000c5300000)
 Metaspace       used 3945K, capacity 5072K, committed 5376K, reserved 1056768K
  class space    used 402K, capacity 456K, committed 512K, reserved 1048576K
Event: 1.824 GC heap after
Heap after GC invocations=3 (full 0):
 PSYoungGen      total 36864K, used 5093K [0x00000000eab00000, 0x00000000ef300000, 0x0000000100000000)
  eden space 31744K, 0% used [0x00000000eab00000,0x00000000eab00000,0x00000000eca00000)
  from space 5120K, 99% used [0x00000000eca00000,0x00000000ecef94a0,0x00000000ecf00000)
  to   space 5120K, 0% used [0x00000000eee00000,0x00000000eee00000,0x00000000ef300000)
 ParOldGen       total 84992K, used 37543K [0x00000000c0000000, 0x00000000c5300000, 0x00000000eab00000)
  object space 84992K, 44% used [0x00000000c0000000,0x00000000c24a9d08,0x00000000c5300000)
 Metaspace       used 3945K, capacity 5072K, committed 5376K, reserved 1056768K
  class space    used 402K, capacity 456K, committed 512K, reserved 1048576K
}
Event: 2.215 GC heap before
{Heap before GC invocations=4 (full 0):
 PSYoungGen      total 36864K, used 36837K [0x00000000eab00000, 0x00000000ef300000, 0x0000000100000000)
  eden space 31744K, 100% used [0x00000000eab00000,0x00000000eca00000,0x00000000eca00000)
  from space 5120K, 99% used [0x00000000eca00000,0x00000000ecef94a0,0x00000000ecf00000)
  to   space 5120K, 0% used [0x00000000eee00000,0x00000000eee00000,0x00000000ef300000)
 ParOldGen       total 84992K, used 37543K [0x00000000c0000000, 0x00000000c5300000, 0x00000000eab00000)
  object space 84992K, 44% used [0x00000000c0000000,0x00000000c24a9d08,0x00000000c5300000)
 Metaspace       used 4349K, capacity 5424K, committed 5632K, reserved 1056768K
  class space    used 444K, capacity 488K, committed 512K, reserved 1048576K
Event: 2.240 GC heap after
Heap after GC invocations=4 (full 0):
 PSYoungGen      total 68608K, used 5107K [0x00000000eab00000, 0x00000000ef300000, 0x0000000100000000)
  eden space 63488K, 0% used [0x00000000eab00000,0x00000000eab00000,0x00000000ee900000)
  from space 5120K, 99% used [0x00000000eee00000,0x00000000ef2fcda0,0x00000000ef300000)
  to   space 5120K, 0% used [0x00000000ee900000,0x00000000ee900000,0x00000000eee00000)
 ParOldGen       total 84992K, used 40296K [0x00000000c0000000, 0x00000000c5300000, 0x00000000eab00000)
  object space 84992K, 47% used [0x00000000c0000000,0x00000000c275a3d0,0x00000000c5300000)
 Metaspace       used 4349K, capacity 5424K, committed 5632K, reserved 1056768K
  class space    used 444K, capacity 488K, committed 512K, reserved 1048576K
}
Event: 2.547 GC heap before
{Heap before GC invocations=5 (full 0):
 PSYoungGen      total 68608K, used 68595K [0x00000000eab00000, 0x00000000ef300000, 0x0000000100000000)
  eden space 63488K, 100% used [0x00000000eab00000,0x00000000ee900000,0x00000000ee900000)
  from space 5120K, 99% used [0x00000000eee00000,0x00000000ef2fcda0,0x00000000ef300000)
  to   space 5120K, 0% used [0x00000000ee900000,0x00000000ee900000,0x00000000eee00000)
 ParOldGen       total 84992K, used 40296K [0x00000000c0000000, 0x00000000c5300000, 0x00000000eab00000)
  object space 84992K, 47% used [0x00000000c0000000,0x00000000c275a3d0,0x00000000c5300000)
 Metaspace       used 4667K, capacity 5424K, committed 5632K, reserved 1056768K
  class space    used 477K, capacity 488K, committed 512K, reserved 1048576K

Deoptimization events (10 events):
Event: 2.018 Thread 0x00007f918400d800 Uncommon trap: reason=unstable_if action=reinterpret pc=0x00007f917418b958 method=java.util.HashMap.getNode(ILjava/lang/Object;)Ljava/util/HashMap$Node; @ 84
Event: 2.391 Thread 0x00007f918400d800 Uncommon trap: reason=unstable_if action=reinterpret pc=0x00007f91740c1008 method=java.lang.String.replace(CC)Ljava/lang/String; @ 2
Event: 2.392 Thread 0x00007f918400d800 Uncommon trap: reason=unstable_if action=reinterpret pc=0x00007f917409f604 method=java.lang.String.indexOf(II)I @ 49
Event: 2.393 Thread 0x00007f918400d800 Uncommon trap: reason=speculate_class_check action=maybe_recompile pc=0x00007f91741e6534 method=java.util.HashMap.putVal(ILjava/lang/Object;Ljava/lang/Object;ZZ)Ljava/lang/Object; @ 56
Event: 2.393 Thread 0x00007f918400d800 Uncommon trap: reason=speculate_class_check action=maybe_recompile pc=0x00007f91741e6534 method=java.util.HashMap.putVal(ILjava/lang/Object;Ljava/lang/Object;ZZ)Ljava/lang/Object; @ 56
Event: 2.393 Thread 0x00007f918400d800 Uncommon trap: reason=speculate_class_check action=maybe_recompile pc=0x00007f91741e6534 method=java.util.HashMap.putVal(ILjava/lang/Object;Ljava/lang/Object;ZZ)Ljava/lang/Object; @ 56
Event: 2.393 Thread 0x00007f918400d800 Uncommon trap: reason=speculate_class_check action=maybe_recompile pc=0x00007f91741e6588 method=java.util.HashMap.putVal(ILjava/lang/Object;Ljava/lang/Object;ZZ)Ljava/lang/Object; @ 152
Event: 2.393 Thread 0x00007f918400d800 Uncommon trap: reason=speculate_class_check action=maybe_recompile pc=0x00007f91741e6588 method=java.util.HashMap.putVal(ILjava/lang/Object;Ljava/lang/Object;ZZ)Ljava/lang/Object; @ 152
Event: 2.498 Thread 0x00007f918400d800 Uncommon trap: reason=unstable_if action=reinterpret pc=0x00007f91741c87a4 method=com.android.dx.merge.DexMerger$IdMerger.mergeSorted()V @ 103
Event: 2.498 Thread 0x00007f918400d800 Uncommon trap: reason=unstable_if action=reinterpret pc=0x00007f917418ad74 method=com.android.dx.merge.DexMerger$IdMerger.readIntoMap(Lcom/android/dex/Dex$Section;Lcom/android/dex/TableOfContents$Section;Lcom/android/dx/merge/IndexMap;ILjava/util/TreeMap;

Internal exceptions (3 events):
Event: 0.475 Thread 0x00007f918400d800 Exception <a 'java/lang/NoSuchMethodError': Method sun.misc.Unsafe.defineClass(Ljava/lang/String;[BII)Ljava/lang/Class; name or signature does not match> (0x00000000eab07cc0) thrown at [/ssd/Android/AOSP-openjdk/external/jetbrains/jdk/hotspot/src/share/vm
Event: 0.475 Thread 0x00007f918400d800 Exception <a 'java/lang/NoSuchMethodError': Method sun.misc.Unsafe.prefetchRead(Ljava/lang/Object;J)V name or signature does not match> (0x00000000eab07fa8) thrown at [/ssd/Android/AOSP-openjdk/external/jetbrains/jdk/hotspot/src/share/vm/prims/jni.cpp, li
Event: 2.498 Thread 0x00007f918400d800 Implicit null exception at 0x00007f917418a7b4 to 0x00007f917418ad4d

Events (10 events):
Event: 2.498 Thread 0x00007f918400d800 Uncommon trap: trap_request=0xffffff65 fr.pc=0x00007f917418ad74
Event: 2.498 Thread 0x00007f918400d800 DEOPT PACKING pc=0x00007f917418ad74 sp=0x00007f9189e3e560
Event: 2.498 Thread 0x00007f918400d800 DEOPT UNPACKING pc=0x00007f9173f5ff69 sp=0x00007f9189e3e540 mode 2
Event: 2.526 Thread 0x00007f918400d800 DEOPT PACKING pc=0x00007f91742e4209 sp=0x00007f9189e3e590
Event: 2.526 Thread 0x00007f918400d800 DEOPT UNPACKING pc=0x00007f9173fa2373 sp=0x00007f9189e3e388 mode 0
Event: 2.539 Thread 0x00007f918400d800 DEOPT PACKING pc=0x00007f91742e4209 sp=0x00007f9189e3e590
Event: 2.539 Thread 0x00007f918400d800 DEOPT UNPACKING pc=0x00007f9173fa2373 sp=0x00007f9189e3e388 mode 0
Event: 2.546 Thread 0x00007f918400d800 DEOPT PACKING pc=0x00007f91742e4209 sp=0x00007f9189e3e590
Event: 2.546 Thread 0x00007f918400d800 DEOPT UNPACKING pc=0x00007f9173fa2373 sp=0x00007f9189e3e388 mode 0
Event: 2.547 Executing VM operation: ParallelGCFailedAllocation


Dynamic libraries:
00400000-00401000 r-xp 00000000 08:05 267492                             /home/rockers/Android/android-studio/jre/bin/java
00600000-00601000 r--p 00000000 08:05 267492                             /home/rockers/Android/android-studio/jre/bin/java
00601000-00602000 rw-p 00001000 08:05 267492                             /home/rockers/Android/android-studio/jre/bin/java
00984000-009a5000 rw-p 00000000 00:00 0                                  [heap]
c0000000-c5300000 rw-p 00000000 00:00 0 
c5300000-eab00000 ---p 00000000 00:00 0 
eab00000-ef300000 rw-p 00000000 00:00 0 
f7f00000-100000000 ---p 00000000 00:00 0 
100000000-100080000 rw-p 00000000 00:00 0 
100080000-140000000 ---p 00000000 00:00 0 
7f9138000000-7f9138021000 rw-p 00000000 00:00 0 
7f9138021000-7f913c000000 ---p 00000000 00:00 0 
7f913c000000-7f913c021000 rw-p 00000000 00:00 0 
7f913c021000-7f9140000000 ---p 00000000 00:00 0 
7f9140000000-7f9140a5a000 rw-p 00000000 00:00 0 
7f9140a5a000-7f9144000000 ---p 00000000 00:00 0 
7f9144000000-7f91443d2000 rw-p 00000000 00:00 0 
7f91443d2000-7f9148000000 ---p 00000000 00:00 0 
7f9148000000-7f9148021000 rw-p 00000000 00:00 0 
7f9148021000-7f914c000000 ---p 00000000 00:00 0 
7f914c000000-7f914cbcf000 rw-p 00000000 00:00 0 
7f914cbcf000-7f9150000000 ---p 00000000 00:00 0 
7f9150000000-7f9150021000 rw-p 00000000 00:00 0 
7f9150021000-7f9154000000 ---p 00000000 00:00 0 
7f9154000000-7f9154021000 rw-p 00000000 00:00 0 
7f9154021000-7f9158000000 ---p 00000000 00:00 0 
7f9158000000-7f915827d000 rw-p 00000000 00:00 0 
7f915827d000-7f915c000000 ---p 00000000 00:00 0 
7f915ec17000-7f915ec18000 ---p 00000000 00:00 0 
7f915ec18000-7f915ed18000 rw-p 00000000 00:00 0 
7f915ed18000-7f915ed1b000 ---p 00000000 00:00 0 
7f915ed1b000-7f915ee19000 rw-p 00000000 00:00 0 
7f915ee19000-7f915ee1c000 ---p 00000000 00:00 0 
7f915ee1c000-7f915ef1a000 rw-p 00000000 00:00 0 
7f915ef1a000-7f915ef1d000 ---p 00000000 00:00 0 
7f915ef1d000-7f915f01b000 rw-p 00000000 00:00 0 
7f915f01b000-7f915f01e000 ---p 00000000 00:00 0 
7f915f01e000-7f915f11c000 rw-p 00000000 00:00 0 
7f915f11c000-7f915f11f000 ---p 00000000 00:00 0 
7f915f11f000-7f915f21d000 rw-p 00000000 00:00 0 
7f915f21d000-7f915f4f5000 r--p 00000000 08:01 1305777                    /usr/lib/locale/locale-archive
7f915f4f5000-7f915f4f8000 ---p 00000000 00:00 0 
7f915f4f8000-7f915f5f6000 rw-p 00000000 00:00 0 
7f915f5f6000-7f915f5f9000 ---p 00000000 00:00 0 
7f915f5f9000-7f915f6f7000 rw-p 00000000 00:00 0 
7f915f6f7000-7f915f6f8000 ---p 00000000 00:00 0 
7f915f6f8000-7f9160000000 rw-p 00000000 00:00 0 
7f9160000000-7f9160021000 rw-p 00000000 00:00 0 
7f9160021000-7f9164000000 ---p 00000000 00:00 0 
7f9164000000-7f9164021000 rw-p 00000000 00:00 0 
7f9164021000-7f9168000000 ---p 00000000 00:00 0 
7f9168000000-7f9168021000 rw-p 00000000 00:00 0 
7f9168021000-7f916c000000 ---p 00000000 00:00 0 
7f916c000000-7f916c021000 rw-p 00000000 00:00 0 
7f916c021000-7f9170000000 ---p 00000000 00:00 0 
7f9170085000-7f9170093000 r--s 000e0000 08:05 667306                     /home/rockers/Android/Sdk/build-tools/24.0.1/lib/dx.jar
7f9170093000-7f91707fd000 rw-p 00000000 00:00 0 
7f91707fd000-7f91709ca000 r--s 03bec000 08:05 267938                     /home/rockers/Android/android-studio/jre/jre/lib/rt.jar
7f91709ca000-7f9170f40000 rw-p 00000000 00:00 0 
7f9170f40000-7f9171240000 ---p 00000000 00:00 0 
7f9171240000-7f9173440000 rw-p 00000000 00:00 0 
7f9173440000-7f9173441000 ---p 00000000 00:00 0 
7f9173441000-7f9173541000 rw-p 00000000 00:00 0 
7f9173541000-7f9173542000 ---p 00000000 00:00 0 
7f9173542000-7f9173642000 rw-p 00000000 00:00 0 
7f9173642000-7f9173643000 ---p 00000000 00:00 0 
7f9173643000-7f9173743000 rw-p 00000000 00:00 0 
7f9173743000-7f9173744000 ---p 00000000 00:00 0 
7f9173744000-7f917386e000 rw-p 00000000 00:00 0 
7f917386e000-7f917399a000 ---p 00000000 00:00 0 
7f917399a000-7f91739c4000 rw-p 00000000 00:00 0 
7f91739c4000-7f9173aef000 ---p 00000000 00:00 0 
7f9173aef000-7f9173b14000 rw-p 00000000 00:00 0 
7f9173b14000-7f9173b9a000 ---p 00000000 00:00 0 
7f9173b9a000-7f9173baa000 rw-p 00000000 00:00 0 
7f9173baa000-7f9173f5b000 ---p 00000000 00:00 0 
7f9173f5b000-7f91742fb000 rwxp 00000000 00:00 0 
7f91742fb000-7f9182f5b000 ---p 00000000 00:00 0 
7f9182f5b000-7f9182f75000 r-xp 00000000 08:05 392929                     /home/rockers/Android/android-studio/jre/jre/lib/amd64/libzip.so
7f9182f75000-7f9183175000 ---p 0001a000 08:05 392929                     /home/rockers/Android/android-studio/jre/jre/lib/amd64/libzip.so
7f9183175000-7f9183176000 r--p 0001a000 08:05 392929                     /home/rockers/Android/android-studio/jre/jre/lib/amd64/libzip.so
7f9183176000-7f9183177000 rw-p 0001b000 08:05 392929                     /home/rockers/Android/android-studio/jre/jre/lib/amd64/libzip.so
7f9183177000-7f9183182000 r-xp 00000000 08:01 914156                     /lib/x86_64-linux-gnu/libnss_files-2.23.so
7f9183182000-7f9183381000 ---p 0000b000 08:01 914156                     /lib/x86_64-linux-gnu/libnss_files-2.23.so
7f9183381000-7f9183382000 r--p 0000a000 08:01 914156                     /lib/x86_64-linux-gnu/libnss_files-2.23.so
7f9183382000-7f9183383000 rw-p 0000b000 08:01 914156                     /lib/x86_64-linux-gnu/libnss_files-2.23.so
7f9183383000-7f9183389000 rw-p 00000000 00:00 0 
7f9183389000-7f9183394000 r-xp 00000000 08:01 914128                     /lib/x86_64-linux-gnu/libnss_nis-2.23.so
7f9183394000-7f9183593000 ---p 0000b000 08:01 914128                     /lib/x86_64-linux-gnu/libnss_nis-2.23.so
7f9183593000-7f9183594000 r--p 0000a000 08:01 914128                     /lib/x86_64-linux-gnu/libnss_nis-2.23.so
7f9183594000-7f9183595000 rw-p 0000b000 08:01 914128                     /lib/x86_64-linux-gnu/libnss_nis-2.23.so
7f9183595000-7f91835ab000 r-xp 00000000 08:01 914150                     /lib/x86_64-linux-gnu/libnsl-2.23.so
7f91835ab000-7f91837aa000 ---p 00016000 08:01 914150                     /lib/x86_64-linux-gnu/libnsl-2.23.so
7f91837aa000-7f91837ab000 r--p 00015000 08:01 914150                     /lib/x86_64-linux-gnu/libnsl-2.23.so
7f91837ab000-7f91837ac000 rw-p 00016000 08:01 914150                     /lib/x86_64-linux-gnu/libnsl-2.23.so
7f91837ac000-7f91837ae000 rw-p 00000000 00:00 0 
7f91837ae000-7f91837b6000 r-xp 00000000 08:01 914152                     /lib/x86_64-linux-gnu/libnss_compat-2.23.so
7f91837b6000-7f91839b5000 ---p 00008000 08:01 914152                     /lib/x86_64-linux-gnu/libnss_compat-2.23.so
7f91839b5000-7f91839b6000 r--p 00007000 08:01 914152                     /lib/x86_64-linux-gnu/libnss_compat-2.23.so
7f91839b6000-7f91839b7000 rw-p 00008000 08:01 914152                     /lib/x86_64-linux-gnu/libnss_compat-2.23.so
7f91839b7000-7f91839e4000 r-xp 00000000 08:05 392919                     /home/rockers/Android/android-studio/jre/jre/lib/amd64/libjava.so
7f91839e4000-7f9183be3000 ---p 0002d000 08:05 392919                     /home/rockers/Android/android-studio/jre/jre/lib/amd64/libjava.so
7f9183be3000-7f9183be4000 r--p 0002c000 08:05 392919                     /home/rockers/Android/android-studio/jre/jre/lib/amd64/libjava.so
7f9183be4000-7f9183be6000 rw-p 0002d000 08:05 392919                     /home/rockers/Android/android-studio/jre/jre/lib/amd64/libjava.so
7f9183be6000-7f9183bf6000 r-xp 00000000 08:05 392903                     /home/rockers/Android/android-studio/jre/jre/lib/amd64/libverify.so
7f9183bf6000-7f9183df5000 ---p 00010000 08:05 392903                     /home/rockers/Android/android-studio/jre/jre/lib/amd64/libverify.so
7f9183df5000-7f9183df7000 r--p 0000f000 08:05 392903                     /home/rockers/Android/android-studio/jre/jre/lib/amd64/libverify.so
7f9183df7000-7f9183df8000 rw-p 00011000 08:05 392903                     /home/rockers/Android/android-studio/jre/jre/lib/amd64/libverify.so
7f9183df8000-7f9183dff000 r-xp 00000000 08:01 914126                     /lib/x86_64-linux-gnu/librt-2.23.so
7f9183dff000-7f9183ffe000 ---p 00007000 08:01 914126                     /lib/x86_64-linux-gnu/librt-2.23.so
7f9183ffe000-7f9183fff000 r--p 00006000 08:01 914126                     /lib/x86_64-linux-gnu/librt-2.23.so
7f9183fff000-7f9184000000 rw-p 00007000 08:01 914126                     /lib/x86_64-linux-gnu/librt-2.23.so
7f9184000000-7f9184385000 rw-p 00000000 00:00 0 
7f9184385000-7f9188000000 ---p 00000000 00:00 0 
7f9188007000-7f9188049000 rw-p 00000000 00:00 0 
7f9188049000-7f9188151000 r-xp 00000000 08:01 914146                     /lib/x86_64-linux-gnu/libm-2.23.so
7f9188151000-7f9188350000 ---p 00108000 08:01 914146                     /lib/x86_64-linux-gnu/libm-2.23.so
7f9188350000-7f9188351000 r--p 00107000 08:01 914146                     /lib/x86_64-linux-gnu/libm-2.23.so
7f9188351000-7f9188352000 rw-p 00108000 08:01 914146                     /lib/x86_64-linux-gnu/libm-2.23.so
7f9188352000-7f9188f38000 r-xp 00000000 08:05 393245                     /home/rockers/Android/android-studio/jre/jre/lib/amd64/server/libjvm.so
7f9188f38000-7f9189138000 ---p 00be6000 08:05 393245                     /home/rockers/Android/android-studio/jre/jre/lib/amd64/server/libjvm.so
7f9189138000-7f91891d7000 r--p 00be6000 08:05 393245                     /home/rockers/Android/android-studio/jre/jre/lib/amd64/server/libjvm.so
7f91891d7000-7f9189200000 rw-p 00c85000 08:05 393245                     /home/rockers/Android/android-studio/jre/jre/lib/amd64/server/libjvm.so
7f9189200000-7f9189242000 rw-p 00000000 00:00 0 
7f9189242000-7f918925a000 r-xp 00000000 08:01 914148                     /lib/x86_64-linux-gnu/libpthread-2.23.so
7f918925a000-7f9189459000 ---p 00018000 08:01 914148                     /lib/x86_64-linux-gnu/libpthread-2.23.so
7f9189459000-7f918945a000 r--p 00017000 08:01 914148                     /lib/x86_64-linux-gnu/libpthread-2.23.so
7f918945a000-7f918945b000 rw-p 00018000 08:01 914148                     /lib/x86_64-linux-gnu/libpthread-2.23.so
7f918945b000-7f918945f000 rw-p 00000000 00:00 0 
7f918945f000-7f9189462000 r-xp 00000000 08:01 914134                     /lib/x86_64-linux-gnu/libdl-2.23.so
7f9189462000-7f9189661000 ---p 00003000 08:01 914134                     /lib/x86_64-linux-gnu/libdl-2.23.so
7f9189661000-7f9189662000 r--p 00002000 08:01 914134                     /lib/x86_64-linux-gnu/libdl-2.23.so
7f9189662000-7f9189663000 rw-p 00003000 08:01 914134                     /lib/x86_64-linux-gnu/libdl-2.23.so
7f9189663000-7f9189822000 r-xp 00000000 08:01 914136                     /lib/x86_64-linux-gnu/libc-2.23.so
7f9189822000-7f9189a22000 ---p 001bf000 08:01 914136                     /lib/x86_64-linux-gnu/libc-2.23.so
7f9189a22000-7f9189a26000 r--p 001bf000 08:01 914136                     /lib/x86_64-linux-gnu/libc-2.23.so
7f9189a26000-7f9189a28000 rw-p 001c3000 08:01 914136                     /lib/x86_64-linux-gnu/libc-2.23.so
7f9189a28000-7f9189a2c000 rw-p 00000000 00:00 0 
7f9189a2c000-7f9189a42000 r-xp 00000000 08:05 392968                     /home/rockers/Android/android-studio/jre/lib/amd64/jli/libjli.so
7f9189a42000-7f9189c41000 ---p 00016000 08:05 392968                     /home/rockers/Android/android-studio/jre/lib/amd64/jli/libjli.so
7f9189c41000-7f9189c42000 r--p 00015000 08:05 392968                     /home/rockers/Android/android-studio/jre/lib/amd64/jli/libjli.so
7f9189c42000-7f9189c43000 rw-p 00016000 08:05 392968                     /home/rockers/Android/android-studio/jre/lib/amd64/jli/libjli.so
7f9189c43000-7f9189c69000 r-xp 00000000 08:01 914114                     /lib/x86_64-linux-gnu/ld-2.23.so
7f9189c6f000-7f9189d3f000 rw-p 00000000 00:00 0 
7f9189d3f000-7f9189d42000 ---p 00000000 00:00 0 
7f9189d42000-7f9189e44000 rw-p 00000000 00:00 0 
7f9189e44000-7f9189e48000 r--s 00097000 08:05 267933                     /home/rockers/Android/android-studio/jre/jre/lib/jsse.jar
7f9189e48000-7f9189e5c000 rw-p 00000000 00:00 0 
7f9189e5c000-7f9189e64000 rw-s 00000000 08:01 401984                     /tmp/hsperfdata_rockers/24939
7f9189e64000-7f9189e65000 rw-p 00000000 00:00 0 
7f9189e65000-7f9189e66000 ---p 00000000 00:00 0 
7f9189e66000-7f9189e68000 rw-p 00000000 00:00 0 
7f9189e68000-7f9189e69000 r--p 00025000 08:01 914114                     /lib/x86_64-linux-gnu/ld-2.23.so
7f9189e69000-7f9189e6a000 rw-p 00026000 08:01 914114                     /lib/x86_64-linux-gnu/ld-2.23.so
7f9189e6a000-7f9189e6b000 rw-p 00000000 00:00 0 
7ffd43e62000-7ffd43e85000 rw-p 00000000 00:00 0                          [stack]
7ffd43f32000-7ffd43f34000 r--p 00000000 00:00 0                          [vvar]
7ffd43f34000-7ffd43f36000 r-xp 00000000 00:00 0                          [vdso]
ffffffffff600000-ffffffffff601000 r-xp 00000000 00:00 0                  [vsyscall]

VM Arguments:
jvm_args: -Djava.awt.headless=true -Xmx1024M -Dfile.encoding=UTF-8 -Duser.country=IN -Duser.language=en -Duser.variant 
java_command: com.android.dx.command.Main --dex --num-threads=4 --output /home/rockers/Rutvik/Reward/Reward/app/build/intermediates/transforms/dex/reward/debug/folders/1000/1f/main /home/rockers/Rutvik/Reward/Reward/app/build/intermediates/pre-dexed/reward/debug/com.android.support-design-24.2.1_6370582df2bc4f36f47ebe5631f3b909ec13b354.jar /home/rockers/Rutvik/Reward/Reward/app/build/intermediates/pre-dexed/reward/debug/com.android.support-support-compat-25.0.0_56d8bede33ae51d84246f397ff5f6104a3db078f.jar /home/rockers/Rutvik/Reward/Reward/app/build/intermediates/pre-dexed/reward/debug/com.android.support-support-core-utils-25.0.0_64852f9c79638bb316db9a84e3e651c38e2a4956.jar /home/rockers/Rutvik/Reward/Reward/app/build/intermediates/pre-dexed/reward/debug/internal_impl-25.0.0_e3cdfa829acc376a4f1fda715dfacb5100a77a30.jar /home/rockers/Rutvik/Reward/Reward/app/build/intermediates/pre-dexed/reward/debug/com.android.volley-volley-1.0.0_427e89f8ab2c50b0af5ec7fb9d69c0700f0c8c4c.jar /home/rockers/Rutvik/Reward/Reward/app/build/intermediates/pre-dexed/reward/debug/com.crashlytics.sdk.android-crashlytics-core-2.3.10_b317e42746e77596361be33e0e213adf3f971567.jar /home/rockers/Rutvik/Reward/Reward/app/build/intermediates/pre-dexed/reward/debug/com.crashlytics.sdk.android-crashlytics-2.6.1_fc9b79db25c3d8eff38289bce9ee27fe611cbc03.jar /home/rockers/Rutvik/Reward/Reward/app/build/intermediates/pre-dexed/reward/debug/com.android.support-recyclerview-v7-24.2.1_c7b5265a5d688540f5cbce1bb462f3711c53e597.jar /home/rockers/Rutvik/Reward/Reward/app/build/intermediates/pre-dexed/reward/debug/com.twitter.sdk.android-tweet-ui-1.11.1_181ed9413de9c5b1ddd4e61109e932920429a591.jar /home/rockers/Rutvik/Reward/Reward/app/build/intermediates/pre-dexed/reward/debug/internal_impl-25.0.0_50a429ba99bb0bb23daf106d29f9fa7517dbd129.jar /home/rockers/Rutvik/Reward/Reward/app/build/intermediates/pre-dexed/reward/debug/com.android.support-support-media-compat-25.0.0_4088159d8c2aa7e0407b562b1b240dbb1c232e98
java_class_path (initial): /home/rockers/Android/Sdk/build-tools/24.0.1/lib/dx.jar
Launcher Type: SUN_STANDARD

Environment Variables:
PATH=/home/rockers/bin:/home/rockers/.local/bin:/usr/local/sbin:/usr/local/bin:/usr/sbin:/usr/bin:/sbin:/bin:/usr/games:/usr/local/games:/snap/bin
LD_LIBRARY_PATH=./android-studio/bin:
SHELL=/bin/bash
DISPLAY=:0

Signal Handlers:
SIGSEGV: [libjvm.so+0x9daac0], sa_mask[0]=11111111011111111101111111111110, sa_flags=SA_RESTART|SA_SIGINFO
SIGBUS: [libjvm.so+0x9daac0], sa_mask[0]=11111111011111111101111111111110, sa_flags=SA_RESTART|SA_SIGINFO
SIGFPE: [libjvm.so+0x840d90], sa_mask[0]=11111111011111111101111111111110, sa_flags=SA_RESTART|SA_SIGINFO
SIGPIPE: [libjvm.so+0x840d90], sa_mask[0]=11111111011111111101111111111110, sa_flags=SA_RESTART|SA_SIGINFO
SIGXFSZ: [libjvm.so+0x840d90], sa_mask[0]=11111111011111111101111111111110, sa_flags=SA_RESTART|SA_SIGINFO
SIGILL: [libjvm.so+0x840d90], sa_mask[0]=11111111011111111101111111111110, sa_flags=SA_RESTART|SA_SIGINFO
SIGUSR1: SIG_DFL, sa_mask[0]=00000000000000000000000000000000, sa_flags=none
SIGUSR2: [libjvm.so+0x840c60], sa_mask[0]=00100000000000000000000000000000, sa_flags=SA_RESTART|SA_SIGINFO
SIGHUP: [libjvm.so+0x840e50], sa_mask[0]=11111111011111111101111111111110, sa_flags=SA_RESTART|SA_SIGINFO
SIGINT: [libjvm.so+0x840e50], sa_mask[0]=11111111011111111101111111111110, sa_flags=SA_RESTART|SA_SIGINFO
SIGTERM: [libjvm.so+0x840e50], sa_mask[0]=11111111011111111101111111111110, sa_flags=SA_RESTART|SA_SIGINFO
SIGQUIT: [libjvm.so+0x840e50], sa_mask[0]=11111111011111111101111111111110, sa_flags=SA_RESTART|SA_SIGINFO


---------------  S Y S T E M  ---------------

OS:DISTRIB_ID=Ubuntu
DISTRIB_RELEASE=16.04
DISTRIB_CODENAME=xenial
DISTRIB_DESCRIPTION="Ubuntu 16.04.1 LTS"

uname:Linux 4.4.0-64-generic #85-Ubuntu SMP Mon Feb 20 11:50:30 UTC 2017 x86_64
libc:glibc 2.23 NPTL 2.23 
rlimit: STACK 8192k, CORE 0k, NPROC 31131, NOFILE 65536, AS infinity
load average:2.42 2.74 4.13

/proc/meminfo:
MemTotal:        8009940 kB
MemFree:          125312 kB
MemAvailable:      41128 kB
Buffers:            1172 kB
Cached:           488560 kB
SwapCached:            0 kB
Active:          7227988 kB
Inactive:         425660 kB
Active(anon):    7212412 kB
Inactive(anon):   396784 kB
Active(file):      15576 kB
Inactive(file):    28876 kB
Unevictable:         172 kB
Mlocked:             172 kB
SwapTotal:             0 kB
SwapFree:              0 kB
Dirty:               412 kB
Writeback:             0 kB
AnonPages:       7164264 kB
Mapped:           195372 kB
Shmem:            445108 kB
Slab:             109676 kB
SReclaimable:      57064 kB
SUnreclaim:        52612 kB
KernelStack:       14272 kB
PageTables:        63248 kB
NFS_Unstable:          0 kB
Bounce:                0 kB
WritebackTmp:          0 kB
CommitLimit:     4004968 kB
Committed_AS:   13411764 kB
VmallocTotal:   34359738367 kB
VmallocUsed:           0 kB
VmallocChunk:          0 kB
HardwareCorrupted:     0 kB
AnonHugePages:   3819520 kB
CmaTotal:              0 kB
CmaFree:               0 kB
HugePages_Total:       0
HugePages_Free:        0
HugePages_Rsvd:        0
HugePages_Surp:        0
Hugepagesize:       2048 kB
DirectMap4k:      211696 kB
DirectMap2M:     8009728 kB


CPU:total 4 (2 cores per cpu, 2 threads per core) family 6 model 58 stepping 9, cmov, cx8, fxsr, mmx, sse, sse2, sse3, ssse3, sse4.1, sse4.2, popcnt, avx, clmul, erms, ht, tsc, tscinvbit, tscinv

/proc/cpuinfo:
processor	: 0
vendor_id	: GenuineIntel
cpu family	: 6
model		: 58
model name	: Intel(R) Core(TM) i3-3210 CPU @ 3.20GHz
stepping	: 9
microcode	: 0x15
cpu MHz		: 3200.000
cache size	: 3072 KB
physical id	: 0
siblings	: 4
core id		: 0
cpu cores	: 2
apicid		: 0
initial apicid	: 0
fpu		: yes
fpu_exception	: yes
cpuid level	: 13
wp		: yes
flags		: fpu vme de pse tsc msr pae mce cx8 apic sep mtrr pge mca cmov pat pse36 clflush dts acpi mmx fxsr sse sse2 ss ht tm pbe syscall nx rdtscp lm constant_tsc arch_perfmon pebs bts rep_good nopl xtopology nonstop_tsc aperfmperf eagerfpu pni pclmulqdq dtes64 monitor ds_cpl vmx est tm2 ssse3 cx16 xtpr pdcm pcid sse4_1 sse4_2 popcnt tsc_deadline_timer xsave avx f16c lahf_lm epb tpr_shadow vnmi flexpriority ept vpid fsgsbase smep erms xsaveopt dtherm arat pln pts
bugs		:
bogomips	: 6385.66
clflush size	: 64
cache_alignment	: 64
address sizes	: 36 bits physical, 48 bits virtual
power management:

processor	: 1
vendor_id	: GenuineIntel
cpu family	: 6
model		: 58
model name	: Intel(R) Core(TM) i3-3210 CPU @ 3.20GHz
stepping	: 9
microcode	: 0x15
cpu MHz		: 3200.000
cache size	: 3072 KB
physical id	: 0
siblings	: 4
core id		: 1
cpu cores	: 2
apicid		: 2
initial apicid	: 2
fpu		: yes
fpu_exception	: yes
cpuid level	: 13
wp		: yes
flags		: fpu vme de pse tsc msr pae mce cx8 apic sep mtrr pge mca cmov pat pse36 clflush dts acpi mmx fxsr sse sse2 ss ht tm pbe syscall nx rdtscp lm constant_tsc arch_perfmon pebs bts rep_good nopl xtopology nonstop_tsc aperfmperf eagerfpu pni pclmulqdq dtes64 monitor ds_cpl vmx est tm2 ssse3 cx16 xtpr pdcm pcid sse4_1 sse4_2 popcnt tsc_deadline_timer xsave avx f16c lahf_lm epb tpr_shadow vnmi flexpriority ept vpid fsgsbase smep erms xsaveopt dtherm arat pln pts
bugs		:
bogomips	: 6385.66
clflush size	: 64
cache_alignment	: 64
address sizes	: 36 bits physical, 48 bits virtual
power management:

processor	: 2
vendor_id	: GenuineIntel
cpu family	: 6
model		: 58
model name	: Intel(R) Core(TM) i3-3210 CPU @ 3.20GHz
stepping	: 9
microcode	: 0x15
cpu MHz		: 3200.000
cache size	: 3072 KB
physical id	: 0
siblings	: 4
core id		: 0
cpu cores	: 2
apicid		: 1
initial apicid	: 1
fpu		: yes
fpu_exception	: yes
cpuid level	: 13
wp		: yes
flags		: fpu vme de pse tsc msr pae mce cx8 apic sep mtrr pge mca cmov pat pse36 clflush dts acpi mmx fxsr sse sse2 ss ht tm pbe syscall nx rdtscp lm constant_tsc arch_perfmon pebs bts rep_good nopl xtopology nonstop_tsc aperfmperf eagerfpu pni pclmulqdq dtes64 monitor ds_cpl vmx est tm2 ssse3 cx16 xtpr pdcm pcid sse4_1 sse4_2 popcnt tsc_deadline_timer xsave avx f16c lahf_lm epb tpr_shadow vnmi flexpriority ept vpid fsgsbase smep erms xsaveopt dtherm arat pln pts
bugs		:
bogomips	: 6385.66
clflush size	: 64
cache_alignment	: 64
address sizes	: 36 bits physical, 48 bits virtual
power management:

processor	: 3
vendor_id	: GenuineIntel
cpu family	: 6
model		: 58
model name	: Intel(R) Core(TM) i3-3210 CPU @ 3.20GHz
stepping	: 9
microcode	: 0x15
cpu MHz		: 3200.000
cache size	: 3072 KB
physical id	: 0
siblings	: 4
core id		: 1
cpu cores	: 2
apicid		: 3
initial apicid	: 3
fpu		: yes
fpu_exception	: yes
cpuid level	: 13
wp		: yes
flags		: fpu vme de pse tsc msr pae mce cx8 apic sep mtrr pge mca cmov pat pse36 clflush dts acpi mmx fxsr sse sse2 ss ht tm pbe syscall nx rdtscp lm constant_tsc arch_perfmon pebs bts rep_good nopl xtopology nonstop_tsc aperfmperf eagerfpu pni pclmulqdq dtes64 monitor ds_cpl vmx est tm2 ssse3 cx16 xtpr pdcm pcid sse4_1 sse4_2 popcnt tsc_deadline_timer xsave avx f16c lahf_lm epb tpr_shadow vnmi flexpriority ept vpid fsgsbase smep erms xsaveopt dtherm arat pln pts
bugs		:
bogomips	: 6385.66
clflush size	: 64
cache_alignment	: 64
address sizes	: 36 bits physical, 48 bits virtual
power management:



Memory: 4k page, physical 8009940k(125312k free), swap 0k(0k free)

vm_info: OpenJDK 64-Bit Server VM (25.76-b03) for linux-amd64 JRE (1.8.0_76-release-b03), built on Jun 29 2016 09:39:19 by "builder" with gcc 4.8.4

time: Wed Mar  1 12:08:51 2017
elapsed time: 9 seconds (0d 0h 0m 9s)

