#
# There is insufficient memory for the Java Runtime Environment to continue.
# Native memory allocation (mmap) failed to map 176685056 bytes for committing reserved memory.
# Possible reasons:
#   The system is out of physical RAM or swap space
#   In 32 bit mode, the process size limit was hit
# Possible solutions:
#   Reduce memory load on the system
#   Increase physical memory or swap space
#   Check if swap backing store is full
#   Use 64 bit Java on a 64 bit OS
#   Decrease Java heap size (-Xmx/-Xms)
#   Decrease number of Java threads
#   Decrease Java thread stack sizes (-Xss)
#   Set larger code cache with -XX:ReservedCodeCacheSize=
# This output file may be truncated or incomplete.
#
#  Out of Memory Error (os_linux.cpp:2627), pid=15023, tid=0x00007f4deeefe700
#
# JRE version: Java(TM) SE Runtime Environment (8.0_102-b14) (build 1.8.0_102-b14)
# Java VM: Java HotSpot(TM) 64-Bit Server VM (25.102-b14 mixed mode linux-amd64 compressed oops)
# Failed to write core dump. Core dumps have been disabled. To enable core dumping, try "ulimit -c unlimited" before starting Java again
#

---------------  T H R E A D  ---------------

Current thread (0x00007f4e00073800):  VMThread [stack: 0x00007f4deedfe000,0x00007f4deeeff000] [id=15031]

Stack: [0x00007f4deedfe000,0x00007f4deeeff000],  sp=0x00007f4deeefd060,  free space=1020k
Native frames: (J=compiled Java code, j=interpreted, Vv=VM code, C=native code)
V  [libjvm.so+0xac52aa]  VMError::report_and_die()+0x2ba
V  [libjvm.so+0x4fc29b]  report_vm_out_of_memory(char const*, int, unsigned long, VMErrorType, char const*)+0x8b
V  [libjvm.so+0x922603]  os::Linux::commit_memory_impl(char*, unsigned long, bool)+0x103
V  [libjvm.so+0x922b59]  os::pd_commit_memory(char*, unsigned long, unsigned long, bool)+0x29
V  [libjvm.so+0x91ce5a]  os::commit_memory(char*, unsigned long, unsigned long, bool)+0x2a
V  [libjvm.so+0x9915e3]  PSVirtualSpace::expand_by(unsigned long)+0x53
V  [libjvm.so+0x9929e8]  PSYoungGen::resize_generation(unsigned long, unsigned long)+0xf8
V  [libjvm.so+0x991b42]  PSYoungGen::resize(unsigned long, unsigned long)+0x22
V  [libjvm.so+0x98ee1b]  PSScavenge::invoke_no_policy()+0xf3b
V  [libjvm.so+0x98f5a1]  PSScavenge::invoke()+0x41
V  [libjvm.so+0x9462f0]  ParallelScavengeHeap::failed_mem_allocate(unsigned long)+0x70
V  [libjvm.so+0xac6cc7]  VM_ParallelGCFailedAllocation::doit()+0x97
V  [libjvm.so+0xace7a5]  VM_Operation::evaluate()+0x55
V  [libjvm.so+0xaccb7a]  VMThread::evaluate_operation(VM_Operation*)+0xba
V  [libjvm.so+0xaccefe]  VMThread::loop()+0x1ce
V  [libjvm.so+0xacd370]  VMThread::run()+0x70
V  [libjvm.so+0x9249c8]  java_start(Thread*)+0x108

VM_Operation (0x00007f4dedd0fc00): ParallelGCFailedAllocation, mode: safepoint, requested by thread 0x00007f4e0014c000


---------------  P R O C E S S  ---------------

Java Threads: ( => current thread )
  0x00007f4e0014e000 JavaThread "pool-1-thread-4" [_thread_blocked, id=15043, stack(0x00007f4dedb10000,0x00007f4dedc11000)]
  0x00007f4e0014c000 JavaThread "pool-1-thread-3" [_thread_blocked, id=15042, stack(0x00007f4dedc11000,0x00007f4dedd12000)]
  0x00007f4e0014a000 JavaThread "pool-1-thread-2" [_thread_blocked, id=15041, stack(0x00007f4dedd12000,0x00007f4dede13000)]
  0x00007f4e00134800 JavaThread "pool-2-thread-1" [_thread_blocked, id=15040, stack(0x00007f4dede13000,0x00007f4dedf14000)]
  0x00007f4e00132800 JavaThread "pool-1-thread-1" [_thread_blocked, id=15039, stack(0x00007f4dedf14000,0x00007f4dee015000)]
  0x00007f4e000cc000 JavaThread "Service Thread" daemon [_thread_blocked, id=15037, stack(0x00007f4dee116000,0x00007f4dee217000)]
  0x00007f4e000b7000 JavaThread "C1 CompilerThread1" daemon [_thread_blocked, id=15036, stack(0x00007f4dee217000,0x00007f4dee318000)]
  0x00007f4e000b4000 JavaThread "C2 CompilerThread0" daemon [_thread_blocked, id=15035, stack(0x00007f4dee318000,0x00007f4dee419000)]
  0x00007f4e000b2800 JavaThread "Signal Dispatcher" daemon [_thread_blocked, id=15034, stack(0x00007f4dee419000,0x00007f4dee51a000)]
  0x00007f4e00080000 JavaThread "Finalizer" daemon [_thread_blocked, id=15033, stack(0x00007f4deebfc000,0x00007f4deecfd000)]
  0x00007f4e0007b800 JavaThread "Reference Handler" daemon [_thread_blocked, id=15032, stack(0x00007f4deecfd000,0x00007f4deedfe000)]
  0x00007f4e0000a000 JavaThread "main" [_thread_blocked, id=15027, stack(0x00007f4e08d27000,0x00007f4e08e28000)]

Other Threads:
=>0x00007f4e00073800 VMThread [stack: 0x00007f4deedfe000,0x00007f4deeeff000] [id=15031]
  0x00007f4e000d7000 WatcherThread [stack: 0x00007f4dee015000,0x00007f4dee116000] [id=15038]

VM state:at safepoint (normal execution)

VM Mutex/Monitor currently owned by a thread:  ([mutex/lock_event])
[0x00007f4e000064b0] Threads_lock - owner thread: 0x00007f4e00073800
[0x00007f4e000069b0] Heap_lock - owner thread: 0x00007f4e0014c000

Heap:
 PSYoungGen      total 136192K, used 5094K [0x00000000eab00000, 0x00000000f3500000, 0x0000000100000000)
  eden space 131072K, 0% used [0x00000000eab00000,0x00000000eab00000,0x00000000f2b00000)
  from space 5120K, 99% used [0x00000000f2b00000,0x00000000f2ff9938,0x00000000f3000000)
  to   space 5120K, 0% used [0x00000000f3000000,0x00000000f3000000,0x00000000f3500000)
 ParOldGen       total 136704K, used 97514K [0x00000000c0000000, 0x00000000c8580000, 0x00000000eab00000)
  object space 136704K, 71% used [0x00000000c0000000,0x00000000c5f3a908,0x00000000c8580000)
 Metaspace       used 5837K, capacity 7024K, committed 7296K, reserved 1056768K
  class space    used 577K, capacity 616K, committed 640K, reserved 1048576K

Card table byte_map: [0x00007f4e058d4000,0x00007f4e05ad5000] byte_map_base: 0x00007f4e052d4000

Marking Bits: (ParMarkBitMap*) 0x00007f4e081f6c60
 Begin Bits: [0x00007f4def000000, 0x00007f4df0000000)
 End Bits:   [0x00007f4df0000000, 0x00007f4df1000000)

Polling page: 0x00007f4e08e40000

CodeCache: size=245760Kb used=6049Kb max_used=6049Kb free=239710Kb
 bounds [0x00007f4df1000000, 0x00007f4df15f0000, 0x00007f4e00000000]
 total_blobs=1688 nmethods=1429 adapters=175
 compilation: enabled

Compilation events (10 events):
Event: 11.764 Thread 0x00007f4e000b7000 nmethod 1743 0x00007f4df15e5310 code [0x00007f4df15e5480, 0x00007f4df15e56d8]
Event: 11.764 Thread 0x00007f4e000b7000 1726       2       com.android.dx.util.MutabilityControl::<init> (10 bytes)
Event: 11.764 Thread 0x00007f4e000b7000 nmethod 1726 0x00007f4df15e5810 code [0x00007f4df15e5960, 0x00007f4df15e5ab0]
Event: 11.764 Thread 0x00007f4e000b7000 1737       2       com.android.dx.ssa.ConstCollector$1::compare (13 bytes)
Event: 11.830 Thread 0x00007f4e000b7000 nmethod 1737 0x00007f4df15e5b50 code [0x00007f4df15e5cc0, 0x00007f4df15e5e88]
Event: 11.830 Thread 0x00007f4e000b7000 1744 %     3       com.android.dx.ssa.ConstCollector::updateConstUses @ 20 (248 bytes)
Event: 11.832 Thread 0x00007f4e000b7000 nmethod 1744% 0x00007f4df15e5f50 code [0x00007f4df15e6300, 0x00007f4df15e88b8]
Event: 11.832 Thread 0x00007f4e000b7000 1728       2       com.android.dx.rop.code.SwitchInsn::<init> (49 bytes)
Event: 11.832 Thread 0x00007f4e000b7000 nmethod 1728 0x00007f4df15e9e10 code [0x00007f4df15e9fa0, 0x00007f4df15ea2a8]
Event: 11.832 Thread 0x00007f4e000b7000 1725   !   2       com.android.dx.rop.cst.CstType::intern (48 bytes)

GC Heap History (10 events):
Event: 2.604 GC heap after
Heap after GC invocations=1 (full 0):
 PSYoungGen      total 37888K, used 5110K [0x00000000eab00000, 0x00000000ef500000, 0x0000000100000000)
  eden space 32768K, 0% used [0x00000000eab00000,0x00000000eab00000,0x00000000ecb00000)
  from space 5120K, 99% used [0x00000000ecb00000,0x00000000ecffdb78,0x00000000ed000000)
  to   space 5120K, 0% used [0x00000000ef000000,0x00000000ef000000,0x00000000ef500000)
 ParOldGen       total 86016K, used 1666K [0x00000000c0000000, 0x00000000c5400000, 0x00000000eab00000)
  object space 86016K, 1% used [0x00000000c0000000,0x00000000c01a0958,0x00000000c5400000)
 Metaspace       used 5402K, capacity 6640K, committed 6784K, reserved 1056768K
  class space    used 565K, capacity 616K, committed 640K, reserved 1048576K
}
Event: 3.946 GC heap before
{Heap before GC invocations=2 (full 0):
 PSYoungGen      total 37888K, used 37878K [0x00000000eab00000, 0x00000000ef500000, 0x0000000100000000)
  eden space 32768K, 100% used [0x00000000eab00000,0x00000000ecb00000,0x00000000ecb00000)
  from space 5120K, 99% used [0x00000000ecb00000,0x00000000ecffdb78,0x00000000ed000000)
  to   space 5120K, 0% used [0x00000000ef000000,0x00000000ef000000,0x00000000ef500000)
 ParOldGen       total 86016K, used 1666K [0x00000000c0000000, 0x00000000c5400000, 0x00000000eab00000)
  object space 86016K, 1% used [0x00000000c0000000,0x00000000c01a0958,0x00000000c5400000)
 Metaspace       used 5520K, capacity 6768K, committed 7040K, reserved 1056768K
  class space    used 568K, capacity 616K, committed 640K, reserved 1048576K
Event: 4.138 GC heap after
Heap after GC invocations=2 (full 0):
 PSYoungGen      total 70656K, used 5093K [0x00000000eab00000, 0x00000000ef500000, 0x0000000100000000)
  eden space 65536K, 0% used [0x00000000eab00000,0x00000000eab00000,0x00000000eeb00000)
  from space 5120K, 99% used [0x00000000ef000000,0x00000000ef4f97f0,0x00000000ef500000)
  to   space 5120K, 0% used [0x00000000eeb00000,0x00000000eeb00000,0x00000000ef000000)
 ParOldGen       total 86016K, used 7154K [0x00000000c0000000, 0x00000000c5400000, 0x00000000eab00000)
  object space 86016K, 8% used [0x00000000c0000000,0x00000000c06fcb70,0x00000000c5400000)
 Metaspace       used 5520K, capacity 6768K, committed 7040K, reserved 1056768K
  class space    used 568K, capacity 616K, committed 640K, reserved 1048576K
}
Event: 6.655 GC heap before
{Heap before GC invocations=3 (full 0):
 PSYoungGen      total 70656K, used 70629K [0x00000000eab00000, 0x00000000ef500000, 0x0000000100000000)
  eden space 65536K, 100% used [0x00000000eab00000,0x00000000eeb00000,0x00000000eeb00000)
  from space 5120K, 99% used [0x00000000ef000000,0x00000000ef4f97f0,0x00000000ef500000)
  to   space 5120K, 0% used [0x00000000eeb00000,0x00000000eeb00000,0x00000000ef000000)
 ParOldGen       total 86016K, used 7154K [0x00000000c0000000, 0x00000000c5400000, 0x00000000eab00000)
  object space 86016K, 8% used [0x00000000c0000000,0x00000000c06fcb70,0x00000000c5400000)
 Metaspace       used 5711K, capacity 6896K, committed 7040K, reserved 1056768K
  class space    used 574K, capacity 616K, committed 640K, reserved 1048576K
Event: 7.048 GC heap after
Heap after GC invocations=3 (full 0):
 PSYoungGen      total 70656K, used 5100K [0x00000000eab00000, 0x00000000f3500000, 0x0000000100000000)
  eden space 65536K, 0% used [0x00000000eab00000,0x00000000eab00000,0x00000000eeb00000)
  from space 5120K, 99% used [0x00000000eeb00000,0x00000000eeffb398,0x00000000ef000000)
  to   space 5120K, 0% used [0x00000000f3000000,0x00000000f3000000,0x00000000f3500000)
 ParOldGen       total 86016K, used 32046K [0x00000000c0000000, 0x00000000c5400000, 0x00000000eab00000)
  object space 86016K, 37% used [0x00000000c0000000,0x00000000c1f4bbc0,0x00000000c5400000)
 Metaspace       used 5711K, capacity 6896K, committed 7040K, reserved 1056768K
  class space    used 574K, capacity 616K, committed 640K, reserved 1048576K
}
Event: 8.134 GC heap before
{Heap before GC invocations=4 (full 0):
 PSYoungGen      total 70656K, used 70636K [0x00000000eab00000, 0x00000000f3500000, 0x0000000100000000)
  eden space 65536K, 100% used [0x00000000eab00000,0x00000000eeb00000,0x00000000eeb00000)
  from space 5120K, 99% used [0x00000000eeb00000,0x00000000eeffb398,0x00000000ef000000)
  to   space 5120K, 0% used [0x00000000f3000000,0x00000000f3000000,0x00000000f3500000)
 ParOldGen       total 86016K, used 32046K [0x00000000c0000000, 0x00000000c5400000, 0x00000000eab00000)
  object space 86016K, 37% used [0x00000000c0000000,0x00000000c1f4bbc0,0x00000000c5400000)
 Metaspace       used 5747K, capacity 6960K, committed 7040K, reserved 1056768K
  class space    used 576K, capacity 616K, committed 640K, reserved 1048576K
Event: 8.486 GC heap after
Heap after GC invocations=4 (full 0):
 PSYoungGen      total 136192K, used 5109K [0x00000000eab00000, 0x00000000f3500000, 0x0000000100000000)
  eden space 131072K, 0% used [0x00000000eab00000,0x00000000eab00000,0x00000000f2b00000)
  from space 5120K, 99% used [0x00000000f3000000,0x00000000f34fd5d8,0x00000000f3500000)
  to   space 5120K, 0% used [0x00000000f2b00000,0x00000000f2b00000,0x00000000f3000000)
 ParOldGen       total 86016K, used 55211K [0x00000000c0000000, 0x00000000c5400000, 0x00000000eab00000)
  object space 86016K, 64% used [0x00000000c0000000,0x00000000c35eac28,0x00000000c5400000)
 Metaspace       used 5747K, capacity 6960K, committed 7040K, reserved 1056768K
  class space    used 576K, capacity 616K, committed 640K, reserved 1048576K
}
Event: 8.486 GC heap before
{Heap before GC invocations=5 (full 1):
 PSYoungGen      total 136192K, used 5109K [0x00000000eab00000, 0x00000000f3500000, 0x0000000100000000)
  eden space 131072K, 0% used [0x00000000eab00000,0x00000000eab00000,0x00000000f2b00000)
  from space 5120K, 99% used [0x00000000f3000000,0x00000000f34fd5d8,0x00000000f3500000)
  to   space 5120K, 0% used [0x00000000f2b00000,0x00000000f2b00000,0x00000000f3000000)
 ParOldGen       total 86016K, used 55211K [0x00000000c0000000, 0x00000000c5400000, 0x00000000eab00000)
  object space 86016K, 64% used [0x00000000c0000000,0x00000000c35eac28,0x00000000c5400000)
 Metaspace       used 5747K, capacity 6960K, committed 7040K, reserved 1056768K
  class space    used 576K, capacity 616K, committed 640K, reserved 1048576K
Event: 9.390 GC heap after
Heap after GC invocations=5 (full 1):
 PSYoungGen      total 136192K, used 0K [0x00000000eab00000, 0x00000000f3500000, 0x0000000100000000)
  eden space 131072K, 0% used [0x00000000eab00000,0x00000000eab00000,0x00000000f2b00000)
  from space 5120K, 0% used [0x00000000f3000000,0x00000000f3000000,0x00000000f3500000)
  to   space 5120K, 0% used [0x00000000f2b00000,0x00000000f2b00000,0x00000000f3000000)
 ParOldGen       total 136704K, used 56735K [0x00000000c0000000, 0x00000000c8580000, 0x00000000eab00000)
  object space 136704K, 41% used [0x00000000c0000000,0x00000000c3767cb0,0x00000000c8580000)
 Metaspace       used 5747K, capacity 6960K, committed 7040K, reserved 1056768K
  class space    used 576K, capacity 616K, committed 640K, reserved 1048576K
}
Event: 11.883 GC heap before
{Heap before GC invocations=6 (full 1):
 PSYoungGen      total 136192K, used 131072K [0x00000000eab00000, 0x00000000f3500000, 0x0000000100000000)
  eden space 131072K, 100% used [0x00000000eab00000,0x00000000f2b00000,0x00000000f2b00000)
  from space 5120K, 0% used [0x00000000f3000000,0x00000000f3000000,0x00000000f3500000)
  to   space 5120K, 0% used [0x00000000f2b00000,0x00000000f2b00000,0x00000000f3000000)
 ParOldGen       total 136704K, used 56735K [0x00000000c0000000, 0x00000000c8580000, 0x00000000eab00000)
  object space 136704K, 41% used [0x00000000c0000000,0x00000000c3767cb0,0x00000000c8580000)
 Metaspace       used 5837K, capacity 7024K, committed 7296K, reserved 1056768K
  class space    used 577K, capacity 616K, committed 640K, reserved 1048576K

Deoptimization events (10 events):
Event: 3.836 Thread 0x00007f4e0014c000 Uncommon trap: reason=unstable_if action=reinterpret pc=0x00007f4df12cfd64 method=com.android.dx.rop.code.RegisterSpec.equals(ILcom/android/dx/rop/type/TypeBearer;Lcom/android/dx/rop/code/LocalItem;)Z @ 24
Event: 3.854 Thread 0x00007f4e0014a000 Uncommon trap: reason=unloaded action=reinterpret pc=0x00007f4df1283bb0 method=com.android.dx.ssa.SsaRenamer$BlockRenamer.visitMoveInsn(Lcom/android/dx/ssa/NormalSsaInsn;)V @ 208
Event: 4.550 Thread 0x00007f4e00132800 Uncommon trap: reason=class_check action=maybe_recompile pc=0x00007f4df1296960 method=com.android.dx.rop.type.Type.equals(Ljava/lang/Object;)Z @ 8
Event: 4.614 Thread 0x00007f4e00132800 Uncommon trap: reason=unstable_if action=reinterpret pc=0x00007f4df13473e0 method=com.android.dx.cf.code.Ropper.labelToResultIndex(I)I @ 34
Event: 4.615 Thread 0x00007f4e00132800 Uncommon trap: reason=class_check action=maybe_recompile pc=0x00007f4df1296960 method=com.android.dx.rop.type.Type.equals(Ljava/lang/Object;)Z @ 8
Event: 4.633 Thread 0x00007f4e0014a000 Uncommon trap: reason=class_check action=maybe_recompile pc=0x00007f4df1296960 method=com.android.dx.rop.type.Type.equals(Ljava/lang/Object;)Z @ 8
Event: 4.640 Thread 0x00007f4e0014a000 Uncommon trap: reason=class_check action=maybe_recompile pc=0x00007f4df1296960 method=com.android.dx.rop.type.Type.equals(Ljava/lang/Object;)Z @ 8
Event: 10.310 Thread 0x00007f4e0014e000 Uncommon trap: reason=unstable_if action=reinterpret pc=0x00007f4df1440724 method=com.android.dx.cf.code.BasicBlocker.addWorkIfNecessary(IZ)V @ 8
Event: 10.378 Thread 0x00007f4e0000a000 Uncommon trap: reason=unloaded action=reinterpret pc=0x00007f4df11fd898 method=com.android.dx.cf.cst.ConstantPoolParser.parse0(ILjava/util/BitSet;)Lcom/android/dx/rop/cst/Constant; @ 198
Event: 10.587 Thread 0x00007f4e0014c000 Uncommon trap: reason=unstable_if action=reinterpret pc=0x00007f4df157b564 method=com.android.dx.ssa.SsaConverter.needsNewSuccessor(Lcom/android/dx/ssa/SsaBasicBlock;Lcom/android/dx/ssa/SsaBasicBlock;)Z @ 44

Internal exceptions (2 events):
Event: 0.155 Thread 0x00007f4e0000a000 Exception <a 'java/lang/NoSuchMethodError': Method sun.misc.Unsafe.defineClass(Ljava/lang/String;[BII)Ljava/lang/Class; name or signature does not match> (0x00000000eab07c78) thrown at [/HUDSON3/workspace/8-2-build-linux-amd64/jdk8u102/7268/hotspot/src/sh
Event: 0.155 Thread 0x00007f4e0000a000 Exception <a 'java/lang/NoSuchMethodError': Method sun.misc.Unsafe.prefetchRead(Ljava/lang/Object;J)V name or signature does not match> (0x00000000eab07f60) thrown at [/HUDSON3/workspace/8-2-build-linux-amd64/jdk8u102/7268/hotspot/src/share/vm/prims/jni.c

Events (10 events):
Event: 11.823 Thread 0x00007f4e0014a000 DEOPT UNPACKING pc=0x00007f4df1046f73 sp=0x00007f4dede10be8 mode 0
Event: 11.823 Thread 0x00007f4e0014a000 DEOPT PACKING pc=0x00007f4df14c3de1 sp=0x00007f4dede10e30
Event: 11.823 Thread 0x00007f4e0014a000 DEOPT UNPACKING pc=0x00007f4df1046f73 sp=0x00007f4dede10be8 mode 0
Event: 11.824 Thread 0x00007f4e0014a000 DEOPT PACKING pc=0x00007f4df14c3de1 sp=0x00007f4dede10e30
Event: 11.824 Thread 0x00007f4e0014a000 DEOPT UNPACKING pc=0x00007f4df1046f73 sp=0x00007f4dede10be8 mode 0
Event: 11.824 Thread 0x00007f4e0014a000 DEOPT PACKING pc=0x00007f4df14c3de1 sp=0x00007f4dede10e30
Event: 11.824 Thread 0x00007f4e0014a000 DEOPT UNPACKING pc=0x00007f4df1046f73 sp=0x00007f4dede10be8 mode 0
Event: 11.830 Thread 0x00007f4e0000a000 DEOPT PACKING pc=0x00007f4df13b1ebf sp=0x00007f4e08e251a0
Event: 11.830 Thread 0x00007f4e0000a000 DEOPT UNPACKING pc=0x00007f4df1046f73 sp=0x00007f4e08e24fa0 mode 0
Event: 11.850 Executing VM operation: ParallelGCFailedAllocation


Dynamic libraries:
00400000-00401000 r-xp 00000000 08:01 1714477                            /usr/local/java/jdk1.8.0_102/bin/java
00600000-00601000 rw-p 00000000 08:01 1714477                            /usr/local/java/jdk1.8.0_102/bin/java
01066000-010a8000 rw-p 00000000 00:00 0                                  [heap]
c0000000-c8580000 rw-p 00000000 00:00 0 
c8580000-eab00000 ---p 00000000 00:00 0 
eab00000-f3500000 rw-p 00000000 00:00 0 
fdd80000-100000000 ---p 00000000 00:00 0 
100000000-1000a0000 rw-p 00000000 00:00 0 
1000a0000-140000000 ---p 00000000 00:00 0 
7f4db0000000-7f4db0029000 rw-p 00000000 00:00 0 
7f4db0029000-7f4db4000000 ---p 00000000 00:00 0 
7f4db8000000-7f4db8021000 rw-p 00000000 00:00 0 
7f4db8021000-7f4dbc000000 ---p 00000000 00:00 0 
7f4dbc000000-7f4dbc03d000 rw-p 00000000 00:00 0 
7f4dbc03d000-7f4dc0000000 ---p 00000000 00:00 0 
7f4dc0000000-7f4dc0021000 rw-p 00000000 00:00 0 
7f4dc0021000-7f4dc4000000 ---p 00000000 00:00 0 
7f4dc4000000-7f4dc4037000 rw-p 00000000 00:00 0 
7f4dc4037000-7f4dc8000000 ---p 00000000 00:00 0 
7f4dc8000000-7f4dc880d000 rw-p 00000000 00:00 0 
7f4dc880d000-7f4dcc000000 ---p 00000000 00:00 0 
7f4dcc000000-7f4dcc021000 rw-p 00000000 00:00 0 
7f4dcc021000-7f4dd0000000 ---p 00000000 00:00 0 
7f4dd0000000-7f4dd0021000 rw-p 00000000 00:00 0 
7f4dd0021000-7f4dd4000000 ---p 00000000 00:00 0 
7f4dd4000000-7f4dd47ca000 rw-p 00000000 00:00 0 
7f4dd47ca000-7f4dd8000000 ---p 00000000 00:00 0 
7f4dd8000000-7f4dd8021000 rw-p 00000000 00:00 0 
7f4dd8021000-7f4ddc000000 ---p 00000000 00:00 0 
7f4ddc000000-7f4ddc021000 rw-p 00000000 00:00 0 
7f4ddc021000-7f4de0000000 ---p 00000000 00:00 0 
7f4de0000000-7f4de0021000 rw-p 00000000 00:00 0 
7f4de0021000-7f4de4000000 ---p 00000000 00:00 0 
7f4de4000000-7f4de428e000 rw-p 00000000 00:00 0 
7f4de428e000-7f4de8000000 ---p 00000000 00:00 0 
7f4de8000000-7f4de8021000 rw-p 00000000 00:00 0 
7f4de8021000-7f4dec000000 ---p 00000000 00:00 0 
7f4dedb10000-7f4dedb13000 ---p 00000000 00:00 0 
7f4dedb13000-7f4dedc11000 rw-p 00000000 00:00 0                          [stack:15043]
7f4dedc11000-7f4dedc14000 ---p 00000000 00:00 0 
7f4dedc14000-7f4dedd12000 rw-p 00000000 00:00 0                          [stack:15042]
7f4dedd12000-7f4dedd15000 ---p 00000000 00:00 0 
7f4dedd15000-7f4dede13000 rw-p 00000000 00:00 0                          [stack:15041]
7f4dede13000-7f4dede16000 ---p 00000000 00:00 0 
7f4dede16000-7f4dedf14000 rw-p 00000000 00:00 0                          [stack:15040]
7f4dedf14000-7f4dedf17000 ---p 00000000 00:00 0 
7f4dedf17000-7f4dee015000 rw-p 00000000 00:00 0                          [stack:15039]
7f4dee015000-7f4dee016000 ---p 00000000 00:00 0 
7f4dee016000-7f4dee116000 rw-p 00000000 00:00 0                          [stack:15038]
7f4dee116000-7f4dee119000 ---p 00000000 00:00 0 
7f4dee119000-7f4dee217000 rw-p 00000000 00:00 0                          [stack:15037]
7f4dee217000-7f4dee21a000 ---p 00000000 00:00 0 
7f4dee21a000-7f4dee318000 rw-p 00000000 00:00 0                          [stack:15036]
7f4dee318000-7f4dee31b000 ---p 00000000 00:00 0 
7f4dee31b000-7f4dee419000 rw-p 00000000 00:00 0                          [stack:15035]
7f4dee419000-7f4dee41c000 ---p 00000000 00:00 0 
7f4dee41c000-7f4dee51a000 rw-p 00000000 00:00 0                          [stack:15034]
7f4dee51a000-7f4deebfc000 r--p 00000000 08:01 1580054                    /usr/lib/locale/locale-archive
7f4deebfc000-7f4deebff000 ---p 00000000 00:00 0 
7f4deebff000-7f4deecfd000 rw-p 00000000 00:00 0                          [stack:15033]
7f4deecfd000-7f4deed00000 ---p 00000000 00:00 0 
7f4deed00000-7f4deedfe000 rw-p 00000000 00:00 0                          [stack:15032]
7f4deedfe000-7f4deedff000 ---p 00000000 00:00 0 
7f4deedff000-7f4df1000000 rw-p 00000000 00:00 0                          [stack:15031]
7f4df1000000-7f4df15f0000 rwxp 00000000 00:00 0 
7f4df15f0000-7f4e00000000 ---p 00000000 00:00 0 
7f4e00000000-7f4e0039f000 rw-p 00000000 00:00 0 
7f4e0039f000-7f4e04000000 ---p 00000000 00:00 0 
7f4e040a8000-7f4e040b6000 r--s 000e0000 08:05 1444149                    /home/rocku27/Android/Sdk/build-tools/24.0.1/lib/dx.jar
7f4e040b6000-7f4e0492e000 rw-p 00000000 00:00 0 
7f4e0492e000-7f4e04b06000 r--s 03d29000 08:01 1714539                    /usr/local/java/jdk1.8.0_102/jre/lib/rt.jar
7f4e04b06000-7f4e051fc000 rw-p 00000000 00:00 0 
7f4e051fc000-7f4e0537c000 ---p 00000000 00:00 0 
7f4e0537c000-7f4e0557c000 rw-p 00000000 00:00 0 
7f4e0557c000-7f4e0557d000 ---p 00000000 00:00 0 
7f4e0557d000-7f4e0567d000 rw-p 00000000 00:00 0                          [stack:15030]
7f4e0567d000-7f4e0567e000 ---p 00000000 00:00 0 
7f4e0567e000-7f4e057c1000 rw-p 00000000 00:00 0                          [stack:15029]
7f4e057c1000-7f4e058d4000 ---p 00000000 00:00 0 
7f4e058d4000-7f4e05917000 rw-p 00000000 00:00 0 
7f4e05917000-7f4e05a29000 ---p 00000000 00:00 0 
7f4e05a29000-7f4e05a6f000 rw-p 00000000 00:00 0 
7f4e05a6f000-7f4e05ad4000 ---p 00000000 00:00 0 
7f4e05ad4000-7f4e05aed000 rw-p 00000000 00:00 0 
7f4e05aed000-7f4e05e95000 ---p 00000000 00:00 0 
7f4e05e95000-7f4e05eaf000 r-xp 00000000 08:01 1842286                    /usr/local/java/jdk1.8.0_102/jre/lib/amd64/libzip.so
7f4e05eaf000-7f4e060af000 ---p 0001a000 08:01 1842286                    /usr/local/java/jdk1.8.0_102/jre/lib/amd64/libzip.so
7f4e060af000-7f4e060b0000 rw-p 0001a000 08:01 1842286                    /usr/local/java/jdk1.8.0_102/jre/lib/amd64/libzip.so
7f4e060b0000-7f4e060ba000 r-xp 00000000 08:01 786535                     /lib/x86_64-linux-gnu/libnss_files-2.19.so
7f4e060ba000-7f4e062b9000 ---p 0000a000 08:01 786535                     /lib/x86_64-linux-gnu/libnss_files-2.19.so
7f4e062b9000-7f4e062ba000 r--p 00009000 08:01 786535                     /lib/x86_64-linux-gnu/libnss_files-2.19.so
7f4e062ba000-7f4e062bb000 rw-p 0000a000 08:01 786535                     /lib/x86_64-linux-gnu/libnss_files-2.19.so
7f4e062bb000-7f4e062c6000 r-xp 00000000 08:01 786527                     /lib/x86_64-linux-gnu/libnss_nis-2.19.so
7f4e062c6000-7f4e064c5000 ---p 0000b000 08:01 786527                     /lib/x86_64-linux-gnu/libnss_nis-2.19.so
7f4e064c5000-7f4e064c6000 r--p 0000a000 08:01 786527                     /lib/x86_64-linux-gnu/libnss_nis-2.19.so
7f4e064c6000-7f4e064c7000 rw-p 0000b000 08:01 786527                     /lib/x86_64-linux-gnu/libnss_nis-2.19.so
7f4e064c7000-7f4e064de000 r-xp 00000000 08:01 786523                     /lib/x86_64-linux-gnu/libnsl-2.19.so
7f4e064de000-7f4e066dd000 ---p 00017000 08:01 786523                     /lib/x86_64-linux-gnu/libnsl-2.19.so
7f4e066dd000-7f4e066de000 r--p 00016000 08:01 786523                     /lib/x86_64-linux-gnu/libnsl-2.19.so
7f4e066de000-7f4e066df000 rw-p 00017000 08:01 786523                     /lib/x86_64-linux-gnu/libnsl-2.19.so
7f4e066df000-7f4e066e1000 rw-p 00000000 00:00 0 
7f4e066e1000-7f4e066ea000 r-xp 00000000 08:01 786522                     /lib/x86_64-linux-gnu/libnss_compat-2.19.so
7f4e066ea000-7f4e068e9000 ---p 00009000 08:01 786522                     /lib/x86_64-linux-gnu/libnss_compat-2.19.so
7f4e068e9000-7f4e068ea000 r--p 00008000 08:01 786522                     /lib/x86_64-linux-gnu/libnss_compat-2.19.so
7f4e068ea000-7f4e068eb000 rw-p 00009000 08:01 786522                     /lib/x86_64-linux-gnu/libnss_compat-2.19.so
7f4e068eb000-7f4e06915000 r-xp 00000000 08:01 1842313                    /usr/local/java/jdk1.8.0_102/jre/lib/amd64/libjava.so
7f4e06915000-7f4e06b15000 ---p 0002a000 08:01 1842313                    /usr/local/java/jdk1.8.0_102/jre/lib/amd64/libjava.so
7f4e06b15000-7f4e06b17000 rw-p 0002a000 08:01 1842313                    /usr/local/java/jdk1.8.0_102/jre/lib/amd64/libjava.so
7f4e06b17000-7f4e06b24000 r-xp 00000000 08:01 1842264                    /usr/local/java/jdk1.8.0_102/jre/lib/amd64/libverify.so
7f4e06b24000-7f4e06d24000 ---p 0000d000 08:01 1842264                    /usr/local/java/jdk1.8.0_102/jre/lib/amd64/libverify.so
7f4e06d24000-7f4e06d26000 rw-p 0000d000 08:01 1842264                    /usr/local/java/jdk1.8.0_102/jre/lib/amd64/libverify.so
7f4e06d26000-7f4e06d2d000 r-xp 00000000 08:01 786531                     /lib/x86_64-linux-gnu/librt-2.19.so
7f4e06d2d000-7f4e06f2c000 ---p 00007000 08:01 786531                     /lib/x86_64-linux-gnu/librt-2.19.so
7f4e06f2c000-7f4e06f2d000 r--p 00006000 08:01 786531                     /lib/x86_64-linux-gnu/librt-2.19.so
7f4e06f2d000-7f4e06f2e000 rw-p 00007000 08:01 786531                     /lib/x86_64-linux-gnu/librt-2.19.so
7f4e06f2e000-7f4e07033000 r-xp 00000000 08:01 786451                     /lib/x86_64-linux-gnu/libm-2.19.so
7f4e07033000-7f4e07232000 ---p 00105000 08:01 786451                     /lib/x86_64-linux-gnu/libm-2.19.so
7f4e07232000-7f4e07233000 r--p 00104000 08:01 786451                     /lib/x86_64-linux-gnu/libm-2.19.so
7f4e07233000-7f4e07234000 rw-p 00105000 08:01 786451                     /lib/x86_64-linux-gnu/libm-2.19.so
7f4e07234000-7f4e07f00000 r-xp 00000000 08:01 1842317                    /usr/local/java/jdk1.8.0_102/jre/lib/amd64/server/libjvm.so
7f4e07f00000-7f4e08100000 ---p 00ccc000 08:01 1842317                    /usr/local/java/jdk1.8.0_102/jre/lib/amd64/server/libjvm.so
7f4e08100000-7f4e081d9000 rw-p 00ccc000 08:01 1842317                    /usr/local/java/jdk1.8.0_102/jre/lib/amd64/server/libjvm.so
7f4e081d9000-7f4e08224000 rw-p 00000000 00:00 0 
7f4e08224000-7f4e083de000 r-xp 00000000 08:01 786532                     /lib/x86_64-linux-gnu/libc-2.19.so
7f4e083de000-7f4e085de000 ---p 001ba000 08:01 786532                     /lib/x86_64-linux-gnu/libc-2.19.so
7f4e085de000-7f4e085e2000 r--p 001ba000 08:01 786532                     /lib/x86_64-linux-gnu/libc-2.19.so
7f4e085e2000-7f4e085e4000 rw-p 001be000 08:01 786532                     /lib/x86_64-linux-gnu/libc-2.19.so
7f4e085e4000-7f4e085e9000 rw-p 00000000 00:00 0 
7f4e085e9000-7f4e085ec000 r-xp 00000000 08:01 786461                     /lib/x86_64-linux-gnu/libdl-2.19.so
7f4e085ec000-7f4e087eb000 ---p 00003000 08:01 786461                     /lib/x86_64-linux-gnu/libdl-2.19.so
7f4e087eb000-7f4e087ec000 r--p 00002000 08:01 786461                     /lib/x86_64-linux-gnu/libdl-2.19.so
7f4e087ec000-7f4e087ed000 rw-p 00003000 08:01 786461                     /lib/x86_64-linux-gnu/libdl-2.19.so
7f4e087ed000-7f4e08802000 r-xp 00000000 08:01 1585905                    /usr/local/java/jdk1.8.0_102/lib/amd64/jli/libjli.so
7f4e08802000-7f4e08a02000 ---p 00015000 08:01 1585905                    /usr/local/java/jdk1.8.0_102/lib/amd64/jli/libjli.so
7f4e08a02000-7f4e08a03000 rw-p 00015000 08:01 1585905                    /usr/local/java/jdk1.8.0_102/lib/amd64/jli/libjli.so
7f4e08a03000-7f4e08a1c000 r-xp 00000000 08:01 786524                     /lib/x86_64-linux-gnu/libpthread-2.19.so
7f4e08a1c000-7f4e08c1b000 ---p 00019000 08:01 786524                     /lib/x86_64-linux-gnu/libpthread-2.19.so
7f4e08c1b000-7f4e08c1c000 r--p 00018000 08:01 786524                     /lib/x86_64-linux-gnu/libpthread-2.19.so
7f4e08c1c000-7f4e08c1d000 rw-p 00019000 08:01 786524                     /lib/x86_64-linux-gnu/libpthread-2.19.so
7f4e08c1d000-7f4e08c21000 rw-p 00000000 00:00 0 
7f4e08c21000-7f4e08c44000 r-xp 00000000 08:01 786525                     /lib/x86_64-linux-gnu/ld-2.19.so
7f4e08c4e000-7f4e08d27000 rw-p 00000000 00:00 0 
7f4e08d27000-7f4e08d2a000 ---p 00000000 00:00 0 
7f4e08d2a000-7f4e08e2c000 rw-p 00000000 00:00 0                          [stack:15027]
7f4e08e36000-7f4e08e37000 rw-p 00000000 00:00 0 
7f4e08e37000-7f4e08e3f000 rw-s 00000000 08:01 1441875                    /tmp/hsperfdata_rocku27/15023
7f4e08e3f000-7f4e08e40000 rw-p 00000000 00:00 0 
7f4e08e40000-7f4e08e41000 ---p 00000000 00:00 0 
7f4e08e41000-7f4e08e43000 rw-p 00000000 00:00 0 
7f4e08e43000-7f4e08e44000 r--p 00022000 08:01 786525                     /lib/x86_64-linux-gnu/ld-2.19.so
7f4e08e44000-7f4e08e45000 rw-p 00023000 08:01 786525                     /lib/x86_64-linux-gnu/ld-2.19.so
7f4e08e45000-7f4e08e46000 rw-p 00000000 00:00 0 
7ffed3acf000-7ffed3af0000 rw-p 00000000 00:00 0                          [stack]
7ffed3b8d000-7ffed3b8f000 r-xp 00000000 00:00 0                          [vdso]
7ffed3b8f000-7ffed3b91000 r--p 00000000 00:00 0                          [vvar]
ffffffffff600000-ffffffffff601000 r-xp 00000000 00:00 0                  [vsyscall]

VM Arguments:
jvm_args: -Djava.awt.headless=true -Xmx1024M -Dfile.encoding=UTF-8 -Duser.country=IN -Duser.language=en -Duser.variant 
java_command: com.android.dx.command.Main --dex --force-jumbo --num-threads=4 --output /home/rocku27/AndroidStudioProjects/Reward/app/build/intermediates/pre-dexed/debug/main_e86def06f0b9f926007b38f444fbe1c536ead457.jar /home/rocku27/AndroidStudioProjects/Reward/app/build/intermediates/transforms/instantRun/debug/folders/1/5/main
java_class_path (initial): /home/rocku27/Android/Sdk/build-tools/24.0.1/lib/dx.jar
Launcher Type: SUN_STANDARD

Environment Variables:
JAVA_HOME=/usr/local/java/jdk1.8.0_102
JRE_HOME=/usr/local/java/jdk1.8.0_102/jre
PATH=/usr/local/sbin:/usr/local/bin:/usr/sbin:/usr/bin:/sbin:/bin:/usr/games:/usr/local/games:/usr/local/java/jdk1.8.0_102/bin:/usr/local/java/jdk1.8.0_102/jre/bin
LD_LIBRARY_PATH=.:
SHELL=/bin/bash
DISPLAY=:0

Signal Handlers:
SIGSEGV: [libjvm.so+0xac5b30], sa_mask[0]=11111111011111111101111111111110, sa_flags=SA_RESTART|SA_SIGINFO
SIGBUS: [libjvm.so+0xac5b30], sa_mask[0]=11111111011111111101111111111110, sa_flags=SA_RESTART|SA_SIGINFO
SIGFPE: [libjvm.so+0x91f470], sa_mask[0]=11111111011111111101111111111110, sa_flags=SA_RESTART|SA_SIGINFO
SIGPIPE: [libjvm.so+0x91f470], sa_mask[0]=11111111011111111101111111111110, sa_flags=SA_RESTART|SA_SIGINFO
SIGXFSZ: [libjvm.so+0x91f470], sa_mask[0]=11111111011111111101111111111110, sa_flags=SA_RESTART|SA_SIGINFO
SIGILL: [libjvm.so+0x91f470], sa_mask[0]=11111111011111111101111111111110, sa_flags=SA_RESTART|SA_SIGINFO
SIGUSR1: SIG_DFL, sa_mask[0]=00000000000000000000000000000000, sa_flags=none
SIGUSR2: [libjvm.so+0x920aa0], sa_mask[0]=00100000000000000000000000000000, sa_flags=SA_RESTART|SA_SIGINFO
SIGHUP: [libjvm.so+0x921ea0], sa_mask[0]=11111111011111111101111111111110, sa_flags=SA_RESTART|SA_SIGINFO
SIGINT: [libjvm.so+0x921ea0], sa_mask[0]=11111111011111111101111111111110, sa_flags=SA_RESTART|SA_SIGINFO
SIGTERM: [libjvm.so+0x921ea0], sa_mask[0]=11111111011111111101111111111110, sa_flags=SA_RESTART|SA_SIGINFO
SIGQUIT: [libjvm.so+0x921ea0], sa_mask[0]=11111111011111111101111111111110, sa_flags=SA_RESTART|SA_SIGINFO


---------------  S Y S T E M  ---------------

OS:DISTRIB_ID=Ubuntu
DISTRIB_RELEASE=14.04
DISTRIB_CODENAME=trusty
DISTRIB_DESCRIPTION="Ubuntu 14.04.5 LTS"

uname:Linux 3.16.0-77-generic #99~14.04.1-Ubuntu SMP Tue Jun 28 19:17:10 UTC 2016 x86_64
libc:glibc 2.19 NPTL 2.19 
rlimit: STACK 8192k, CORE 0k, NPROC 31718, NOFILE 4096, AS infinity
load average:5.52 5.24 4.52

/proc/meminfo:
MemTotal:        8141328 kB
MemFree:          160880 kB
MemAvailable:     132684 kB
Buffers:            1132 kB
Cached:           857848 kB
SwapCached:            0 kB
Active:          6360948 kB
Inactive:         815320 kB
Active(anon):    6322636 kB
Inactive(anon):   782112 kB
Active(file):      38312 kB
Inactive(file):    33208 kB
Unevictable:         120 kB
Mlocked:             120 kB
SwapTotal:             0 kB
SwapFree:              0 kB
Dirty:                36 kB
Writeback:             0 kB
AnonPages:       6317868 kB
Mapped:           885344 kB
Shmem:            787008 kB
Slab:              88956 kB
SReclaimable:      41032 kB
SUnreclaim:        47924 kB
KernelStack:       12832 kB
PageTables:        88348 kB
NFS_Unstable:          0 kB
Bounce:                0 kB
WritebackTmp:          0 kB
CommitLimit:     4070664 kB
Committed_AS:   15422408 kB
VmallocTotal:   34359738367 kB
VmallocUsed:      555820 kB
VmallocChunk:   34359160824 kB
HardwareCorrupted:     0 kB
AnonHugePages:   2433024 kB
HugePages_Total:       0
HugePages_Free:        0
HugePages_Rsvd:        0
HugePages_Surp:        0
Hugepagesize:       2048 kB
DirectMap4k:       56960 kB
DirectMap2M:     8296448 kB


CPU:total 2 (2 cores per cpu, 1 threads per core) family 6 model 23 stepping 10, cmov, cx8, fxsr, mmx, sse, sse2, sse3, ssse3, sse4.1, tsc

/proc/cpuinfo:
processor	: 0
vendor_id	: GenuineIntel
cpu family	: 6
model		: 23
model name	: Intel(R) Core(TM)2 Duo CPU     E7500  @ 2.93GHz
stepping	: 10
microcode	: 0xa07
cpu MHz		: 2933.215
cache size	: 3072 KB
physical id	: 0
siblings	: 2
core id		: 0
cpu cores	: 2
apicid		: 0
initial apicid	: 0
fpu		: yes
fpu_exception	: yes
cpuid level	: 13
wp		: yes
flags		: fpu vme de pse tsc msr pae mce cx8 apic sep mtrr pge mca cmov pat pse36 clflush dts acpi mmx fxsr sse sse2 ss ht tm pbe syscall nx lm constant_tsc arch_perfmon pebs bts rep_good nopl aperfmperf pni dtes64 monitor ds_cpl vmx est tm2 ssse3 cx16 xtpr pdcm sse4_1 xsave lahf_lm dtherm tpr_shadow vnmi flexpriority
bogomips	: 5866.43
clflush size	: 64
cache_alignment	: 64
address sizes	: 36 bits physical, 48 bits virtual
power management:

processor	: 1
vendor_id	: GenuineIntel
cpu family	: 6
model		: 23
model name	: Intel(R) Core(TM)2 Duo CPU     E7500  @ 2.93GHz
stepping	: 10
microcode	: 0xa07
cpu MHz		: 2933.215
cache size	: 3072 KB
physical id	: 0
siblings	: 2
core id		: 1
cpu cores	: 2
apicid		: 1
initial apicid	: 1
fpu		: yes
fpu_exception	: yes
cpuid level	: 13
wp		: yes
flags		: fpu vme de pse tsc msr pae mce cx8 apic sep mtrr pge mca cmov pat pse36 clflush dts acpi mmx fxsr sse sse2 ss ht tm pbe syscall nx lm constant_tsc arch_perfmon pebs bts rep_good nopl aperfmperf pni dtes64 monitor ds_cpl vmx est tm2 ssse3 cx16 xtpr pdcm sse4_1 xsave lahf_lm dtherm tpr_shadow vnmi flexpriority
bogomips	: 5866.43
clflush size	: 64
cache_alignment	: 64
address sizes	: 36 bits physical, 48 bits virtual
power management:



Memory: 4k page, physical 8141328k(160880k free), swap 0k(0k free)

vm_info: Java HotSpot(TM) 64-Bit Server VM (25.102-b14) for linux-amd64 JRE (1.8.0_102-b14), built on Jun 22 2016 18:43:17 by "java_re" with gcc 4.3.0 20080428 (Red Hat 4.3.0-8)

time: Wed Aug 17 17:45:49 2016
elapsed time: 14 seconds (0d 0h 0m 14s)

