#
# There is insufficient memory for the Java Runtime Environment to continue.
# Native memory allocation (mmap) failed to map 175112192 bytes for committing reserved memory.
# Possible reasons:
#   The system is out of physical RAM or swap space
#   In 32 bit mode, the process size limit was hit
# Possible solutions:
#   Reduce memory load on the system
#   Increase physical memory or swap space
#   Check if swap backing store is full
#   Use 64 bit Java on a 64 bit OS
#   Decrease Java heap size (-Xmx/-Xms)
#   Decrease number of Java threads
#   Decrease Java thread stack sizes (-Xss)
#   Set larger code cache with -XX:ReservedCodeCacheSize=
# This output file may be truncated or incomplete.
#
#  Out of Memory Error (os_linux.cpp:2627), pid=6920, tid=0x00007ff084ef6700
#
# JRE version: Java(TM) SE Runtime Environment (8.0_102-b14) (build 1.8.0_102-b14)
# Java VM: Java HotSpot(TM) 64-Bit Server VM (25.102-b14 mixed mode linux-amd64 compressed oops)
# Failed to write core dump. Core dumps have been disabled. To enable core dumping, try "ulimit -c unlimited" before starting Java again
#

---------------  T H R E A D  ---------------

Current thread (0x00007ff09c073800):  VMThread [stack: 0x00007ff084df6000,0x00007ff084ef7000] [id=6927]

Stack: [0x00007ff084df6000,0x00007ff084ef7000],  sp=0x00007ff084ef51e0,  free space=1020k
Native frames: (J=compiled Java code, j=interpreted, Vv=VM code, C=native code)
V  [libjvm.so+0xac52aa]  VMError::report_and_die()+0x2ba
V  [libjvm.so+0x4fc29b]  report_vm_out_of_memory(char const*, int, unsigned long, VMErrorType, char const*)+0x8b
V  [libjvm.so+0x922603]  os::Linux::commit_memory_impl(char*, unsigned long, bool)+0x103
V  [libjvm.so+0x922b59]  os::pd_commit_memory(char*, unsigned long, unsigned long, bool)+0x29
V  [libjvm.so+0x91ce5a]  os::commit_memory(char*, unsigned long, unsigned long, bool)+0x2a
V  [libjvm.so+0x9915e3]  PSVirtualSpace::expand_by(unsigned long)+0x53
V  [libjvm.so+0x9929e8]  PSYoungGen::resize_generation(unsigned long, unsigned long)+0xf8
V  [libjvm.so+0x991b42]  PSYoungGen::resize(unsigned long, unsigned long)+0x22
V  [libjvm.so+0x98ee1b]  PSScavenge::invoke_no_policy()+0xf3b
V  [libjvm.so+0x98f5a1]  PSScavenge::invoke()+0x41
V  [libjvm.so+0x9462f0]  ParallelScavengeHeap::failed_mem_allocate(unsigned long)+0x70
V  [libjvm.so+0xac6cc7]  VM_ParallelGCFailedAllocation::doit()+0x97
V  [libjvm.so+0xace7a5]  VM_Operation::evaluate()+0x55
V  [libjvm.so+0xaccb7a]  VMThread::evaluate_operation(VM_Operation*)+0xba
V  [libjvm.so+0xaccefe]  VMThread::loop()+0x1ce
V  [libjvm.so+0xacd370]  VMThread::run()+0x70
V  [libjvm.so+0x9249c8]  java_start(Thread*)+0x108

VM_Operation (0x00007ff05fffdb90): ParallelGCFailedAllocation, mode: safepoint, requested by thread 0x00007ff09c132800


---------------  P R O C E S S  ---------------

Java Threads: ( => current thread )
  0x00007ff09c139000 JavaThread "pool-1-thread-4" [_thread_blocked, id=6960, stack(0x00007ff05fafb000,0x00007ff05fbfc000)]
  0x00007ff09c137800 JavaThread "pool-1-thread-3" [_thread_blocked, id=6959, stack(0x00007ff05fbfc000,0x00007ff05fcfd000)]
  0x00007ff09c136800 JavaThread "pool-1-thread-2" [_thread_blocked, id=6958, stack(0x00007ff05fcfd000,0x00007ff05fdfe000)]
  0x00007ff09c134800 JavaThread "pool-2-thread-1" [_thread_blocked, id=6957, stack(0x00007ff05fdfe000,0x00007ff05feff000)]
  0x00007ff09c132800 JavaThread "pool-1-thread-1" [_thread_blocked, id=6956, stack(0x00007ff05feff000,0x00007ff060000000)]
  0x00007ff09c0ba000 JavaThread "Service Thread" daemon [_thread_blocked, id=6933, stack(0x00007ff08410e000,0x00007ff08420f000)]
  0x00007ff09c0b7000 JavaThread "C1 CompilerThread1" daemon [_thread_blocked, id=6932, stack(0x00007ff08420f000,0x00007ff084310000)]
  0x00007ff09c0b4000 JavaThread "C2 CompilerThread0" daemon [_thread_blocked, id=6931, stack(0x00007ff084310000,0x00007ff084411000)]
  0x00007ff09c0b3000 JavaThread "Signal Dispatcher" daemon [_thread_blocked, id=6930, stack(0x00007ff084411000,0x00007ff084512000)]
  0x00007ff09c080000 JavaThread "Finalizer" daemon [_thread_blocked, id=6929, stack(0x00007ff084bf4000,0x00007ff084cf5000)]
  0x00007ff09c07b800 JavaThread "Reference Handler" daemon [_thread_blocked, id=6928, stack(0x00007ff084cf5000,0x00007ff084df6000)]
  0x00007ff09c00a000 JavaThread "main" [_thread_blocked, id=6922, stack(0x00007ff0a2ca8000,0x00007ff0a2da9000)]

Other Threads:
=>0x00007ff09c073800 VMThread [stack: 0x00007ff084df6000,0x00007ff084ef7000] [id=6927]
  0x00007ff09c0bc800 WatcherThread [stack: 0x00007ff08400d000,0x00007ff08410e000] [id=6934]

VM state:at safepoint (normal execution)

VM Mutex/Monitor currently owned by a thread:  ([mutex/lock_event])
[0x00007ff09c006530] Threads_lock - owner thread: 0x00007ff09c073800
[0x00007ff09c006a30] Heap_lock - owner thread: 0x00007ff09c132800

Heap:
 PSYoungGen      total 136192K, used 5096K [0x00000000eab00000, 0x00000000f3500000, 0x0000000100000000)
  eden space 131072K, 0% used [0x00000000eab00000,0x00000000eab00000,0x00000000f2b00000)
  from space 5120K, 99% used [0x00000000f2b00000,0x00000000f2ffa148,0x00000000f3000000)
  to   space 5120K, 0% used [0x00000000f3000000,0x00000000f3000000,0x00000000f3500000)
 ParOldGen       total 86016K, used 42019K [0x00000000c0000000, 0x00000000c5400000, 0x00000000eab00000)
  object space 86016K, 48% used [0x00000000c0000000,0x00000000c2908ea0,0x00000000c5400000)
 Metaspace       used 6297K, capacity 7192K, committed 7424K, reserved 1056768K
  class space    used 614K, capacity 656K, committed 768K, reserved 1048576K

Card table byte_map: [0x00007ff08c824000,0x00007ff08ca25000] byte_map_base: 0x00007ff08c224000

Marking Bits: (ParMarkBitMap*) 0x00007ff0a2177c60
 Begin Bits: [0x00007ff086000000, 0x00007ff087000000)
 End Bits:   [0x00007ff087000000, 0x00007ff088000000)

Polling page: 0x00007ff0a2dc1000

CodeCache: size=245760Kb used=6588Kb max_used=6588Kb free=239172Kb
 bounds [0x00007ff08cde5000, 0x00007ff08d465000, 0x00007ff09bde5000]
 total_blobs=1980 nmethods=1714 adapters=182
 compilation: enabled

Compilation events (10 events):
Event: 6.819 Thread 0x00007ff09c0b7000 1983       2       java.util.BitSet::set (20 bytes)
Event: 6.819 Thread 0x00007ff09c0b7000 nmethod 1983 0x00007ff08d4552d0 code [0x00007ff08d455440, 0x00007ff08d4555d8]
Event: 6.819 Thread 0x00007ff09c0b7000 1984       2       com.android.dx.dex.file.ClassDefItem::addDirectMethod (9 bytes)
Event: 6.820 Thread 0x00007ff09c0b7000 nmethod 1984 0x00007ff08d455690 code [0x00007ff08d455820, 0x00007ff08d455b58]
Event: 6.820 Thread 0x00007ff09c0b7000 1985       2       com.android.dx.dex.file.ClassDataItem::addDirectMethod (24 bytes)
Event: 6.820 Thread 0x00007ff09c0b7000 nmethod 1985 0x00007ff08d455e10 code [0x00007ff08d455fa0, 0x00007ff08d4562f8]
Event: 6.822 Thread 0x00007ff09c0b7000 1986       1       com.android.dx.dex.code.RopTranslator::access$100 (5 bytes)
Event: 6.822 Thread 0x00007ff09c0b7000 nmethod 1986 0x00007ff08d456590 code [0x00007ff08d4566e0, 0x00007ff08d4567d0]
Event: 6.823 Thread 0x00007ff09c0b7000 1987       2       java.util.Collections$UnmodifiableCollection::size (10 bytes)
Event: 6.823 Thread 0x00007ff09c0b7000 nmethod 1987 0x00007ff08d456850 code [0x00007ff08d4569c0, 0x00007ff08d456b48]

GC Heap History (9 events):
Event: 1.722 GC heap before
{Heap before GC invocations=1 (full 0):
 PSYoungGen      total 37888K, used 32768K [0x00000000eab00000, 0x00000000ed500000, 0x0000000100000000)
  eden space 32768K, 100% used [0x00000000eab00000,0x00000000ecb00000,0x00000000ecb00000)
  from space 5120K, 0% used [0x00000000ed000000,0x00000000ed000000,0x00000000ed500000)
  to   space 5120K, 0% used [0x00000000ecb00000,0x00000000ecb00000,0x00000000ed000000)
 ParOldGen       total 86016K, used 0K [0x00000000c0000000, 0x00000000c5400000, 0x00000000eab00000)
  object space 86016K, 0% used [0x00000000c0000000,0x00000000c0000000,0x00000000c5400000)
 Metaspace       used 5699K, capacity 6704K, committed 6784K, reserved 1056768K
  class space    used 593K, capacity 616K, committed 640K, reserved 1048576K
Event: 1.749 GC heap after
Heap after GC invocations=1 (full 0):
 PSYoungGen      total 37888K, used 5100K [0x00000000eab00000, 0x00000000ef500000, 0x0000000100000000)
  eden space 32768K, 0% used [0x00000000eab00000,0x00000000eab00000,0x00000000ecb00000)
  from space 5120K, 99% used [0x00000000ecb00000,0x00000000ecffb1f8,0x00000000ed000000)
  to   space 5120K, 0% used [0x00000000ef000000,0x00000000ef000000,0x00000000ef500000)
 ParOldGen       total 86016K, used 1024K [0x00000000c0000000, 0x00000000c5400000, 0x00000000eab00000)
  object space 86016K, 1% used [0x00000000c0000000,0x00000000c01003a0,0x00000000c5400000)
 Metaspace       used 5699K, capacity 6704K, committed 6784K, reserved 1056768K
  class space    used 593K, capacity 616K, committed 640K, reserved 1048576K
}
Event: 2.609 GC heap before
{Heap before GC invocations=2 (full 0):
 PSYoungGen      total 37888K, used 37868K [0x00000000eab00000, 0x00000000ef500000, 0x0000000100000000)
  eden space 32768K, 100% used [0x00000000eab00000,0x00000000ecb00000,0x00000000ecb00000)
  from space 5120K, 99% used [0x00000000ecb00000,0x00000000ecffb1f8,0x00000000ed000000)
  to   space 5120K, 0% used [0x00000000ef000000,0x00000000ef000000,0x00000000ef500000)
 ParOldGen       total 86016K, used 1191K [0x00000000c0000000, 0x00000000c5400000, 0x00000000eab00000)
  object space 86016K, 1% used [0x00000000c0000000,0x00000000c0129fd0,0x00000000c5400000)
 Metaspace       used 5811K, capacity 6768K, committed 7040K, reserved 1056768K
  class space    used 593K, capacity 616K, committed 640K, reserved 1048576K
Event: 2.747 GC heap after
Heap after GC invocations=2 (full 0):
 PSYoungGen      total 70656K, used 5115K [0x00000000eab00000, 0x00000000ef500000, 0x0000000100000000)
  eden space 65536K, 0% used [0x00000000eab00000,0x00000000eab00000,0x00000000eeb00000)
  from space 5120K, 99% used [0x00000000ef000000,0x00000000ef4feec8,0x00000000ef500000)
  to   space 5120K, 0% used [0x00000000eeb00000,0x00000000eeb00000,0x00000000ef000000)
 ParOldGen       total 86016K, used 5326K [0x00000000c0000000, 0x00000000c5400000, 0x00000000eab00000)
  object space 86016K, 6% used [0x00000000c0000000,0x00000000c0533a08,0x00000000c5400000)
 Metaspace       used 5811K, capacity 6768K, committed 7040K, reserved 1056768K
  class space    used 593K, capacity 616K, committed 640K, reserved 1048576K
}
Event: 3.864 GC heap before
{Heap before GC invocations=3 (full 0):
 PSYoungGen      total 70656K, used 70651K [0x00000000eab00000, 0x00000000ef500000, 0x0000000100000000)
  eden space 65536K, 100% used [0x00000000eab00000,0x00000000eeb00000,0x00000000eeb00000)
  from space 5120K, 99% used [0x00000000ef000000,0x00000000ef4feec8,0x00000000ef500000)
  to   space 5120K, 0% used [0x00000000eeb00000,0x00000000eeb00000,0x00000000ef000000)
 ParOldGen       total 86016K, used 5328K [0x00000000c0000000, 0x00000000c5400000, 0x00000000eab00000)
  object space 86016K, 6% used [0x00000000c0000000,0x00000000c05340d8,0x00000000c5400000)
 Metaspace       used 5917K, capacity 6896K, committed 7040K, reserved 1056768K
  class space    used 594K, capacity 616K, committed 640K, reserved 1048576K
Event: 4.085 GC heap after
Heap after GC invocations=3 (full 0):
 PSYoungGen      total 70656K, used 5107K [0x00000000eab00000, 0x00000000f3500000, 0x0000000100000000)
  eden space 65536K, 0% used [0x00000000eab00000,0x00000000eab00000,0x00000000eeb00000)
  from space 5120K, 99% used [0x00000000eeb00000,0x00000000eeffcd18,0x00000000ef000000)
  to   space 5120K, 0% used [0x00000000f3000000,0x00000000f3000000,0x00000000f3500000)
 ParOldGen       total 86016K, used 15347K [0x00000000c0000000, 0x00000000c5400000, 0x00000000eab00000)
  object space 86016K, 17% used [0x00000000c0000000,0x00000000c0efcdc0,0x00000000c5400000)
 Metaspace       used 5917K, capacity 6896K, committed 7040K, reserved 1056768K
  class space    used 594K, capacity 616K, committed 640K, reserved 1048576K
}
Event: 4.979 GC heap before
{Heap before GC invocations=4 (full 0):
 PSYoungGen      total 70656K, used 70643K [0x00000000eab00000, 0x00000000f3500000, 0x0000000100000000)
  eden space 65536K, 100% used [0x00000000eab00000,0x00000000eeb00000,0x00000000eeb00000)
  from space 5120K, 99% used [0x00000000eeb00000,0x00000000eeffcd18,0x00000000ef000000)
  to   space 5120K, 0% used [0x00000000f3000000,0x00000000f3000000,0x00000000f3500000)
 ParOldGen       total 86016K, used 15347K [0x00000000c0000000, 0x00000000c5400000, 0x00000000eab00000)
  object space 86016K, 17% used [0x00000000c0000000,0x00000000c0efcdc0,0x00000000c5400000)
 Metaspace       used 6116K, capacity 7000K, committed 7168K, reserved 1056768K
  class space    used 614K, capacity 656K, committed 768K, reserved 1048576K
Event: 5.242 GC heap after
Heap after GC invocations=4 (full 0):
 PSYoungGen      total 136192K, used 5114K [0x00000000eab00000, 0x00000000f3500000, 0x0000000100000000)
  eden space 131072K, 0% used [0x00000000eab00000,0x00000000eab00000,0x00000000f2b00000)
  from space 5120K, 99% used [0x00000000f3000000,0x00000000f34feb98,0x00000000f3500000)
  to   space 5120K, 0% used [0x00000000f2b00000,0x00000000f2b00000,0x00000000f3000000)
 ParOldGen       total 86016K, used 23668K [0x00000000c0000000, 0x00000000c5400000, 0x00000000eab00000)
  object space 86016K, 27% used [0x00000000c0000000,0x00000000c171d170,0x00000000c5400000)
 Metaspace       used 6116K, capacity 7000K, committed 7168K, reserved 1056768K
  class space    used 614K, capacity 656K, committed 768K, reserved 1048576K
}
Event: 6.838 GC heap before
{Heap before GC invocations=5 (full 0):
 PSYoungGen      total 136192K, used 136186K [0x00000000eab00000, 0x00000000f3500000, 0x0000000100000000)
  eden space 131072K, 100% used [0x00000000eab00000,0x00000000f2b00000,0x00000000f2b00000)
  from space 5120K, 99% used [0x00000000f3000000,0x00000000f34feb98,0x00000000f3500000)
  to   space 5120K, 0% used [0x00000000f2b00000,0x00000000f2b00000,0x00000000f3000000)
 ParOldGen       total 86016K, used 23668K [0x00000000c0000000, 0x00000000c5400000, 0x00000000eab00000)
  object space 86016K, 27% used [0x00000000c0000000,0x00000000c171d170,0x00000000c5400000)
 Metaspace       used 6297K, capacity 7192K, committed 7424K, reserved 1056768K
  class space    used 614K, capacity 656K, committed 768K, reserved 1048576K

Deoptimization events (9 events):
Event: 0.395 Thread 0x00007ff09c00a000 Uncommon trap: reason=unstable_if action=reinterpret pc=0x00007ff08cf2b408 method=java.lang.String.indexOf(II)I @ 49
Event: 2.113 Thread 0x00007ff09c137800 Uncommon trap: reason=null_check action=make_not_entrant pc=0x00007ff08d0582b4 method=com.android.dx.ssa.SsaRenamer.getLocalForNewReg(I)Lcom/android/dx/rop/code/LocalItem; @ 19
Event: 2.129 Thread 0x00007ff09c00a000 Uncommon trap: reason=unstable_if action=reinterpret pc=0x00007ff08cff00bc method=java.lang.String.<init>([CII)V @ 18
Event: 2.496 Thread 0x00007ff09c139000 Uncommon trap: reason=unstable_if action=reinterpret pc=0x00007ff08d07845c method=com.android.dx.rop.cst.Constant.compareTo(Lcom/android/dx/rop/cst/Constant;)I @ 12
Event: 2.798 Thread 0x00007ff09c00a000 Uncommon trap: reason=unstable_if action=reinterpret pc=0x00007ff08cfb22d4 method=java.lang.String.<init>([CII)V @ 18
Event: 4.793 Thread 0x00007ff09c00a000 Uncommon trap: reason=unstable_if action=reinterpret pc=0x00007ff08d0ef6c4 method=java.util.HashMap.getNode(ILjava/lang/Object;)Ljava/util/HashMap$Node; @ 84
Event: 4.793 Thread 0x00007ff09c00a000 Uncommon trap: reason=unstable_if action=reinterpret pc=0x00007ff08cfdd3d8 method=java.util.HashMap.getNode(ILjava/lang/Object;)Ljava/util/HashMap$Node; @ 84
Event: 4.794 Thread 0x00007ff09c00a000 Uncommon trap: reason=unstable_if action=reinterpret pc=0x00007ff08cfcabac method=java.util.HashMap.getNode(ILjava/lang/Object;)Ljava/util/HashMap$Node; @ 84
Event: 6.044 Thread 0x00007ff09c132800 Uncommon trap: reason=unstable_if action=reinterpret pc=0x00007ff08d26db0c method=com.android.dx.dex.code.OutputFinisher.hasLocalInfo(Lcom/android/dx/dex/code/DalvInsn;)Z @ 24

Internal exceptions (6 events):
Event: 0.074 Thread 0x00007ff09c00a000 Exception <a 'java/lang/NoSuchMethodError': Method sun.misc.Unsafe.defineClass(Ljava/lang/String;[BII)Ljava/lang/Class; name or signature does not match> (0x00000000eab07c78) thrown at [/HUDSON3/workspace/8-2-build-linux-amd64/jdk8u102/7268/hotspot/src/sh
Event: 0.074 Thread 0x00007ff09c00a000 Exception <a 'java/lang/NoSuchMethodError': Method sun.misc.Unsafe.prefetchRead(Ljava/lang/Object;J)V name or signature does not match> (0x00000000eab07f60) thrown at [/HUDSON3/workspace/8-2-build-linux-amd64/jdk8u102/7268/hotspot/src/share/vm/prims/jni.c
Event: 2.113 Thread 0x00007ff09c137800 Implicit null exception at 0x00007ff08d056e1e to 0x00007ff08d058291
Event: 4.760 Thread 0x00007ff09c00a000 Exception <a 'java/lang/ArrayIndexOutOfBoundsException': 18> (0x00000000edec4e08) thrown at [/HUDSON3/workspace/8-2-build-linux-amd64/jdk8u102/7268/hotspot/src/share/vm/interpreter/interpreterRuntime.cpp, line 366]
Event: 4.763 Thread 0x00007ff09c00a000 Exception <a 'java/lang/ArrayIndexOutOfBoundsException': 145> (0x00000000edec6988) thrown at [/HUDSON3/workspace/8-2-build-linux-amd64/jdk8u102/7268/hotspot/src/share/vm/interpreter/interpreterRuntime.cpp, line 366]
Event: 4.765 Thread 0x00007ff09c00a000 Exception <a 'java/lang/ArrayIndexOutOfBoundsException': 40> (0x00000000edec7c70) thrown at [/HUDSON3/workspace/8-2-build-linux-amd64/jdk8u102/7268/hotspot/src/share/vm/interpreter/interpreterRuntime.cpp, line 366]

Events (10 events):
Event: 6.685 Thread 0x00007ff09c132800 DEOPT UNPACKING pc=0x00007ff08ce2bf73 sp=0x00007ff05fffdad8 mode 0
Event: 6.740 Thread 0x00007ff09c00a000 DEOPT PACKING pc=0x00007ff08d2d8eaa sp=0x00007ff0a2da6790
Event: 6.740 Thread 0x00007ff09c00a000 DEOPT UNPACKING pc=0x00007ff08ce2bf73 sp=0x00007ff0a2da6510 mode 0
Event: 6.747 Thread 0x00007ff09c137800 DEOPT PACKING pc=0x00007ff08d061ced sp=0x00007ff05fcfabd0
Event: 6.747 Thread 0x00007ff09c137800 DEOPT UNPACKING pc=0x00007ff08ce2bf73 sp=0x00007ff05fcfa958 mode 0
Event: 6.787 Thread 0x00007ff09c137800 DEOPT PACKING pc=0x00007ff08d3bae81 sp=0x00007ff05fcfaee0
Event: 6.787 Thread 0x00007ff09c137800 DEOPT UNPACKING pc=0x00007ff08ce2bf73 sp=0x00007ff05fcfac80 mode 0
Event: 6.802 Thread 0x00007ff09c136800 DEOPT PACKING pc=0x00007ff08d061ced sp=0x00007ff05fdfbc50
Event: 6.802 Thread 0x00007ff09c136800 DEOPT UNPACKING pc=0x00007ff08ce2bf73 sp=0x00007ff05fdfb9d8 mode 0
Event: 6.828 Executing VM operation: ParallelGCFailedAllocation


Dynamic libraries:
00400000-00401000 r-xp 00000000 08:01 1714477                            /usr/local/java/jdk1.8.0_102/bin/java
00600000-00601000 rw-p 00000000 08:01 1714477                            /usr/local/java/jdk1.8.0_102/bin/java
00736000-00778000 rw-p 00000000 00:00 0                                  [heap]
c0000000-c5400000 rw-p 00000000 00:00 0 
c5400000-eab00000 ---p 00000000 00:00 0 
eab00000-f3500000 rw-p 00000000 00:00 0 
fdc00000-100000000 ---p 00000000 00:00 0 
100000000-1000c0000 rw-p 00000000 00:00 0 
1000c0000-140000000 ---p 00000000 00:00 0 
7ff048000000-7ff04802d000 rw-p 00000000 00:00 0 
7ff04802d000-7ff04c000000 ---p 00000000 00:00 0 
7ff050000000-7ff050021000 rw-p 00000000 00:00 0 
7ff050021000-7ff054000000 ---p 00000000 00:00 0 
7ff054000000-7ff054021000 rw-p 00000000 00:00 0 
7ff054021000-7ff058000000 ---p 00000000 00:00 0 
7ff058000000-7ff058029000 rw-p 00000000 00:00 0 
7ff058029000-7ff05c000000 ---p 00000000 00:00 0 
7ff05fafb000-7ff05fafe000 ---p 00000000 00:00 0 
7ff05fafe000-7ff05fbfc000 rw-p 00000000 00:00 0                          [stack:6960]
7ff05fbfc000-7ff05fbff000 ---p 00000000 00:00 0 
7ff05fbff000-7ff05fcfd000 rw-p 00000000 00:00 0                          [stack:6959]
7ff05fcfd000-7ff05fd00000 ---p 00000000 00:00 0 
7ff05fd00000-7ff05fdfe000 rw-p 00000000 00:00 0                          [stack:6958]
7ff05fdfe000-7ff05fe01000 ---p 00000000 00:00 0 
7ff05fe01000-7ff05feff000 rw-p 00000000 00:00 0                          [stack:6957]
7ff05feff000-7ff05ff02000 ---p 00000000 00:00 0 
7ff05ff02000-7ff060000000 rw-p 00000000 00:00 0                          [stack:6956]
7ff060000000-7ff060021000 rw-p 00000000 00:00 0 
7ff060021000-7ff064000000 ---p 00000000 00:00 0 
7ff064000000-7ff064021000 rw-p 00000000 00:00 0 
7ff064021000-7ff068000000 ---p 00000000 00:00 0 
7ff068000000-7ff0687f0000 rw-p 00000000 00:00 0 
7ff0687f0000-7ff06c000000 ---p 00000000 00:00 0 
7ff06c000000-7ff06c884000 rw-p 00000000 00:00 0 
7ff06c884000-7ff070000000 ---p 00000000 00:00 0 
7ff070000000-7ff070021000 rw-p 00000000 00:00 0 
7ff070021000-7ff074000000 ---p 00000000 00:00 0 
7ff074000000-7ff074021000 rw-p 00000000 00:00 0 
7ff074021000-7ff078000000 ---p 00000000 00:00 0 
7ff078000000-7ff07828d000 rw-p 00000000 00:00 0 
7ff07828d000-7ff07c000000 ---p 00000000 00:00 0 
7ff07c000000-7ff07c021000 rw-p 00000000 00:00 0 
7ff07c021000-7ff080000000 ---p 00000000 00:00 0 
7ff080000000-7ff080021000 rw-p 00000000 00:00 0 
7ff080021000-7ff084000000 ---p 00000000 00:00 0 
7ff08400d000-7ff08400e000 ---p 00000000 00:00 0 
7ff08400e000-7ff08410e000 rw-p 00000000 00:00 0                          [stack:6934]
7ff08410e000-7ff084111000 ---p 00000000 00:00 0 
7ff084111000-7ff08420f000 rw-p 00000000 00:00 0                          [stack:6933]
7ff08420f000-7ff084212000 ---p 00000000 00:00 0 
7ff084212000-7ff084310000 rw-p 00000000 00:00 0                          [stack:6932]
7ff084310000-7ff084313000 ---p 00000000 00:00 0 
7ff084313000-7ff084411000 rw-p 00000000 00:00 0                          [stack:6931]
7ff084411000-7ff084414000 ---p 00000000 00:00 0 
7ff084414000-7ff084512000 rw-p 00000000 00:00 0                          [stack:6930]
7ff084512000-7ff084bf4000 r--p 00000000 08:01 1580054                    /usr/lib/locale/locale-archive
7ff084bf4000-7ff084bf7000 ---p 00000000 00:00 0 
7ff084bf7000-7ff084cf5000 rw-p 00000000 00:00 0                          [stack:6929]
7ff084cf5000-7ff084cf8000 ---p 00000000 00:00 0 
7ff084cf8000-7ff084df6000 rw-p 00000000 00:00 0                          [stack:6928]
7ff084df6000-7ff084df7000 ---p 00000000 00:00 0 
7ff084df7000-7ff085e80000 rw-p 00000000 00:00 0                          [stack:6927]
7ff085e80000-7ff086000000 ---p 00000000 00:00 0 
7ff086000000-7ff088000000 rw-p 00000000 00:00 0 
7ff088000000-7ff088021000 rw-p 00000000 00:00 0 
7ff088021000-7ff08c000000 ---p 00000000 00:00 0 
7ff08c02f000-7ff08c07e000 rw-p 00000000 00:00 0 
7ff08c07e000-7ff08c256000 r--s 03d29000 08:01 1714539                    /usr/local/java/jdk1.8.0_102/jre/lib/rt.jar
7ff08c256000-7ff08c4cc000 rw-p 00000000 00:00 0 
7ff08c4cc000-7ff08c4cd000 ---p 00000000 00:00 0 
7ff08c4cd000-7ff08c5cd000 rw-p 00000000 00:00 0                          [stack:6926]
7ff08c5cd000-7ff08c5ce000 ---p 00000000 00:00 0 
7ff08c5ce000-7ff08c6f8000 rw-p 00000000 00:00 0                          [stack:6925]
7ff08c6f8000-7ff08c824000 ---p 00000000 00:00 0 
7ff08c824000-7ff08c84e000 rw-p 00000000 00:00 0 
7ff08c84e000-7ff08c979000 ---p 00000000 00:00 0 
7ff08c979000-7ff08c9bf000 rw-p 00000000 00:00 0 
7ff08c9bf000-7ff08ca24000 ---p 00000000 00:00 0 
7ff08ca24000-7ff08ca3f000 rw-p 00000000 00:00 0 
7ff08ca3f000-7ff08cde5000 ---p 00000000 00:00 0 
7ff08cde5000-7ff08d465000 rwxp 00000000 00:00 0 
7ff08d465000-7ff09bde5000 ---p 00000000 00:00 0 
7ff09bde5000-7ff09bdff000 r-xp 00000000 08:01 1842286                    /usr/local/java/jdk1.8.0_102/jre/lib/amd64/libzip.so
7ff09bdff000-7ff09bfff000 ---p 0001a000 08:01 1842286                    /usr/local/java/jdk1.8.0_102/jre/lib/amd64/libzip.so
7ff09bfff000-7ff09c000000 rw-p 0001a000 08:01 1842286                    /usr/local/java/jdk1.8.0_102/jre/lib/amd64/libzip.so
7ff09c000000-7ff09c386000 rw-p 00000000 00:00 0 
7ff09c386000-7ff0a0000000 ---p 00000000 00:00 0 
7ff0a0002000-7ff0a0010000 r--s 000e0000 08:05 1444149                    /home/rocku27/Android/Sdk/build-tools/24.0.1/lib/dx.jar
7ff0a0010000-7ff0a0031000 rw-p 00000000 00:00 0 
7ff0a0031000-7ff0a003b000 r-xp 00000000 08:01 786535                     /lib/x86_64-linux-gnu/libnss_files-2.19.so
7ff0a003b000-7ff0a023a000 ---p 0000a000 08:01 786535                     /lib/x86_64-linux-gnu/libnss_files-2.19.so
7ff0a023a000-7ff0a023b000 r--p 00009000 08:01 786535                     /lib/x86_64-linux-gnu/libnss_files-2.19.so
7ff0a023b000-7ff0a023c000 rw-p 0000a000 08:01 786535                     /lib/x86_64-linux-gnu/libnss_files-2.19.so
7ff0a023c000-7ff0a0247000 r-xp 00000000 08:01 786527                     /lib/x86_64-linux-gnu/libnss_nis-2.19.so
7ff0a0247000-7ff0a0446000 ---p 0000b000 08:01 786527                     /lib/x86_64-linux-gnu/libnss_nis-2.19.so
7ff0a0446000-7ff0a0447000 r--p 0000a000 08:01 786527                     /lib/x86_64-linux-gnu/libnss_nis-2.19.so
7ff0a0447000-7ff0a0448000 rw-p 0000b000 08:01 786527                     /lib/x86_64-linux-gnu/libnss_nis-2.19.so
7ff0a0448000-7ff0a045f000 r-xp 00000000 08:01 786523                     /lib/x86_64-linux-gnu/libnsl-2.19.so
7ff0a045f000-7ff0a065e000 ---p 00017000 08:01 786523                     /lib/x86_64-linux-gnu/libnsl-2.19.so
7ff0a065e000-7ff0a065f000 r--p 00016000 08:01 786523                     /lib/x86_64-linux-gnu/libnsl-2.19.so
7ff0a065f000-7ff0a0660000 rw-p 00017000 08:01 786523                     /lib/x86_64-linux-gnu/libnsl-2.19.so
7ff0a0660000-7ff0a0662000 rw-p 00000000 00:00 0 
7ff0a0662000-7ff0a066b000 r-xp 00000000 08:01 786522                     /lib/x86_64-linux-gnu/libnss_compat-2.19.so
7ff0a066b000-7ff0a086a000 ---p 00009000 08:01 786522                     /lib/x86_64-linux-gnu/libnss_compat-2.19.so
7ff0a086a000-7ff0a086b000 r--p 00008000 08:01 786522                     /lib/x86_64-linux-gnu/libnss_compat-2.19.so
7ff0a086b000-7ff0a086c000 rw-p 00009000 08:01 786522                     /lib/x86_64-linux-gnu/libnss_compat-2.19.so
7ff0a086c000-7ff0a0896000 r-xp 00000000 08:01 1842313                    /usr/local/java/jdk1.8.0_102/jre/lib/amd64/libjava.so
7ff0a0896000-7ff0a0a96000 ---p 0002a000 08:01 1842313                    /usr/local/java/jdk1.8.0_102/jre/lib/amd64/libjava.so
7ff0a0a96000-7ff0a0a98000 rw-p 0002a000 08:01 1842313                    /usr/local/java/jdk1.8.0_102/jre/lib/amd64/libjava.so
7ff0a0a98000-7ff0a0aa5000 r-xp 00000000 08:01 1842264                    /usr/local/java/jdk1.8.0_102/jre/lib/amd64/libverify.so
7ff0a0aa5000-7ff0a0ca5000 ---p 0000d000 08:01 1842264                    /usr/local/java/jdk1.8.0_102/jre/lib/amd64/libverify.so
7ff0a0ca5000-7ff0a0ca7000 rw-p 0000d000 08:01 1842264                    /usr/local/java/jdk1.8.0_102/jre/lib/amd64/libverify.so
7ff0a0ca7000-7ff0a0cae000 r-xp 00000000 08:01 786531                     /lib/x86_64-linux-gnu/librt-2.19.so
7ff0a0cae000-7ff0a0ead000 ---p 00007000 08:01 786531                     /lib/x86_64-linux-gnu/librt-2.19.so
7ff0a0ead000-7ff0a0eae000 r--p 00006000 08:01 786531                     /lib/x86_64-linux-gnu/librt-2.19.so
7ff0a0eae000-7ff0a0eaf000 rw-p 00007000 08:01 786531                     /lib/x86_64-linux-gnu/librt-2.19.so
7ff0a0eaf000-7ff0a0fb4000 r-xp 00000000 08:01 786451                     /lib/x86_64-linux-gnu/libm-2.19.so
7ff0a0fb4000-7ff0a11b3000 ---p 00105000 08:01 786451                     /lib/x86_64-linux-gnu/libm-2.19.so
7ff0a11b3000-7ff0a11b4000 r--p 00104000 08:01 786451                     /lib/x86_64-linux-gnu/libm-2.19.so
7ff0a11b4000-7ff0a11b5000 rw-p 00105000 08:01 786451                     /lib/x86_64-linux-gnu/libm-2.19.so
7ff0a11b5000-7ff0a1e81000 r-xp 00000000 08:01 1842317                    /usr/local/java/jdk1.8.0_102/jre/lib/amd64/server/libjvm.so
7ff0a1e81000-7ff0a2081000 ---p 00ccc000 08:01 1842317                    /usr/local/java/jdk1.8.0_102/jre/lib/amd64/server/libjvm.so
7ff0a2081000-7ff0a215a000 rw-p 00ccc000 08:01 1842317                    /usr/local/java/jdk1.8.0_102/jre/lib/amd64/server/libjvm.so
7ff0a215a000-7ff0a21a5000 rw-p 00000000 00:00 0 
7ff0a21a5000-7ff0a235f000 r-xp 00000000 08:01 786532                     /lib/x86_64-linux-gnu/libc-2.19.so
7ff0a235f000-7ff0a255f000 ---p 001ba000 08:01 786532                     /lib/x86_64-linux-gnu/libc-2.19.so
7ff0a255f000-7ff0a2563000 r--p 001ba000 08:01 786532                     /lib/x86_64-linux-gnu/libc-2.19.so
7ff0a2563000-7ff0a2565000 rw-p 001be000 08:01 786532                     /lib/x86_64-linux-gnu/libc-2.19.so
7ff0a2565000-7ff0a256a000 rw-p 00000000 00:00 0 
7ff0a256a000-7ff0a256d000 r-xp 00000000 08:01 786461                     /lib/x86_64-linux-gnu/libdl-2.19.so
7ff0a256d000-7ff0a276c000 ---p 00003000 08:01 786461                     /lib/x86_64-linux-gnu/libdl-2.19.so
7ff0a276c000-7ff0a276d000 r--p 00002000 08:01 786461                     /lib/x86_64-linux-gnu/libdl-2.19.so
7ff0a276d000-7ff0a276e000 rw-p 00003000 08:01 786461                     /lib/x86_64-linux-gnu/libdl-2.19.so
7ff0a276e000-7ff0a2783000 r-xp 00000000 08:01 1585905                    /usr/local/java/jdk1.8.0_102/lib/amd64/jli/libjli.so
7ff0a2783000-7ff0a2983000 ---p 00015000 08:01 1585905                    /usr/local/java/jdk1.8.0_102/lib/amd64/jli/libjli.so
7ff0a2983000-7ff0a2984000 rw-p 00015000 08:01 1585905                    /usr/local/java/jdk1.8.0_102/lib/amd64/jli/libjli.so
7ff0a2984000-7ff0a299d000 r-xp 00000000 08:01 786524                     /lib/x86_64-linux-gnu/libpthread-2.19.so
7ff0a299d000-7ff0a2b9c000 ---p 00019000 08:01 786524                     /lib/x86_64-linux-gnu/libpthread-2.19.so
7ff0a2b9c000-7ff0a2b9d000 r--p 00018000 08:01 786524                     /lib/x86_64-linux-gnu/libpthread-2.19.so
7ff0a2b9d000-7ff0a2b9e000 rw-p 00019000 08:01 786524                     /lib/x86_64-linux-gnu/libpthread-2.19.so
7ff0a2b9e000-7ff0a2ba2000 rw-p 00000000 00:00 0 
7ff0a2ba2000-7ff0a2bc5000 r-xp 00000000 08:01 786525                     /lib/x86_64-linux-gnu/ld-2.19.so
7ff0a2bcf000-7ff0a2ca8000 rw-p 00000000 00:00 0 
7ff0a2ca8000-7ff0a2cab000 ---p 00000000 00:00 0 
7ff0a2cab000-7ff0a2dae000 rw-p 00000000 00:00 0                          [stack:6922]
7ff0a2dae000-7ff0a2db8000 r--s 00097000 08:05 1588568                    /home/rocku27/AndroidStudioProjects/Reward/app/build/intermediates/exploded-aar/com.android.support/appcompat-v7/24.1.1/jars/classes.jar
7ff0a2db8000-7ff0a2dc0000 rw-s 00000000 08:01 1441904                    /tmp/hsperfdata_rocku27/6920
7ff0a2dc0000-7ff0a2dc1000 rw-p 00000000 00:00 0 
7ff0a2dc1000-7ff0a2dc2000 ---p 00000000 00:00 0 
7ff0a2dc2000-7ff0a2dc4000 rw-p 00000000 00:00 0 
7ff0a2dc4000-7ff0a2dc5000 r--p 00022000 08:01 786525                     /lib/x86_64-linux-gnu/ld-2.19.so
7ff0a2dc5000-7ff0a2dc6000 rw-p 00023000 08:01 786525                     /lib/x86_64-linux-gnu/ld-2.19.so
7ff0a2dc6000-7ff0a2dc7000 rw-p 00000000 00:00 0 
7ffc7c5f6000-7ffc7c617000 rw-p 00000000 00:00 0                          [stack]
7ffc7c65f000-7ffc7c661000 r-xp 00000000 00:00 0                          [vdso]
7ffc7c661000-7ffc7c663000 r--p 00000000 00:00 0                          [vvar]
ffffffffff600000-ffffffffff601000 r-xp 00000000 00:00 0                  [vsyscall]

VM Arguments:
jvm_args: -Djava.awt.headless=true -Xmx1024M -Dfile.encoding=UTF-8 -Duser.country=IN -Duser.language=en -Duser.variant 
java_command: com.android.dx.command.Main --dex --force-jumbo --num-threads=4 --output /home/rocku27/AndroidStudioProjects/Reward/app/build/intermediates/pre-dexed/debug/com.android.support-appcompat-v7-24.1.1_c7ff6f2934e7794089929c387597599c1a84f54e.jar /home/rocku27/AndroidStudioProjects/Reward/app/build/intermediates/exploded-aar/com.android.support/appcompat-v7/24.1.1/jars/classes.jar
java_class_path (initial): /home/rocku27/Android/Sdk/build-tools/24.0.1/lib/dx.jar
Launcher Type: SUN_STANDARD

Environment Variables:
JAVA_HOME=/usr/local/java/jdk1.8.0_102
JRE_HOME=/usr/local/java/jdk1.8.0_102/jre
PATH=/usr/local/sbin:/usr/local/bin:/usr/sbin:/usr/bin:/sbin:/bin:/usr/games:/usr/local/games:/usr/local/java/jdk1.8.0_102/bin:/usr/local/java/jdk1.8.0_102/jre/bin
LD_LIBRARY_PATH=.:
SHELL=/bin/bash
DISPLAY=:0

Signal Handlers:
SIGSEGV: [libjvm.so+0xac5b30], sa_mask[0]=11111111011111111101111111111110, sa_flags=SA_RESTART|SA_SIGINFO
SIGBUS: [libjvm.so+0xac5b30], sa_mask[0]=11111111011111111101111111111110, sa_flags=SA_RESTART|SA_SIGINFO
SIGFPE: [libjvm.so+0x91f470], sa_mask[0]=11111111011111111101111111111110, sa_flags=SA_RESTART|SA_SIGINFO
SIGPIPE: [libjvm.so+0x91f470], sa_mask[0]=11111111011111111101111111111110, sa_flags=SA_RESTART|SA_SIGINFO
SIGXFSZ: [libjvm.so+0x91f470], sa_mask[0]=11111111011111111101111111111110, sa_flags=SA_RESTART|SA_SIGINFO
SIGILL: [libjvm.so+0x91f470], sa_mask[0]=11111111011111111101111111111110, sa_flags=SA_RESTART|SA_SIGINFO
SIGUSR1: SIG_DFL, sa_mask[0]=00000000000000000000000000000000, sa_flags=none
SIGUSR2: [libjvm.so+0x920aa0], sa_mask[0]=00100000000000000000000000000000, sa_flags=SA_RESTART|SA_SIGINFO
SIGHUP: [libjvm.so+0x921ea0], sa_mask[0]=11111111011111111101111111111110, sa_flags=SA_RESTART|SA_SIGINFO
SIGINT: [libjvm.so+0x921ea0], sa_mask[0]=11111111011111111101111111111110, sa_flags=SA_RESTART|SA_SIGINFO
SIGTERM: [libjvm.so+0x921ea0], sa_mask[0]=11111111011111111101111111111110, sa_flags=SA_RESTART|SA_SIGINFO
SIGQUIT: [libjvm.so+0x921ea0], sa_mask[0]=11111111011111111101111111111110, sa_flags=SA_RESTART|SA_SIGINFO


---------------  S Y S T E M  ---------------

OS:DISTRIB_ID=Ubuntu
DISTRIB_RELEASE=14.04
DISTRIB_CODENAME=trusty
DISTRIB_DESCRIPTION="Ubuntu 14.04.5 LTS"

uname:Linux 3.16.0-77-generic #99~14.04.1-Ubuntu SMP Tue Jun 28 19:17:10 UTC 2016 x86_64
libc:glibc 2.19 NPTL 2.19 
rlimit: STACK 8192k, CORE 0k, NPROC 31718, NOFILE 4096, AS infinity
load average:4.58 2.65 2.60

/proc/meminfo:
MemTotal:        8141328 kB
MemFree:          137360 kB
MemAvailable:     124048 kB
Buffers:             488 kB
Cached:          1132956 kB
SwapCached:            0 kB
Active:          6118508 kB
Inactive:        1075996 kB
Active(anon):    6066280 kB
Inactive(anon):  1026952 kB
Active(file):      52228 kB
Inactive(file):    49044 kB
Unevictable:         120 kB
Mlocked:             120 kB
SwapTotal:             0 kB
SwapFree:              0 kB
Dirty:                56 kB
Writeback:             0 kB
AnonPages:       6061456 kB
Mapped:           909708 kB
Shmem:           1031916 kB
Slab:              91880 kB
SReclaimable:      41044 kB
SUnreclaim:        50836 kB
KernelStack:       13840 kB
PageTables:        87444 kB
NFS_Unstable:          0 kB
Bounce:                0 kB
WritebackTmp:          0 kB
CommitLimit:     4070664 kB
Committed_AS:   15223032 kB
VmallocTotal:   34359738367 kB
VmallocUsed:      555852 kB
VmallocChunk:   34359142616 kB
HardwareCorrupted:     0 kB
AnonHugePages:   2414592 kB
HugePages_Total:       0
HugePages_Free:        0
HugePages_Rsvd:        0
HugePages_Surp:        0
Hugepagesize:       2048 kB
DirectMap4k:       59008 kB
DirectMap2M:     8294400 kB


CPU:total 2 (2 cores per cpu, 1 threads per core) family 6 model 23 stepping 10, cmov, cx8, fxsr, mmx, sse, sse2, sse3, ssse3, sse4.1, tsc

/proc/cpuinfo:
processor	: 0
vendor_id	: GenuineIntel
cpu family	: 6
model		: 23
model name	: Intel(R) Core(TM)2 Duo CPU     E7500  @ 2.93GHz
stepping	: 10
microcode	: 0xa07
cpu MHz		: 2933.503
cache size	: 3072 KB
physical id	: 0
siblings	: 2
core id		: 0
cpu cores	: 2
apicid		: 0
initial apicid	: 0
fpu		: yes
fpu_exception	: yes
cpuid level	: 13
wp		: yes
flags		: fpu vme de pse tsc msr pae mce cx8 apic sep mtrr pge mca cmov pat pse36 clflush dts acpi mmx fxsr sse sse2 ss ht tm pbe syscall nx lm constant_tsc arch_perfmon pebs bts rep_good nopl aperfmperf pni dtes64 monitor ds_cpl vmx est tm2 ssse3 cx16 xtpr pdcm sse4_1 xsave lahf_lm dtherm tpr_shadow vnmi flexpriority
bogomips	: 5867.00
clflush size	: 64
cache_alignment	: 64
address sizes	: 36 bits physical, 48 bits virtual
power management:

processor	: 1
vendor_id	: GenuineIntel
cpu family	: 6
model		: 23
model name	: Intel(R) Core(TM)2 Duo CPU     E7500  @ 2.93GHz
stepping	: 10
microcode	: 0xa07
cpu MHz		: 2933.503
cache size	: 3072 KB
physical id	: 0
siblings	: 2
core id		: 1
cpu cores	: 2
apicid		: 1
initial apicid	: 1
fpu		: yes
fpu_exception	: yes
cpuid level	: 13
wp		: yes
flags		: fpu vme de pse tsc msr pae mce cx8 apic sep mtrr pge mca cmov pat pse36 clflush dts acpi mmx fxsr sse sse2 ss ht tm pbe syscall nx lm constant_tsc arch_perfmon pebs bts rep_good nopl aperfmperf pni dtes64 monitor ds_cpl vmx est tm2 ssse3 cx16 xtpr pdcm sse4_1 xsave lahf_lm dtherm tpr_shadow vnmi flexpriority
bogomips	: 5867.00
clflush size	: 64
cache_alignment	: 64
address sizes	: 36 bits physical, 48 bits virtual
power management:



Memory: 4k page, physical 8141328k(137360k free), swap 0k(0k free)

vm_info: Java HotSpot(TM) 64-Bit Server VM (25.102-b14) for linux-amd64 JRE (1.8.0_102-b14), built on Jun 22 2016 18:43:17 by "java_re" with gcc 4.3.0 20080428 (Red Hat 4.3.0-8)

time: Thu Aug 11 19:50:54 2016
elapsed time: 7 seconds (0d 0h 0m 7s)

