#
# There is insufficient memory for the Java Runtime Environment to continue.
# Native memory allocation (mmap) failed to map 179306496 bytes for committing reserved memory.
# Possible reasons:
#   The system is out of physical RAM or swap space
#   In 32 bit mode, the process size limit was hit
# Possible solutions:
#   Reduce memory load on the system
#   Increase physical memory or swap space
#   Check if swap backing store is full
#   Use 64 bit Java on a 64 bit OS
#   Decrease Java heap size (-Xmx/-Xms)
#   Decrease number of Java threads
#   Decrease Java thread stack sizes (-Xss)
#   Set larger code cache with -XX:ReservedCodeCacheSize=
# This output file may be truncated or incomplete.
#
#  Out of Memory Error (os_linux.cpp:2627), pid=25442, tid=0x00007f1ff16a5700
#
# JRE version: OpenJDK Runtime Environment (8.0_76-b03) (build 1.8.0_76-release-b03)
# Java VM: OpenJDK 64-Bit Server VM (25.76-b03 mixed mode linux-amd64 compressed oops)
# Failed to write core dump. Core dumps have been disabled. To enable core dumping, try "ulimit -c unlimited" before starting Java again
#

---------------  T H R E A D  ---------------

Current thread (0x00007f200407a800):  VMThread [stack: 0x00007f1ff15a5000,0x00007f1ff16a6000] [id=25452]

Stack: [0x00007f1ff15a5000,0x00007f1ff16a6000],  sp=0x00007f1ff16a44c0,  free space=1021k
Native frames: (J=compiled Java code, j=interpreted, Vv=VM code, C=native code)
V  [libjvm.so+0x9d9fcd]  VMError::report_and_die()+0x15d
V  [libjvm.so+0x4b4d4a]  report_vm_out_of_memory(char const*, int, unsigned long, VMErrorType, char const*)+0x8a
V  [libjvm.so+0x845190]  os::pd_commit_memory(char*, unsigned long, unsigned long, bool)+0xf0
V  [libjvm.so+0x83fcbf]  os::commit_memory(char*, unsigned long, unsigned long, bool)+0x1f
V  [libjvm.so+0x8b4d9b]  PSVirtualSpace::expand_by(unsigned long)+0x5b
V  [libjvm.so+0x8b5a10]  PSYoungGen::resize_generation(unsigned long, unsigned long)+0xb0
V  [libjvm.so+0x8b5d2b]  PSYoungGen::resize(unsigned long, unsigned long)+0x1b
V  [libjvm.so+0x8b241c]  PSScavenge::invoke_no_policy()+0xdac
V  [libjvm.so+0x8b2bf8]  PSScavenge::invoke()+0x38
V  [libjvm.so+0x8681f3]  ParallelScavengeHeap::failed_mem_allocate(unsigned long)+0x63
V  [libjvm.so+0x9dba94]  VM_ParallelGCFailedAllocation::doit()+0x84
V  [libjvm.so+0x9dfe47]  VM_Operation::evaluate()+0x47
V  [libjvm.so+0x9de908]  VMThread::evaluate_operation(VM_Operation*)+0x2c8
V  [libjvm.so+0x9ded89]  VMThread::loop()+0x219
V  [libjvm.so+0x9df1d2]  VMThread::run()+0x72
V  [libjvm.so+0x8425b2]  java_start(Thread*)+0xf2

VM_Operation (0x00007f200aca00d0): ParallelGCFailedAllocation, mode: safepoint, requested by thread 0x00007f200400d000


---------------  P R O C E S S  ---------------

Java Threads: ( => current thread )
  0x00007f2004145800 JavaThread "pool-1-thread-4" [_thread_blocked, id=25465, stack(0x00007f1ff05c0000,0x00007f1ff06c1000)]
  0x00007f2004143800 JavaThread "pool-1-thread-3" [_thread_blocked, id=25464, stack(0x00007f1ff06c1000,0x00007f1ff07c2000)]
  0x00007f2004138000 JavaThread "pool-1-thread-2" [_thread_blocked, id=25463, stack(0x00007f1ff07c2000,0x00007f1ff08c3000)]
  0x00007f2004136000 JavaThread "pool-2-thread-1" [_thread_blocked, id=25462, stack(0x00007f1ff08c3000,0x00007f1ff09c4000)]
  0x00007f2004134800 JavaThread "pool-1-thread-1" [_thread_blocked, id=25461, stack(0x00007f1ff09c4000,0x00007f1ff0ac5000)]
  0x00007f20040c2000 JavaThread "Service Thread" daemon [_thread_blocked, id=25459, stack(0x00007f1ff0bc6000,0x00007f1ff0cc7000)]
  0x00007f20040bf000 JavaThread "C1 CompilerThread2" daemon [_thread_blocked, id=25458, stack(0x00007f1ff0cc7000,0x00007f1ff0dc8000)]
  0x00007f20040bd800 JavaThread "C2 CompilerThread1" daemon [_thread_blocked, id=25457, stack(0x00007f1ff0dc8000,0x00007f1ff0ec9000)]
  0x00007f20040ba800 JavaThread "C2 CompilerThread0" daemon [_thread_blocked, id=25456, stack(0x00007f1ff0ec9000,0x00007f1ff0fca000)]
  0x00007f20040b9000 JavaThread "Signal Dispatcher" daemon [_thread_blocked, id=25455, stack(0x00007f1ff0fca000,0x00007f1ff10cb000)]
  0x00007f2004086800 JavaThread "Finalizer" daemon [_thread_blocked, id=25454, stack(0x00007f1ff13a3000,0x00007f1ff14a4000)]
  0x00007f2004082000 JavaThread "Reference Handler" daemon [_thread_blocked, id=25453, stack(0x00007f1ff14a4000,0x00007f1ff15a5000)]
  0x00007f200400d000 JavaThread "main" [_thread_blocked, id=25447, stack(0x00007f200aba2000,0x00007f200aca3000)]

Other Threads:
=>0x00007f200407a800 VMThread [stack: 0x00007f1ff15a5000,0x00007f1ff16a6000] [id=25452]
  0x00007f20040c4800 WatcherThread [stack: 0x00007f1ff0ac5000,0x00007f1ff0bc6000] [id=25460]

VM state:at safepoint (normal execution)

VM Mutex/Monitor currently owned by a thread:  ([mutex/lock_event])
[0x00007f20040093b0] Threads_lock - owner thread: 0x00007f200407a800
[0x00007f20040098b0] Heap_lock - owner thread: 0x00007f200400d000

Heap:
 PSYoungGen      total 132096K, used 5090K [0x000000076ab00000, 0x0000000773100000, 0x00000007c0000000)
  eden space 126976K, 0% used [0x000000076ab00000,0x000000076ab00000,0x0000000772700000)
  from space 5120K, 99% used [0x0000000772700000,0x0000000772bf8940,0x0000000772c00000)
  to   space 5120K, 0% used [0x0000000772c00000,0x0000000772c00000,0x0000000773100000)
 ParOldGen       total 84992K, used 49223K [0x00000006c0000000, 0x00000006c5300000, 0x000000076ab00000)
  object space 84992K, 57% used [0x00000006c0000000,0x00000006c3011cf8,0x00000006c5300000)
 Metaspace       used 6199K, capacity 7088K, committed 7296K, reserved 1056768K
  class space    used 593K, capacity 616K, committed 640K, reserved 1048576K

Card table byte_map: [0x00007f1ff4223000,0x00007f1ff4a24000] byte_map_base: 0x00007f1ff0c23000

Marking Bits: (ParMarkBitMap*) 0x00007f200a0781a0
 Begin Bits: [0x00007f1fd4000000, 0x00007f1fd8000000)
 End Bits:   [0x00007f1fd8000000, 0x00007f1fdc000000)

Polling page: 0x00007f200acc8000

CodeCache: size=245760Kb used=6890Kb max_used=6890Kb free=238869Kb
 bounds [0x00007f1ff4de4000, 0x00007f1ff54a4000, 0x00007f2003de4000]
 total_blobs=1962 nmethods=1693 adapters=182
 compilation: enabled

Compilation events (10 events):
Event: 3.862 Thread 0x00007f20040bf000 nmethod 1870 0x00007f1ff549ea10 code [0x00007f1ff549eb60, 0x00007f1ff549ed10]
Event: 3.862 Thread 0x00007f20040bf000 1794       2       com.android.dx.dex.code.RopTranslator::translate (21 bytes)
Event: 3.863 Thread 0x00007f20040bf000 nmethod 1794 0x00007f1ff549ed90 code [0x00007f1ff549ef00, 0x00007f1ff549f0f8]
Event: 3.863 Thread 0x00007f20040bf000 1795       2       com.android.dx.dex.code.StdCatchBuilder::<init> (62 bytes)
Event: 3.863 Thread 0x00007f20040bf000 nmethod 1795 0x00007f1ff549f210 code [0x00007f1ff549f3a0, 0x00007f1ff549f748]
Event: 3.863 Thread 0x00007f20040bf000 1797       2       com.android.dx.cf.code.BasicBlocker::<init> (79 bytes)
Event: 3.863 Thread 0x00007f20040bf000 nmethod 1797 0x00007f1ff549f910 code [0x00007f1ff549faa0, 0x00007f1ff54a0008]
Event: 3.863 Thread 0x00007f20040bf000 1796   !   2       com.android.dx.cf.code.Ropper::convert (52 bytes)
Event: 3.864 Thread 0x00007f20040bf000 nmethod 1796 0x00007f1ff54a0290 code [0x00007f1ff54a0480, 0x00007f1ff54a0948]
Event: 3.864 Thread 0x00007f20040bf000 1803       2       com.android.dx.dex.code.RopTranslator::<init> (190 bytes)

GC Heap History (9 events):
Event: 1.762 GC heap before
{Heap before GC invocations=1 (full 0):
 PSYoungGen      total 36864K, used 31744K [0x000000076ab00000, 0x000000076d400000, 0x00000007c0000000)
  eden space 31744K, 100% used [0x000000076ab00000,0x000000076ca00000,0x000000076ca00000)
  from space 5120K, 0% used [0x000000076cf00000,0x000000076cf00000,0x000000076d400000)
  to   space 5120K, 0% used [0x000000076ca00000,0x000000076ca00000,0x000000076cf00000)
 ParOldGen       total 84992K, used 0K [0x00000006c0000000, 0x00000006c5300000, 0x000000076ab00000)
  object space 84992K, 0% used [0x00000006c0000000,0x00000006c0000000,0x00000006c5300000)
 Metaspace       used 5681K, capacity 6704K, committed 6784K, reserved 1056768K
  class space    used 569K, capacity 616K, committed 640K, reserved 1048576K
Event: 1.783 GC heap after
Heap after GC invocations=1 (full 0):
 PSYoungGen      total 36864K, used 5098K [0x000000076ab00000, 0x000000076f300000, 0x00000007c0000000)
  eden space 31744K, 0% used [0x000000076ab00000,0x000000076ab00000,0x000000076ca00000)
  from space 5120K, 99% used [0x000000076ca00000,0x000000076cefa8e0,0x000000076cf00000)
  to   space 5120K, 0% used [0x000000076ee00000,0x000000076ee00000,0x000000076f300000)
 ParOldGen       total 84992K, used 1343K [0x00000006c0000000, 0x00000006c5300000, 0x000000076ab00000)
  object space 84992K, 1% used [0x00000006c0000000,0x00000006c014ffb8,0x00000006c5300000)
 Metaspace       used 5681K, capacity 6704K, committed 6784K, reserved 1056768K
  class space    used 569K, capacity 616K, committed 640K, reserved 1048576K
}
Event: 2.155 GC heap before
{Heap before GC invocations=2 (full 0):
 PSYoungGen      total 36864K, used 36842K [0x000000076ab00000, 0x000000076f300000, 0x00000007c0000000)
  eden space 31744K, 100% used [0x000000076ab00000,0x000000076ca00000,0x000000076ca00000)
  from space 5120K, 99% used [0x000000076ca00000,0x000000076cefa8e0,0x000000076cf00000)
  to   space 5120K, 0% used [0x000000076ee00000,0x000000076ee00000,0x000000076f300000)
 ParOldGen       total 84992K, used 1343K [0x00000006c0000000, 0x00000006c5300000, 0x000000076ab00000)
  object space 84992K, 1% used [0x00000006c0000000,0x00000006c014ffb8,0x00000006c5300000)
 Metaspace       used 5820K, capacity 6832K, committed 7040K, reserved 1056768K
  class space    used 570K, capacity 616K, committed 640K, reserved 1048576K
Event: 2.172 GC heap after
Heap after GC invocations=2 (full 0):
 PSYoungGen      total 68608K, used 5090K [0x000000076ab00000, 0x000000076f300000, 0x00000007c0000000)
  eden space 63488K, 0% used [0x000000076ab00000,0x000000076ab00000,0x000000076e900000)
  from space 5120K, 99% used [0x000000076ee00000,0x000000076f2f88e0,0x000000076f300000)
  to   space 5120K, 0% used [0x000000076e900000,0x000000076e900000,0x000000076ee00000)
 ParOldGen       total 84992K, used 5692K [0x00000006c0000000, 0x00000006c5300000, 0x000000076ab00000)
  object space 84992K, 6% used [0x00000006c0000000,0x00000006c058f198,0x00000006c5300000)
 Metaspace       used 5820K, capacity 6832K, committed 7040K, reserved 1056768K
  class space    used 570K, capacity 616K, committed 640K, reserved 1048576K
}
Event: 2.635 GC heap before
{Heap before GC invocations=3 (full 0):
 PSYoungGen      total 68608K, used 68578K [0x000000076ab00000, 0x000000076f300000, 0x00000007c0000000)
  eden space 63488K, 100% used [0x000000076ab00000,0x000000076e900000,0x000000076e900000)
  from space 5120K, 99% used [0x000000076ee00000,0x000000076f2f88e0,0x000000076f300000)
  to   space 5120K, 0% used [0x000000076e900000,0x000000076e900000,0x000000076ee00000)
 ParOldGen       total 84992K, used 5692K [0x00000006c0000000, 0x00000006c5300000, 0x000000076ab00000)
  object space 84992K, 6% used [0x00000006c0000000,0x00000006c058f198,0x00000006c5300000)
 Metaspace       used 5879K, capacity 6896K, committed 7040K, reserved 1056768K
  class space    used 571K, capacity 616K, committed 640K, reserved 1048576K
Event: 2.662 GC heap after
Heap after GC invocations=3 (full 0):
 PSYoungGen      total 68608K, used 5093K [0x000000076ab00000, 0x0000000773100000, 0x00000007c0000000)
  eden space 63488K, 0% used [0x000000076ab00000,0x000000076ab00000,0x000000076e900000)
  from space 5120K, 99% used [0x000000076e900000,0x000000076edf97b8,0x000000076ee00000)
  to   space 5120K, 0% used [0x0000000772c00000,0x0000000772c00000,0x0000000773100000)
 ParOldGen       total 84992K, used 15538K [0x00000006c0000000, 0x00000006c5300000, 0x000000076ab00000)
  object space 84992K, 18% used [0x00000006c0000000,0x00000006c0f2c888,0x00000006c5300000)
 Metaspace       used 5879K, capacity 6896K, committed 7040K, reserved 1056768K
  class space    used 571K, capacity 616K, committed 640K, reserved 1048576K
}
Event: 2.991 GC heap before
{Heap before GC invocations=4 (full 0):
 PSYoungGen      total 68608K, used 68581K [0x000000076ab00000, 0x0000000773100000, 0x00000007c0000000)
  eden space 63488K, 100% used [0x000000076ab00000,0x000000076e900000,0x000000076e900000)
  from space 5120K, 99% used [0x000000076e900000,0x000000076edf97b8,0x000000076ee00000)
  to   space 5120K, 0% used [0x0000000772c00000,0x0000000772c00000,0x0000000773100000)
 ParOldGen       total 84992K, used 15538K [0x00000006c0000000, 0x00000006c5300000, 0x000000076ab00000)
  object space 84992K, 18% used [0x00000006c0000000,0x00000006c0f2c888,0x00000006c5300000)
 Metaspace       used 6014K, capacity 6960K, committed 7040K, reserved 1056768K
  class space    used 590K, capacity 616K, committed 640K, reserved 1048576K
Event: 3.048 GC heap after
Heap after GC invocations=4 (full 0):
 PSYoungGen      total 132096K, used 5109K [0x000000076ab00000, 0x0000000773100000, 0x00000007c0000000)
  eden space 126976K, 0% used [0x000000076ab00000,0x000000076ab00000,0x0000000772700000)
  from space 5120K, 99% used [0x0000000772c00000,0x00000007730fd7a8,0x0000000773100000)
  to   space 5120K, 0% used [0x0000000772700000,0x0000000772700000,0x0000000772c00000)
 ParOldGen       total 84992K, used 25165K [0x00000006c0000000, 0x00000006c5300000, 0x000000076ab00000)
  object space 84992K, 29% used [0x00000006c0000000,0x00000006c1893450,0x00000006c5300000)
 Metaspace       used 6014K, capacity 6960K, committed 7040K, reserved 1056768K
  class space    used 590K, capacity 616K, committed 640K, reserved 1048576K
}
Event: 3.867 GC heap before
{Heap before GC invocations=5 (full 0):
 PSYoungGen      total 132096K, used 132085K [0x000000076ab00000, 0x0000000773100000, 0x00000007c0000000)
  eden space 126976K, 100% used [0x000000076ab00000,0x0000000772700000,0x0000000772700000)
  from space 5120K, 99% used [0x0000000772c00000,0x00000007730fd7a8,0x0000000773100000)
  to   space 5120K, 0% used [0x0000000772700000,0x0000000772700000,0x0000000772c00000)
 ParOldGen       total 84992K, used 25165K [0x00000006c0000000, 0x00000006c5300000, 0x000000076ab00000)
  object space 84992K, 29% used [0x00000006c0000000,0x00000006c1893450,0x00000006c5300000)
 Metaspace       used 6199K, capacity 7088K, committed 7296K, reserved 1056768K
  class space    used 593K, capacity 616K, committed 640K, reserved 1048576K

Deoptimization events (10 events):
Event: 1.378 Thread 0x00007f2004134800 Uncommon trap: reason=unstable_if action=reinterpret pc=0x00007f1ff4fe6ef0 method=java.util.BitSet.nextSetBit(I)I @ 87
Event: 1.746 Thread 0x00007f2004145800 Uncommon trap: reason=null_check action=make_not_entrant pc=0x00007f1ff5073198 method=com.android.dx.ssa.SsaRenamer.getLocalForNewReg(I)Lcom/android/dx/rop/code/LocalItem; @ 19
Event: 1.784 Thread 0x00007f2004138000 Uncommon trap: reason=null_check action=make_not_entrant pc=0x00007f1ff50a0120 method=com.android.dx.ssa.SsaRenamer.getLocalForNewReg(I)Lcom/android/dx/rop/code/LocalItem; @ 19
Event: 2.006 Thread 0x00007f2004138000 Uncommon trap: reason=unstable_if action=reinterpret pc=0x00007f1ff4fef2f8 method=java.util.HashMap.getNode(ILjava/lang/Object;)Ljava/util/HashMap$Node; @ 129
Event: 2.131 Thread 0x00007f2004138000 Uncommon trap: reason=unstable_if action=reinterpret pc=0x00007f1ff50f8c9c method=com.android.dx.rop.cst.Constant.compareTo(Lcom/android/dx/rop/cst/Constant;)I @ 12
Event: 2.903 Thread 0x00007f2004145800 Uncommon trap: reason=unstable_if action=reinterpret pc=0x00007f1ff514f958 method=java.util.HashMap.putVal(ILjava/lang/Object;Ljava/lang/Object;ZZ)Ljava/lang/Object; @ 162
Event: 2.924 Thread 0x00007f2004145800 Uncommon trap: reason=unstable_if action=reinterpret pc=0x00007f1ff4fff69c method=java.util.HashMap.getNode(ILjava/lang/Object;)Ljava/util/HashMap$Node; @ 84
Event: 3.066 Thread 0x00007f2004143800 Uncommon trap: reason=unstable_if action=reinterpret pc=0x00007f1ff51eb21c method=java.util.HashMap.putVal(ILjava/lang/Object;Ljava/lang/Object;ZZ)Ljava/lang/Object; @ 162
Event: 3.463 Thread 0x00007f2004134800 Uncommon trap: reason=unstable_if action=reinterpret pc=0x00007f1ff53ffa90 method=com.android.dx.cf.code.BytecodeArray.parseInstruction(ILcom/android/dx/cf/code/BytecodeArray$Visitor;)I @ 1198
Event: 3.818 Thread 0x00007f2004134800 Uncommon trap: reason=unstable_if action=reinterpret pc=0x00007f1ff51b393c method=com.android.dx.ssa.SsaMethod.updateOneDefinition(Lcom/android/dx/ssa/SsaInsn;Lcom/android/dx/rop/code/RegisterSpec;)V @ 4

Internal exceptions (7 events):
Event: 0.360 Thread 0x00007f200400d000 Exception <a 'java/lang/NoSuchMethodError': Method sun.misc.Unsafe.defineClass(Ljava/lang/String;[BII)Ljava/lang/Class; name or signature does not match> (0x000000076ab07cc0) thrown at [/ssd/Android/AOSP-openjdk/external/jetbrains/jdk/hotspot/src/share/vm
Event: 0.360 Thread 0x00007f200400d000 Exception <a 'java/lang/NoSuchMethodError': Method sun.misc.Unsafe.prefetchRead(Ljava/lang/Object;J)V name or signature does not match> (0x000000076ab07fa8) thrown at [/ssd/Android/AOSP-openjdk/external/jetbrains/jdk/hotspot/src/share/vm/prims/jni.cpp, li
Event: 1.746 Thread 0x00007f2004145800 Implicit null exception at 0x00007f1ff5070f3a to 0x00007f1ff5073179
Event: 1.784 Thread 0x00007f2004138000 Implicit null exception at 0x00007f1ff509da3c to 0x00007f1ff50a00d5
Event: 2.917 Thread 0x00007f2004145800 Exception <a 'java/lang/ArrayIndexOutOfBoundsException': 18> (0x000000076dc4e670) thrown at [/ssd/Android/AOSP-openjdk/external/jetbrains/jdk/hotspot/src/share/vm/interpreter/interpreterRuntime.cpp, line 366]
Event: 2.918 Thread 0x00007f2004145800 Exception <a 'java/lang/ArrayIndexOutOfBoundsException': 145> (0x000000076dc501f0) thrown at [/ssd/Android/AOSP-openjdk/external/jetbrains/jdk/hotspot/src/share/vm/interpreter/interpreterRuntime.cpp, line 366]
Event: 2.923 Thread 0x00007f2004145800 Exception <a 'java/lang/ArrayIndexOutOfBoundsException': 40> (0x000000076dc514d8) thrown at [/ssd/Android/AOSP-openjdk/external/jetbrains/jdk/hotspot/src/share/vm/interpreter/interpreterRuntime.cpp, line 366]

Events (10 events):
Event: 3.818 Thread 0x00007f2004134800 Uncommon trap: trap_request=0xffffff65 fr.pc=0x00007f1ff51b393c
Event: 3.818 Thread 0x00007f2004134800 DEOPT PACKING pc=0x00007f1ff51b393c sp=0x00007f1ff0ac2dd0
Event: 3.818 Thread 0x00007f2004134800 DEOPT UNPACKING pc=0x00007f1ff4de8f69 sp=0x00007f1ff0ac2d98 mode 2
Event: 3.848 loading class com/android/dx/cf/attrib/AttRuntimeInvisibleParameterAnnotations
Event: 3.848 loading class com/android/dx/cf/attrib/AttRuntimeInvisibleParameterAnnotations done
Event: 3.850 loading class com/android/dx/cf/attrib/BaseParameterAnnotations
Event: 3.850 loading class com/android/dx/cf/attrib/BaseParameterAnnotations done
Event: 3.853 Thread 0x00007f2004134800 DEOPT PACKING pc=0x00007f1ff4fec6c1 sp=0x00007f1ff0ac3180
Event: 3.853 Thread 0x00007f2004134800 DEOPT UNPACKING pc=0x00007f1ff4e2b373 sp=0x00007f1ff0ac2ed0 mode 0
Event: 3.867 Executing VM operation: ParallelGCFailedAllocation


Dynamic libraries:
00400000-00401000 r-xp 00000000 08:05 267492                             /home/rockers/Android/android-studio/jre/bin/java
00600000-00601000 r--p 00000000 08:05 267492                             /home/rockers/Android/android-studio/jre/bin/java
00601000-00602000 rw-p 00001000 08:05 267492                             /home/rockers/Android/android-studio/jre/bin/java
01b9d000-01bbe000 rw-p 00000000 00:00 0                                  [heap]
6c0000000-6c5300000 rw-p 00000000 00:00 0 
6c5300000-76ab00000 ---p 00000000 00:00 0 
76ab00000-773100000 rw-p 00000000 00:00 0 
77dc00000-7c0000000 ---p 00000000 00:00 0 
7c0000000-7c00a0000 rw-p 00000000 00:00 0 
7c00a0000-800000000 ---p 00000000 00:00 0 
7f1f9c000000-7f1f9c021000 rw-p 00000000 00:00 0 
7f1f9c021000-7f1fa0000000 ---p 00000000 00:00 0 
7f1fa4000000-7f1fa4021000 rw-p 00000000 00:00 0 
7f1fa4021000-7f1fa8000000 ---p 00000000 00:00 0 
7f1fa8000000-7f1fa8063000 rw-p 00000000 00:00 0 
7f1fa8063000-7f1fac000000 ---p 00000000 00:00 0 
7f1fac000000-7f1fac029000 rw-p 00000000 00:00 0 
7f1fac029000-7f1fb0000000 ---p 00000000 00:00 0 
7f1fb0000000-7f1fb0021000 rw-p 00000000 00:00 0 
7f1fb0021000-7f1fb4000000 ---p 00000000 00:00 0 
7f1fb4000000-7f1fb4021000 rw-p 00000000 00:00 0 
7f1fb4021000-7f1fb8000000 ---p 00000000 00:00 0 
7f1fb8000000-7f1fb8021000 rw-p 00000000 00:00 0 
7f1fb8021000-7f1fbc000000 ---p 00000000 00:00 0 
7f1fbc000000-7f1fbce14000 rw-p 00000000 00:00 0 
7f1fbce14000-7f1fc0000000 ---p 00000000 00:00 0 
7f1fc0000000-7f1fc0c9a000 rw-p 00000000 00:00 0 
7f1fc0c9a000-7f1fc4000000 ---p 00000000 00:00 0 
7f1fc4000000-7f1fc4021000 rw-p 00000000 00:00 0 
7f1fc4021000-7f1fc8000000 ---p 00000000 00:00 0 
7f1fc8000000-7f1fc9079000 rw-p 00000000 00:00 0 
7f1fc9079000-7f1fcc000000 ---p 00000000 00:00 0 
7f1fcc000000-7f1fcc021000 rw-p 00000000 00:00 0 
7f1fcc021000-7f1fd0000000 ---p 00000000 00:00 0 
7f1fd0000000-7f1fd0021000 rw-p 00000000 00:00 0 
7f1fd0021000-7f1fd4000000 ---p 00000000 00:00 0 
7f1fd4000000-7f1fdc000000 rw-p 00000000 00:00 0 
7f1fdc000000-7f1fdc021000 rw-p 00000000 00:00 0 
7f1fdc021000-7f1fe0000000 ---p 00000000 00:00 0 
7f1fe0000000-7f1fe027d000 rw-p 00000000 00:00 0 
7f1fe027d000-7f1fe4000000 ---p 00000000 00:00 0 
7f1fe4000000-7f1fe4021000 rw-p 00000000 00:00 0 
7f1fe4021000-7f1fe8000000 ---p 00000000 00:00 0 
7f1fe8000000-7f1fe8021000 rw-p 00000000 00:00 0 
7f1fe8021000-7f1fec000000 ---p 00000000 00:00 0 
7f1fec000000-7f1fec021000 rw-p 00000000 00:00 0 
7f1fec021000-7f1ff0000000 ---p 00000000 00:00 0 
7f1ff05c0000-7f1ff05c3000 ---p 00000000 00:00 0 
7f1ff05c3000-7f1ff06c1000 rw-p 00000000 00:00 0 
7f1ff06c1000-7f1ff06c4000 ---p 00000000 00:00 0 
7f1ff06c4000-7f1ff07c2000 rw-p 00000000 00:00 0 
7f1ff07c2000-7f1ff07c5000 ---p 00000000 00:00 0 
7f1ff07c5000-7f1ff08c3000 rw-p 00000000 00:00 0 
7f1ff08c3000-7f1ff08c6000 ---p 00000000 00:00 0 
7f1ff08c6000-7f1ff09c4000 rw-p 00000000 00:00 0 
7f1ff09c4000-7f1ff09c7000 ---p 00000000 00:00 0 
7f1ff09c7000-7f1ff0ac5000 rw-p 00000000 00:00 0 
7f1ff0ac5000-7f1ff0ac6000 ---p 00000000 00:00 0 
7f1ff0ac6000-7f1ff0bc6000 rw-p 00000000 00:00 0 
7f1ff0bc6000-7f1ff0bc9000 ---p 00000000 00:00 0 
7f1ff0bc9000-7f1ff0cc7000 rw-p 00000000 00:00 0 
7f1ff0cc7000-7f1ff0cca000 ---p 00000000 00:00 0 
7f1ff0cca000-7f1ff0dc8000 rw-p 00000000 00:00 0 
7f1ff0dc8000-7f1ff0dcb000 ---p 00000000 00:00 0 
7f1ff0dcb000-7f1ff0ec9000 rw-p 00000000 00:00 0 
7f1ff0ec9000-7f1ff0ecc000 ---p 00000000 00:00 0 
7f1ff0ecc000-7f1ff0fca000 rw-p 00000000 00:00 0 
7f1ff0fca000-7f1ff0fcd000 ---p 00000000 00:00 0 
7f1ff0fcd000-7f1ff10cb000 rw-p 00000000 00:00 0 
7f1ff10cb000-7f1ff13a3000 r--p 00000000 08:01 1305777                    /usr/lib/locale/locale-archive
7f1ff13a3000-7f1ff13a6000 ---p 00000000 00:00 0 
7f1ff13a6000-7f1ff14a4000 rw-p 00000000 00:00 0 
7f1ff14a4000-7f1ff14a7000 ---p 00000000 00:00 0 
7f1ff14a7000-7f1ff15a5000 rw-p 00000000 00:00 0 
7f1ff15a5000-7f1ff15a6000 ---p 00000000 00:00 0 
7f1ff15a6000-7f1ff2686000 rw-p 00000000 00:00 0 
7f1ff2686000-7f1ff2853000 r--s 03bec000 08:05 267938                     /home/rockers/Android/android-studio/jre/jre/lib/rt.jar
7f1ff2853000-7f1ff2f49000 rw-p 00000000 00:00 0 
7f1ff2f49000-7f1ff30c9000 ---p 00000000 00:00 0 
7f1ff30c9000-7f1ff38c9000 rw-p 00000000 00:00 0 
7f1ff38c9000-7f1ff38ca000 ---p 00000000 00:00 0 
7f1ff38ca000-7f1ff39ca000 rw-p 00000000 00:00 0 
7f1ff39ca000-7f1ff39cb000 ---p 00000000 00:00 0 
7f1ff39cb000-7f1ff3acb000 rw-p 00000000 00:00 0 
7f1ff3acb000-7f1ff3acc000 ---p 00000000 00:00 0 
7f1ff3acc000-7f1ff3bcc000 rw-p 00000000 00:00 0 
7f1ff3bcc000-7f1ff3bcd000 ---p 00000000 00:00 0 
7f1ff3bcd000-7f1ff3cf7000 rw-p 00000000 00:00 0 
7f1ff3cf7000-7f1ff4223000 ---p 00000000 00:00 0 
7f1ff4223000-7f1ff424d000 rw-p 00000000 00:00 0 
7f1ff424d000-7f1ff4778000 ---p 00000000 00:00 0 
7f1ff4778000-7f1ff47bc000 rw-p 00000000 00:00 0 
7f1ff47bc000-7f1ff4a23000 ---p 00000000 00:00 0 
7f1ff4a23000-7f1ff4a3f000 rw-p 00000000 00:00 0 
7f1ff4a3f000-7f1ff4de4000 ---p 00000000 00:00 0 
7f1ff4de4000-7f1ff54a4000 rwxp 00000000 00:00 0 
7f1ff54a4000-7f2003de4000 ---p 00000000 00:00 0 
7f2003de4000-7f2003dfe000 r-xp 00000000 08:05 392929                     /home/rockers/Android/android-studio/jre/jre/lib/amd64/libzip.so
7f2003dfe000-7f2003ffe000 ---p 0001a000 08:05 392929                     /home/rockers/Android/android-studio/jre/jre/lib/amd64/libzip.so
7f2003ffe000-7f2003fff000 r--p 0001a000 08:05 392929                     /home/rockers/Android/android-studio/jre/jre/lib/amd64/libzip.so
7f2003fff000-7f2004000000 rw-p 0001b000 08:05 392929                     /home/rockers/Android/android-studio/jre/jre/lib/amd64/libzip.so
7f2004000000-7f2004382000 rw-p 00000000 00:00 0 
7f2004382000-7f2008000000 ---p 00000000 00:00 0 
7f2008002000-7f2008023000 rw-p 00000000 00:00 0 
7f2008023000-7f200802e000 r-xp 00000000 08:01 914156                     /lib/x86_64-linux-gnu/libnss_files-2.23.so
7f200802e000-7f200822d000 ---p 0000b000 08:01 914156                     /lib/x86_64-linux-gnu/libnss_files-2.23.so
7f200822d000-7f200822e000 r--p 0000a000 08:01 914156                     /lib/x86_64-linux-gnu/libnss_files-2.23.so
7f200822e000-7f200822f000 rw-p 0000b000 08:01 914156                     /lib/x86_64-linux-gnu/libnss_files-2.23.so
7f200822f000-7f2008235000 rw-p 00000000 00:00 0 
7f2008235000-7f2008240000 r-xp 00000000 08:01 914128                     /lib/x86_64-linux-gnu/libnss_nis-2.23.so
7f2008240000-7f200843f000 ---p 0000b000 08:01 914128                     /lib/x86_64-linux-gnu/libnss_nis-2.23.so
7f200843f000-7f2008440000 r--p 0000a000 08:01 914128                     /lib/x86_64-linux-gnu/libnss_nis-2.23.so
7f2008440000-7f2008441000 rw-p 0000b000 08:01 914128                     /lib/x86_64-linux-gnu/libnss_nis-2.23.so
7f2008441000-7f2008457000 r-xp 00000000 08:01 914150                     /lib/x86_64-linux-gnu/libnsl-2.23.so
7f2008457000-7f2008656000 ---p 00016000 08:01 914150                     /lib/x86_64-linux-gnu/libnsl-2.23.so
7f2008656000-7f2008657000 r--p 00015000 08:01 914150                     /lib/x86_64-linux-gnu/libnsl-2.23.so
7f2008657000-7f2008658000 rw-p 00016000 08:01 914150                     /lib/x86_64-linux-gnu/libnsl-2.23.so
7f2008658000-7f200865a000 rw-p 00000000 00:00 0 
7f200865a000-7f2008662000 r-xp 00000000 08:01 914152                     /lib/x86_64-linux-gnu/libnss_compat-2.23.so
7f2008662000-7f2008861000 ---p 00008000 08:01 914152                     /lib/x86_64-linux-gnu/libnss_compat-2.23.so
7f2008861000-7f2008862000 r--p 00007000 08:01 914152                     /lib/x86_64-linux-gnu/libnss_compat-2.23.so
7f2008862000-7f2008863000 rw-p 00008000 08:01 914152                     /lib/x86_64-linux-gnu/libnss_compat-2.23.so
7f2008863000-7f2008890000 r-xp 00000000 08:05 392919                     /home/rockers/Android/android-studio/jre/jre/lib/amd64/libjava.so
7f2008890000-7f2008a8f000 ---p 0002d000 08:05 392919                     /home/rockers/Android/android-studio/jre/jre/lib/amd64/libjava.so
7f2008a8f000-7f2008a90000 r--p 0002c000 08:05 392919                     /home/rockers/Android/android-studio/jre/jre/lib/amd64/libjava.so
7f2008a90000-7f2008a92000 rw-p 0002d000 08:05 392919                     /home/rockers/Android/android-studio/jre/jre/lib/amd64/libjava.so
7f2008a92000-7f2008aa2000 r-xp 00000000 08:05 392903                     /home/rockers/Android/android-studio/jre/jre/lib/amd64/libverify.so
7f2008aa2000-7f2008ca1000 ---p 00010000 08:05 392903                     /home/rockers/Android/android-studio/jre/jre/lib/amd64/libverify.so
7f2008ca1000-7f2008ca3000 r--p 0000f000 08:05 392903                     /home/rockers/Android/android-studio/jre/jre/lib/amd64/libverify.so
7f2008ca3000-7f2008ca4000 rw-p 00011000 08:05 392903                     /home/rockers/Android/android-studio/jre/jre/lib/amd64/libverify.so
7f2008ca4000-7f2008cab000 r-xp 00000000 08:01 914126                     /lib/x86_64-linux-gnu/librt-2.23.so
7f2008cab000-7f2008eaa000 ---p 00007000 08:01 914126                     /lib/x86_64-linux-gnu/librt-2.23.so
7f2008eaa000-7f2008eab000 r--p 00006000 08:01 914126                     /lib/x86_64-linux-gnu/librt-2.23.so
7f2008eab000-7f2008eac000 rw-p 00007000 08:01 914126                     /lib/x86_64-linux-gnu/librt-2.23.so
7f2008eac000-7f2008fb4000 r-xp 00000000 08:01 914146                     /lib/x86_64-linux-gnu/libm-2.23.so
7f2008fb4000-7f20091b3000 ---p 00108000 08:01 914146                     /lib/x86_64-linux-gnu/libm-2.23.so
7f20091b3000-7f20091b4000 r--p 00107000 08:01 914146                     /lib/x86_64-linux-gnu/libm-2.23.so
7f20091b4000-7f20091b5000 rw-p 00108000 08:01 914146                     /lib/x86_64-linux-gnu/libm-2.23.so
7f20091b5000-7f2009d9b000 r-xp 00000000 08:05 393245                     /home/rockers/Android/android-studio/jre/jre/lib/amd64/server/libjvm.so
7f2009d9b000-7f2009f9b000 ---p 00be6000 08:05 393245                     /home/rockers/Android/android-studio/jre/jre/lib/amd64/server/libjvm.so
7f2009f9b000-7f200a03a000 r--p 00be6000 08:05 393245                     /home/rockers/Android/android-studio/jre/jre/lib/amd64/server/libjvm.so
7f200a03a000-7f200a063000 rw-p 00c85000 08:05 393245                     /home/rockers/Android/android-studio/jre/jre/lib/amd64/server/libjvm.so
7f200a063000-7f200a0a5000 rw-p 00000000 00:00 0 
7f200a0a5000-7f200a0bd000 r-xp 00000000 08:01 914148                     /lib/x86_64-linux-gnu/libpthread-2.23.so
7f200a0bd000-7f200a2bc000 ---p 00018000 08:01 914148                     /lib/x86_64-linux-gnu/libpthread-2.23.so
7f200a2bc000-7f200a2bd000 r--p 00017000 08:01 914148                     /lib/x86_64-linux-gnu/libpthread-2.23.so
7f200a2bd000-7f200a2be000 rw-p 00018000 08:01 914148                     /lib/x86_64-linux-gnu/libpthread-2.23.so
7f200a2be000-7f200a2c2000 rw-p 00000000 00:00 0 
7f200a2c2000-7f200a2c5000 r-xp 00000000 08:01 914134                     /lib/x86_64-linux-gnu/libdl-2.23.so
7f200a2c5000-7f200a4c4000 ---p 00003000 08:01 914134                     /lib/x86_64-linux-gnu/libdl-2.23.so
7f200a4c4000-7f200a4c5000 r--p 00002000 08:01 914134                     /lib/x86_64-linux-gnu/libdl-2.23.so
7f200a4c5000-7f200a4c6000 rw-p 00003000 08:01 914134                     /lib/x86_64-linux-gnu/libdl-2.23.so
7f200a4c6000-7f200a685000 r-xp 00000000 08:01 914136                     /lib/x86_64-linux-gnu/libc-2.23.so
7f200a685000-7f200a885000 ---p 001bf000 08:01 914136                     /lib/x86_64-linux-gnu/libc-2.23.so
7f200a885000-7f200a889000 r--p 001bf000 08:01 914136                     /lib/x86_64-linux-gnu/libc-2.23.so
7f200a889000-7f200a88b000 rw-p 001c3000 08:01 914136                     /lib/x86_64-linux-gnu/libc-2.23.so
7f200a88b000-7f200a88f000 rw-p 00000000 00:00 0 
7f200a88f000-7f200a8a5000 r-xp 00000000 08:05 392968                     /home/rockers/Android/android-studio/jre/lib/amd64/jli/libjli.so
7f200a8a5000-7f200aaa4000 ---p 00016000 08:05 392968                     /home/rockers/Android/android-studio/jre/lib/amd64/jli/libjli.so
7f200aaa4000-7f200aaa5000 r--p 00015000 08:05 392968                     /home/rockers/Android/android-studio/jre/lib/amd64/jli/libjli.so
7f200aaa5000-7f200aaa6000 rw-p 00016000 08:05 392968                     /home/rockers/Android/android-studio/jre/lib/amd64/jli/libjli.so
7f200aaa6000-7f200aacc000 r-xp 00000000 08:01 914114                     /lib/x86_64-linux-gnu/ld-2.23.so
7f200aacf000-7f200aba2000 rw-p 00000000 00:00 0 
7f200aba2000-7f200aba5000 ---p 00000000 00:00 0 
7f200aba5000-7f200aca7000 rw-p 00000000 00:00 0 
7f200acb1000-7f200acbf000 r--s 000e0000 08:05 667306                     /home/rockers/Android/Sdk/build-tools/24.0.1/lib/dx.jar
7f200acbf000-7f200acc7000 rw-s 00000000 08:01 401987                     /tmp/hsperfdata_rockers/25442
7f200acc7000-7f200acc8000 rw-p 00000000 00:00 0 
7f200acc8000-7f200acc9000 ---p 00000000 00:00 0 
7f200acc9000-7f200accb000 rw-p 00000000 00:00 0 
7f200accb000-7f200accc000 r--p 00025000 08:01 914114                     /lib/x86_64-linux-gnu/ld-2.23.so
7f200accc000-7f200accd000 rw-p 00026000 08:01 914114                     /lib/x86_64-linux-gnu/ld-2.23.so
7f200accd000-7f200acce000 rw-p 00000000 00:00 0 
7ffdcb106000-7ffdcb129000 rw-p 00000000 00:00 0                          [stack]
7ffdcb17b000-7ffdcb17d000 r--p 00000000 00:00 0                          [vvar]
7ffdcb17d000-7ffdcb17f000 r-xp 00000000 00:00 0                          [vdso]
ffffffffff600000-ffffffffff601000 r-xp 00000000 00:00 0                  [vsyscall]

VM Arguments:
jvm_args: -Djava.awt.headless=true -Xmx4g -Dfile.encoding=UTF-8 -Duser.country=IN -Duser.language=en -Duser.variant 
java_command: com.android.dx.command.Main --dex --num-threads=4 --output /home/rockers/Rutvik/Reward/Reward/app/build/intermediates/transforms/dex/reward/debug/folders/1000/1f/main /home/rockers/Rutvik/Reward/Reward/app/build/intermediates/exploded-aar/com.digits.sdk.android/digits/1.11.1/jars/classes.jar /home/rockers/Rutvik/Reward/Reward/app/build/intermediates/exploded-aar/io.fabric.sdk.android/fabric/1.3.12/jars/classes.jar /home/rockers/Rutvik/Reward/Reward/app/build/intermediates/exploded-aar/com.android.support/appcompat-v7/25.0.0/jars/classes.jar /home/rockers/Rutvik/Reward/Reward/app/build/intermediates/exploded-aar/com.android.support/support-compat/25.0.0/jars/classes.jar /home/rockers/Rutvik/Reward/Reward/app/build/intermediates/exploded-aar/com.twitter.sdk.android/twitter-core/1.7.0/jars/classes.jar /home/rockers/Rutvik/Reward/Reward/app/libs/httpmime-4.5.2.jar /home/rockers/.gradle/caches/modules-2/files-2.1/com.twitter/twitter-text/1.13.0/78415b95ae3184c5926d593feab64bfc0b73b2dd/twitter-text-1.13.0.jar /home/rockers/Rutvik/Reward/Reward/app/build/intermediates/exploded-aar/com.facebook.android/facebook-android-sdk/4.19.0/jars/classes.jar /home/rockers/.gradle/caches/modules-2/files-2.1/com.squareup.picasso/picasso/2.5.2/7446d06ec8d4f7ffcc53f1da37c95f200dcb9387/picasso-2.5.2.jar /home/rockers/Rutvik/Reward/Reward/app/build/intermediates/exploded-aar/com.android.support/support-compat/25.0.0/jars/libs/internal_impl-25.0.0.jar /home/rockers/Rutvik/Reward/Reward/app/build/intermediates/exploded-aar/com.twitter.sdk.android/twitter/1.14.1/jars/classes.jar /home/rockers/Rutvik/Reward/Reward/app/build/intermediates/exploded-aar/com.android.support/support-core-utils/25.0.0/jars/libs/internal_impl-25.0.0.jar /home/rockers/Rutvik/Reward/Reward/app/build/intermediates/exploded-aar/com.android.support/customtabs/25.0.0/jars/classes.jar /home/rockers/Rutvik/Reward/Reward/app/build/intermediates/exploded-aar/com.android.support/support-vector-drawable/25.0.0/jars
java_class_path (initial): /home/rockers/Android/Sdk/build-tools/24.0.1/lib/dx.jar
Launcher Type: SUN_STANDARD

Environment Variables:
PATH=/home/rockers/bin:/home/rockers/.local/bin:/usr/local/sbin:/usr/local/bin:/usr/sbin:/usr/bin:/sbin:/bin:/usr/games:/usr/local/games:/snap/bin
LD_LIBRARY_PATH=./android-studio/bin:
SHELL=/bin/bash
DISPLAY=:0

Signal Handlers:
SIGSEGV: [libjvm.so+0x9daac0], sa_mask[0]=11111111011111111101111111111110, sa_flags=SA_RESTART|SA_SIGINFO
SIGBUS: [libjvm.so+0x9daac0], sa_mask[0]=11111111011111111101111111111110, sa_flags=SA_RESTART|SA_SIGINFO
SIGFPE: [libjvm.so+0x840d90], sa_mask[0]=11111111011111111101111111111110, sa_flags=SA_RESTART|SA_SIGINFO
SIGPIPE: [libjvm.so+0x840d90], sa_mask[0]=11111111011111111101111111111110, sa_flags=SA_RESTART|SA_SIGINFO
SIGXFSZ: [libjvm.so+0x840d90], sa_mask[0]=11111111011111111101111111111110, sa_flags=SA_RESTART|SA_SIGINFO
SIGILL: [libjvm.so+0x840d90], sa_mask[0]=11111111011111111101111111111110, sa_flags=SA_RESTART|SA_SIGINFO
SIGUSR1: SIG_DFL, sa_mask[0]=00000000000000000000000000000000, sa_flags=none
SIGUSR2: [libjvm.so+0x840c60], sa_mask[0]=00100000000000000000000000000000, sa_flags=SA_RESTART|SA_SIGINFO
SIGHUP: [libjvm.so+0x840e50], sa_mask[0]=11111111011111111101111111111110, sa_flags=SA_RESTART|SA_SIGINFO
SIGINT: [libjvm.so+0x840e50], sa_mask[0]=11111111011111111101111111111110, sa_flags=SA_RESTART|SA_SIGINFO
SIGTERM: [libjvm.so+0x840e50], sa_mask[0]=11111111011111111101111111111110, sa_flags=SA_RESTART|SA_SIGINFO
SIGQUIT: [libjvm.so+0x840e50], sa_mask[0]=11111111011111111101111111111110, sa_flags=SA_RESTART|SA_SIGINFO


---------------  S Y S T E M  ---------------

OS:DISTRIB_ID=Ubuntu
DISTRIB_RELEASE=16.04
DISTRIB_CODENAME=xenial
DISTRIB_DESCRIPTION="Ubuntu 16.04.1 LTS"

uname:Linux 4.4.0-64-generic #85-Ubuntu SMP Mon Feb 20 11:50:30 UTC 2017 x86_64
libc:glibc 2.23 NPTL 2.23 
rlimit: STACK 8192k, CORE 0k, NPROC 31131, NOFILE 65536, AS infinity
load average:2.02 1.74 2.78

/proc/meminfo:
MemTotal:        8009940 kB
MemFree:          134576 kB
MemAvailable:      73252 kB
Buffers:            2508 kB
Cached:           517912 kB
SwapCached:            0 kB
Active:          7220560 kB
Inactive:         431080 kB
Active(anon):    7175700 kB
Inactive(anon):   386356 kB
Active(file):      44860 kB
Inactive(file):    44724 kB
Unevictable:         172 kB
Mlocked:             172 kB
SwapTotal:             0 kB
SwapFree:              0 kB
Dirty:             20428 kB
Writeback:             0 kB
AnonPages:       7130924 kB
Mapped:           196488 kB
Shmem:            431420 kB
Slab:             107204 kB
SReclaimable:      57652 kB
SUnreclaim:        49552 kB
KernelStack:       14384 kB
PageTables:        60532 kB
NFS_Unstable:          0 kB
Bounce:                0 kB
WritebackTmp:          0 kB
CommitLimit:     4004968 kB
Committed_AS:   13160016 kB
VmallocTotal:   34359738367 kB
VmallocUsed:           0 kB
VmallocChunk:          0 kB
HardwareCorrupted:     0 kB
AnonHugePages:   3768320 kB
CmaTotal:              0 kB
CmaFree:               0 kB
HugePages_Total:       0
HugePages_Free:        0
HugePages_Rsvd:        0
HugePages_Surp:        0
Hugepagesize:       2048 kB
DirectMap4k:      213744 kB
DirectMap2M:     8007680 kB


CPU:total 4 (2 cores per cpu, 2 threads per core) family 6 model 58 stepping 9, cmov, cx8, fxsr, mmx, sse, sse2, sse3, ssse3, sse4.1, sse4.2, popcnt, avx, clmul, erms, ht, tsc, tscinvbit, tscinv

/proc/cpuinfo:
processor	: 0
vendor_id	: GenuineIntel
cpu family	: 6
model		: 58
model name	: Intel(R) Core(TM) i3-3210 CPU @ 3.20GHz
stepping	: 9
microcode	: 0x15
cpu MHz		: 3200.125
cache size	: 3072 KB
physical id	: 0
siblings	: 4
core id		: 0
cpu cores	: 2
apicid		: 0
initial apicid	: 0
fpu		: yes
fpu_exception	: yes
cpuid level	: 13
wp		: yes
flags		: fpu vme de pse tsc msr pae mce cx8 apic sep mtrr pge mca cmov pat pse36 clflush dts acpi mmx fxsr sse sse2 ss ht tm pbe syscall nx rdtscp lm constant_tsc arch_perfmon pebs bts rep_good nopl xtopology nonstop_tsc aperfmperf eagerfpu pni pclmulqdq dtes64 monitor ds_cpl vmx est tm2 ssse3 cx16 xtpr pdcm pcid sse4_1 sse4_2 popcnt tsc_deadline_timer xsave avx f16c lahf_lm epb tpr_shadow vnmi flexpriority ept vpid fsgsbase smep erms xsaveopt dtherm arat pln pts
bugs		:
bogomips	: 6385.66
clflush size	: 64
cache_alignment	: 64
address sizes	: 36 bits physical, 48 bits virtual
power management:

processor	: 1
vendor_id	: GenuineIntel
cpu family	: 6
model		: 58
model name	: Intel(R) Core(TM) i3-3210 CPU @ 3.20GHz
stepping	: 9
microcode	: 0x15
cpu MHz		: 3199.875
cache size	: 3072 KB
physical id	: 0
siblings	: 4
core id		: 1
cpu cores	: 2
apicid		: 2
initial apicid	: 2
fpu		: yes
fpu_exception	: yes
cpuid level	: 13
wp		: yes
flags		: fpu vme de pse tsc msr pae mce cx8 apic sep mtrr pge mca cmov pat pse36 clflush dts acpi mmx fxsr sse sse2 ss ht tm pbe syscall nx rdtscp lm constant_tsc arch_perfmon pebs bts rep_good nopl xtopology nonstop_tsc aperfmperf eagerfpu pni pclmulqdq dtes64 monitor ds_cpl vmx est tm2 ssse3 cx16 xtpr pdcm pcid sse4_1 sse4_2 popcnt tsc_deadline_timer xsave avx f16c lahf_lm epb tpr_shadow vnmi flexpriority ept vpid fsgsbase smep erms xsaveopt dtherm arat pln pts
bugs		:
bogomips	: 6385.66
clflush size	: 64
cache_alignment	: 64
address sizes	: 36 bits physical, 48 bits virtual
power management:

processor	: 2
vendor_id	: GenuineIntel
cpu family	: 6
model		: 58
model name	: Intel(R) Core(TM) i3-3210 CPU @ 3.20GHz
stepping	: 9
microcode	: 0x15
cpu MHz		: 3200.000
cache size	: 3072 KB
physical id	: 0
siblings	: 4
core id		: 0
cpu cores	: 2
apicid		: 1
initial apicid	: 1
fpu		: yes
fpu_exception	: yes
cpuid level	: 13
wp		: yes
flags		: fpu vme de pse tsc msr pae mce cx8 apic sep mtrr pge mca cmov pat pse36 clflush dts acpi mmx fxsr sse sse2 ss ht tm pbe syscall nx rdtscp lm constant_tsc arch_perfmon pebs bts rep_good nopl xtopology nonstop_tsc aperfmperf eagerfpu pni pclmulqdq dtes64 monitor ds_cpl vmx est tm2 ssse3 cx16 xtpr pdcm pcid sse4_1 sse4_2 popcnt tsc_deadline_timer xsave avx f16c lahf_lm epb tpr_shadow vnmi flexpriority ept vpid fsgsbase smep erms xsaveopt dtherm arat pln pts
bugs		:
bogomips	: 6385.66
clflush size	: 64
cache_alignment	: 64
address sizes	: 36 bits physical, 48 bits virtual
power management:

processor	: 3
vendor_id	: GenuineIntel
cpu family	: 6
model		: 58
model name	: Intel(R) Core(TM) i3-3210 CPU @ 3.20GHz
stepping	: 9
microcode	: 0x15
cpu MHz		: 3199.875
cache size	: 3072 KB
physical id	: 0
siblings	: 4
core id		: 1
cpu cores	: 2
apicid		: 3
initial apicid	: 3
fpu		: yes
fpu_exception	: yes
cpuid level	: 13
wp		: yes
flags		: fpu vme de pse tsc msr pae mce cx8 apic sep mtrr pge mca cmov pat pse36 clflush dts acpi mmx fxsr sse sse2 ss ht tm pbe syscall nx rdtscp lm constant_tsc arch_perfmon pebs bts rep_good nopl xtopology nonstop_tsc aperfmperf eagerfpu pni pclmulqdq dtes64 monitor ds_cpl vmx est tm2 ssse3 cx16 xtpr pdcm pcid sse4_1 sse4_2 popcnt tsc_deadline_timer xsave avx f16c lahf_lm epb tpr_shadow vnmi flexpriority ept vpid fsgsbase smep erms xsaveopt dtherm arat pln pts
bugs		:
bogomips	: 6385.66
clflush size	: 64
cache_alignment	: 64
address sizes	: 36 bits physical, 48 bits virtual
power management:



Memory: 4k page, physical 8009940k(134576k free), swap 0k(0k free)

vm_info: OpenJDK 64-Bit Server VM (25.76-b03) for linux-amd64 JRE (1.8.0_76-release-b03), built on Jun 29 2016 09:39:19 by "builder" with gcc 4.8.4

time: Wed Mar  1 12:21:32 2017
elapsed time: 4 seconds (0d 0h 0m 4s)

